{"numFailedTestSuites":0,"numFailedTests":0,"numPassedTestSuites":1,"numPassedTests":29,"numPendingTestSuites":0,"numPendingTests":0,"numRuntimeErrorTestSuites":0,"numTodoTests":0,"numTotalTestSuites":1,"numTotalTests":29,"openHandles":[],"snapshot":{"added":0,"didUpdate":false,"failure":false,"filesAdded":0,"filesRemoved":0,"filesRemovedList":[],"filesUnmatched":0,"filesUpdated":0,"matched":0,"total":0,"unchecked":0,"uncheckedKeysByFile":[],"unmatched":0,"updated":0},"startTime":1771611078616,"success":true,"testResults":[{"assertionResults":[{"ancestorTitles":["MobilePlayerService","setupPlayer"],"duration":4,"failureDetails":[],"failureMessages":[],"fullName":"MobilePlayerService setupPlayer should initialize and set volume","invocations":1,"location":null,"numPassingAsserts":2,"retryReasons":[],"status":"passed","title":"should initialize and set volume"},{"ancestorTitles":["MobilePlayerService","setupPlayer"],"duration":0,"failureDetails":[],"failureMessages":[],"fullName":"MobilePlayerService setupPlayer should skip if already initialized","invocations":1,"location":null,"numPassingAsserts":1,"retryReasons":[],"status":"passed","title":"should skip if already initialized"},{"ancestorTitles":["MobilePlayerService","setupPlayer"],"duration":0,"failureDetails":[],"failureMessages":[],"fullName":"MobilePlayerService setupPlayer should skip setting volume if setup fails","invocations":1,"location":null,"numPassingAsserts":1,"retryReasons":[],"status":"passed","title":"should skip setting volume if setup fails"},{"ancestorTitles":["MobilePlayerService","playback controls"],"duration":0,"failureDetails":[],"failureMessages":[],"fullName":"MobilePlayerService playback controls should pause playback","invocations":1,"location":null,"numPassingAsserts":2,"retryReasons":[],"status":"passed","title":"should pause playback"},{"ancestorTitles":["MobilePlayerService","playback controls"],"duration":0,"failureDetails":[],"failureMessages":[],"fullName":"MobilePlayerService playback controls should stop playback","invocations":1,"location":null,"numPassingAsserts":3,"retryReasons":[],"status":"passed","title":"should stop playback"},{"ancestorTitles":["MobilePlayerService","playback controls"],"duration":1,"failureDetails":[],"failureMessages":[],"fullName":"MobilePlayerService playback controls should seek to position","invocations":1,"location":null,"numPassingAsserts":2,"retryReasons":[],"status":"passed","title":"should seek to position"},{"ancestorTitles":["MobilePlayerService","playback controls"],"duration":0,"failureDetails":[],"failureMessages":[],"fullName":"MobilePlayerService playback controls should set volume and persist it","invocations":1,"location":null,"numPassingAsserts":3,"retryReasons":[],"status":"passed","title":"should set volume and persist it"},{"ancestorTitles":["MobilePlayerService","playback controls"],"duration":1,"failureDetails":[],"failureMessages":[],"fullName":"MobilePlayerService playback controls should toggle shuffle","invocations":1,"location":null,"numPassingAsserts":1,"retryReasons":[],"status":"passed","title":"should toggle shuffle"},{"ancestorTitles":["MobilePlayerService","playback controls"],"duration":0,"failureDetails":[],"failureMessages":[],"fullName":"MobilePlayerService playback controls should set repeat mode","invocations":1,"location":null,"numPassingAsserts":1,"retryReasons":[],"status":"passed","title":"should set repeat mode"},{"ancestorTitles":["MobilePlayerService","play() logic"],"duration":0,"failureDetails":[],"failureMessages":[],"fullName":"MobilePlayerService play() logic should resume if paused","invocations":1,"location":null,"numPassingAsserts":2,"retryReasons":[],"status":"passed","title":"should resume if paused"},{"ancestorTitles":["MobilePlayerService","play() logic"],"duration":37,"failureDetails":[],"failureMessages":[],"fullName":"MobilePlayerService play() logic should replay current track if stopped","invocations":1,"location":null,"numPassingAsserts":2,"retryReasons":[],"status":"passed","title":"should replay current track if stopped"},{"ancestorTitles":["MobilePlayerService","play() logic"],"duration":4,"failureDetails":[],"failureMessages":[],"fullName":"MobilePlayerService play() logic should play from queue if no current track","invocations":1,"location":null,"numPassingAsserts":3,"retryReasons":[],"status":"passed","title":"should play from queue if no current track"},{"ancestorTitles":["MobilePlayerService","next / previous navigation"],"duration":8,"failureDetails":[],"failureMessages":[],"fullName":"MobilePlayerService next / previous navigation should go to next track","invocations":1,"location":null,"numPassingAsserts":1,"retryReasons":[],"status":"passed","title":"should go to next track"},{"ancestorTitles":["MobilePlayerService","next / previous navigation"],"duration":3,"failureDetails":[],"failureMessages":[],"fullName":"MobilePlayerService next / previous navigation should pick random next if shuffled","invocations":1,"location":null,"numPassingAsserts":1,"retryReasons":[],"status":"passed","title":"should pick random next if shuffled"},{"ancestorTitles":["MobilePlayerService","next / previous navigation"],"duration":1,"failureDetails":[],"failureMessages":[],"fullName":"MobilePlayerService next / previous navigation should stop if at end of queue","invocations":1,"location":null,"numPassingAsserts":1,"retryReasons":[],"status":"passed","title":"should stop if at end of queue"},{"ancestorTitles":["MobilePlayerService","next / previous navigation"],"duration":1,"failureDetails":[],"failureMessages":[],"fullName":"MobilePlayerService next / previous navigation should loop to start if at end and repeat all","invocations":1,"location":null,"numPassingAsserts":1,"retryReasons":[],"status":"passed","title":"should loop to start if at end and repeat all"},{"ancestorTitles":["MobilePlayerService","next / previous navigation"],"duration":1,"failureDetails":[],"failureMessages":[],"fullName":"MobilePlayerService next / previous navigation should go to previous track or beginning if current time > 3","invocations":1,"location":null,"numPassingAsserts":1,"retryReasons":[],"status":"passed","title":"should go to previous track or beginning if current time > 3"},{"ancestorTitles":["MobilePlayerService","next / previous navigation"],"duration":0,"failureDetails":[],"failureMessages":[],"fullName":"MobilePlayerService next / previous navigation should go to actual previous track if time <= 3","invocations":1,"location":null,"numPassingAsserts":1,"retryReasons":[],"status":"passed","title":"should go to actual previous track if time <= 3"},{"ancestorTitles":["MobilePlayerService","next / previous navigation"],"duration":0,"failureDetails":[],"failureMessages":[],"fullName":"MobilePlayerService next / previous navigation should loop back to end if at start and repeat all","invocations":1,"location":null,"numPassingAsserts":1,"retryReasons":[],"status":"passed","title":"should loop back to end if at start and repeat all"},{"ancestorTitles":["MobilePlayerService","handleTrackEnd"],"duration":1,"failureDetails":[],"failureMessages":[],"fullName":"MobilePlayerService handleTrackEnd should seek to 0 and play if repeat mode is one","invocations":1,"location":null,"numPassingAsserts":2,"retryReasons":[],"status":"passed","title":"should seek to 0 and play if repeat mode is one"},{"ancestorTitles":["MobilePlayerService","handleTrackEnd"],"duration":2,"failureDetails":[],"failureMessages":[],"fullName":"MobilePlayerService handleTrackEnd should call next if repeat mode is off","invocations":1,"location":null,"numPassingAsserts":1,"retryReasons":[],"status":"passed","title":"should call next if repeat mode is off"},{"ancestorTitles":["MobilePlayerService","loadTrack"],"duration":2,"failureDetails":[],"failureMessages":[],"fullName":"MobilePlayerService loadTrack should load track if streamUrl exists","invocations":1,"location":null,"numPassingAsserts":3,"retryReasons":[],"status":"passed","title":"should load track if streamUrl exists"},{"ancestorTitles":["MobilePlayerService","loadTrack"],"duration":1,"failureDetails":[],"failureMessages":[],"fullName":"MobilePlayerService loadTrack should seek to initialPosition if provided","invocations":1,"location":null,"numPassingAsserts":1,"retryReasons":[],"status":"passed","title":"should seek to initialPosition if provided"},{"ancestorTitles":["MobilePlayerService","loadTrack"],"duration":5,"failureDetails":[],"failureMessages":[],"fullName":"MobilePlayerService loadTrack should fetch stream url for radio show","invocations":1,"location":null,"numPassingAsserts":3,"retryReasons":[],"status":"passed","title":"should fetch stream url for radio show"},{"ancestorTitles":["MobilePlayerService","loadTrack"],"duration":3,"failureDetails":[],"failureMessages":[],"fullName":"MobilePlayerService loadTrack should fetch album details to find stream url","invocations":1,"location":null,"numPassingAsserts":2,"retryReasons":[],"status":"passed","title":"should fetch album details to find stream url"},{"ancestorTitles":["MobilePlayerService","loadTrack"],"duration":1,"failureDetails":[],"failureMessages":[],"fullName":"MobilePlayerService loadTrack should fall back to single track if name mismatch but only 1 track","invocations":1,"location":null,"numPassingAsserts":2,"retryReasons":[],"status":"passed","title":"should fall back to single track if name mismatch but only 1 track"},{"ancestorTitles":["MobilePlayerService","loadTrack"],"duration":5,"failureDetails":[],"failureMessages":[],"fullName":"MobilePlayerService loadTrack should fail and set error if stream not found","invocations":1,"location":null,"numPassingAsserts":2,"retryReasons":[],"status":"passed","title":"should fail and set error if stream not found"},{"ancestorTitles":["MobilePlayerService","loadTrack"],"duration":13,"failureDetails":[],"failureMessages":[],"fullName":"MobilePlayerService loadTrack should fail and set error on exception","invocations":1,"location":null,"numPassingAsserts":2,"retryReasons":[],"status":"passed","title":"should fail and set error on exception"},{"ancestorTitles":["MobilePlayerService","loadTrack"],"duration":1,"failureDetails":[],"failureMessages":[],"fullName":"MobilePlayerService loadTrack should clean up old queue if pushing to non-empty player queue","invocations":1,"location":null,"numPassingAsserts":2,"retryReasons":[],"status":"passed","title":"should clean up old queue if pushing to non-empty player queue"}],"endTime":1771611079903,"message":"","name":"D:\\eremef\\Documents\\AI\\antigravity\\Bandcamp-player\\mobile\\__tests__\\MobilePlayerService.test.ts","startTime":1771611078827,"status":"passed","summary":""}],"wasInterrupted":false,"coverageMap":{"D:\\eremef\\Documents\\AI\\antigravity\\Bandcamp-player\\mobile\\services\\WebSocketService.ts":{"path":"D:\\eremef\\Documents\\AI\\antigravity\\Bandcamp-player\\mobile\\services\\WebSocketService.ts","statementMap":{"0":{"start":{"line":6,"column":35},"end":{"line":6,"column":39}},"1":{"start":{"line":7,"column":33},"end":{"line":7,"column":37}},"2":{"start":{"line":8,"column":58},"end":{"line":8,"column":60}},"3":{"start":{"line":9,"column":55},"end":{"line":9,"column":59}},"4":{"start":{"line":10,"column":33},"end":{"line":10,"column":38}},"5":{"start":{"line":13,"column":8},"end":{"line":13,"column":42}},"6":{"start":{"line":14,"column":8},"end":{"line":14,"column":40}},"7":{"start":{"line":15,"column":8},"end":{"line":15,"column":29}},"8":{"start":{"line":19,"column":8},"end":{"line":19,"column":30}},"9":{"start":{"line":19,"column":23},"end":{"line":19,"column":30}},"10":{"start":{"line":22,"column":8},"end":{"line":22,"column":29}},"11":{"start":{"line":24,"column":8},"end":{"line":28,"column":9}},"12":{"start":{"line":27,"column":12},"end":{"line":27,"column":28}},"13":{"start":{"line":30,"column":8},"end":{"line":30,"column":49}},"14":{"start":{"line":31,"column":23},"end":{"line":31,"column":46}},"15":{"start":{"line":32,"column":8},"end":{"line":32,"column":25}},"16":{"start":{"line":33,"column":33},"end":{"line":33,"column":38}},"17":{"start":{"line":35,"column":8},"end":{"line":40,"column":10}},"18":{"start":{"line":36,"column":12},"end":{"line":36,"column":43}},"19":{"start":{"line":36,"column":36},"end":{"line":36,"column":43}},"20":{"start":{"line":37,"column":12},"end":{"line":37,"column":52}},"21":{"start":{"line":38,"column":12},"end":{"line":38,"column":33}},"22":{"start":{"line":39,"column":12},"end":{"line":39,"column":56}},"23":{"start":{"line":42,"column":8},"end":{"line":59,"column":10}},"24":{"start":{"line":43,"column":12},"end":{"line":43,"column":43}},"25":{"start":{"line":43,"column":36},"end":{"line":43,"column":43}},"26":{"start":{"line":44,"column":12},"end":{"line":58,"column":13}},"27":{"start":{"line":45,"column":32},"end":{"line":45,"column":54}},"28":{"start":{"line":46,"column":16},"end":{"line":54,"column":17}},"29":{"start":{"line":47,"column":20},"end":{"line":47,"column":65}},"30":{"start":{"line":48,"column":20},"end":{"line":48,"column":51}},"31":{"start":{"line":49,"column":20},"end":{"line":49,"column":46}},"32":{"start":{"line":50,"column":20},"end":{"line":50,"column":41}},"33":{"start":{"line":51,"column":20},"end":{"line":51,"column":35}},"34":{"start":{"line":52,"column":20},"end":{"line":52,"column":73}},"35":{"start":{"line":53,"column":20},"end":{"line":53,"column":27}},"36":{"start":{"line":55,"column":16},"end":{"line":55,"column":57}},"37":{"start":{"line":57,"column":16},"end":{"line":57,"column":60}},"38":{"start":{"line":61,"column":8},"end":{"line":73,"column":10}},"39":{"start":{"line":62,"column":12},"end":{"line":62,"column":43}},"40":{"start":{"line":62,"column":36},"end":{"line":62,"column":43}},"41":{"start":{"line":63,"column":12},"end":{"line":63,"column":38}},"42":{"start":{"line":66,"column":12},"end":{"line":72,"column":13}},"43":{"start":{"line":67,"column":16},"end":{"line":67,"column":44}},"44":{"start":{"line":68,"column":16},"end":{"line":68,"column":88}},"45":{"start":{"line":69,"column":16},"end":{"line":71,"column":17}},"46":{"start":{"line":70,"column":20},"end":{"line":70,"column":42}},"47":{"start":{"line":75,"column":8},"end":{"line":80,"column":10}},"48":{"start":{"line":76,"column":12},"end":{"line":76,"column":70}},"49":{"start":{"line":76,"column":63},"end":{"line":76,"column":70}},"50":{"start":{"line":77,"column":12},"end":{"line":79,"column":13}},"51":{"start":{"line":78,"column":16},"end":{"line":78,"column":52}},"52":{"start":{"line":84,"column":8},"end":{"line":88,"column":9}},"53":{"start":{"line":85,"column":12},"end":{"line":85,"column":60}},"54":{"start":{"line":87,"column":12},"end":{"line":87,"column":71}},"55":{"start":{"line":92,"column":8},"end":{"line":92,"column":73}},"56":{"start":{"line":96,"column":8},"end":{"line":98,"column":9}},"57":{"start":{"line":97,"column":12},"end":{"line":97,"column":38}},"58":{"start":{"line":99,"column":8},"end":{"line":99,"column":43}},"59":{"start":{"line":100,"column":8},"end":{"line":100,"column":45}},"60":{"start":{"line":100,"column":21},"end":{"line":100,"column":44}},"61":{"start":{"line":104,"column":8},"end":{"line":104,"column":42}},"62":{"start":{"line":104,"column":35},"end":{"line":104,"column":42}},"63":{"start":{"line":105,"column":8},"end":{"line":105,"column":79}},"64":{"start":{"line":105,"column":64},"end":{"line":105,"column":77}},"65":{"start":{"line":109,"column":8},"end":{"line":111,"column":9}},"66":{"start":{"line":110,"column":12},"end":{"line":110,"column":58}},"67":{"start":{"line":110,"column":46},"end":{"line":110,"column":56}},"68":{"start":{"line":115,"column":8},"end":{"line":115,"column":43}},"69":{"start":{"line":115,"column":36},"end":{"line":115,"column":43}},"70":{"start":{"line":116,"column":8},"end":{"line":116,"column":50}},"71":{"start":{"line":117,"column":8},"end":{"line":120,"column":17}},"72":{"start":{"line":118,"column":12},"end":{"line":118,"column":51}},"73":{"start":{"line":119,"column":12},"end":{"line":119,"column":33}},"74":{"start":{"line":124,"column":8},"end":{"line":127,"column":9}},"75":{"start":{"line":125,"column":12},"end":{"line":125,"column":50}},"76":{"start":{"line":126,"column":12},"end":{"line":126,"column":42}},"77":{"start":{"line":131,"column":8},"end":{"line":131,"column":39}},"78":{"start":{"line":132,"column":8},"end":{"line":132,"column":29}},"79":{"start":{"line":133,"column":8},"end":{"line":136,"column":9}},"80":{"start":{"line":134,"column":12},"end":{"line":134,"column":28}},"81":{"start":{"line":135,"column":12},"end":{"line":135,"column":27}},"82":{"start":{"line":144,"column":32},"end":{"line":144,"column":54}}},"fnMap":{"0":{"name":"(anonymous_0)","decl":{"start":{"line":12,"column":4},"end":{"line":12,"column":5}},"loc":{"start":{"line":12,"column":47},"end":{"line":16,"column":5}},"line":12},"1":{"name":"(anonymous_1)","decl":{"start":{"line":18,"column":4},"end":{"line":18,"column":5}},"loc":{"start":{"line":18,"column":28},"end":{"line":81,"column":5}},"line":18},"2":{"name":"(anonymous_2)","decl":{"start":{"line":35,"column":24},"end":{"line":35,"column":25}},"loc":{"start":{"line":35,"column":30},"end":{"line":40,"column":9}},"line":35},"3":{"name":"(anonymous_3)","decl":{"start":{"line":42,"column":27},"end":{"line":42,"column":28}},"loc":{"start":{"line":42,"column":38},"end":{"line":59,"column":9}},"line":42},"4":{"name":"(anonymous_4)","decl":{"start":{"line":61,"column":25},"end":{"line":61,"column":26}},"loc":{"start":{"line":61,"column":31},"end":{"line":73,"column":9}},"line":61},"5":{"name":"(anonymous_5)","decl":{"start":{"line":75,"column":25},"end":{"line":75,"column":26}},"loc":{"start":{"line":75,"column":32},"end":{"line":80,"column":9}},"line":75},"6":{"name":"(anonymous_6)","decl":{"start":{"line":83,"column":4},"end":{"line":83,"column":5}},"loc":{"start":{"line":83,"column":38},"end":{"line":89,"column":5}},"line":83},"7":{"name":"(anonymous_7)","decl":{"start":{"line":91,"column":4},"end":{"line":91,"column":5}},"loc":{"start":{"line":91,"column":18},"end":{"line":93,"column":5}},"line":91},"8":{"name":"(anonymous_8)","decl":{"start":{"line":95,"column":4},"end":{"line":95,"column":5}},"loc":{"start":{"line":95,"column":46},"end":{"line":101,"column":5}},"line":95},"9":{"name":"(anonymous_9)","decl":{"start":{"line":100,"column":15},"end":{"line":100,"column":16}},"loc":{"start":{"line":100,"column":21},"end":{"line":100,"column":44}},"line":100},"10":{"name":"(anonymous_10)","decl":{"start":{"line":103,"column":4},"end":{"line":103,"column":5}},"loc":{"start":{"line":103,"column":47},"end":{"line":106,"column":5}},"line":103},"11":{"name":"(anonymous_11)","decl":{"start":{"line":105,"column":59},"end":{"line":105,"column":60}},"loc":{"start":{"line":105,"column":64},"end":{"line":105,"column":77}},"line":105},"12":{"name":"(anonymous_12)","decl":{"start":{"line":108,"column":4},"end":{"line":108,"column":5}},"loc":{"start":{"line":108,"column":47},"end":{"line":112,"column":5}},"line":108},"13":{"name":"(anonymous_13)","decl":{"start":{"line":110,"column":41},"end":{"line":110,"column":42}},"loc":{"start":{"line":110,"column":46},"end":{"line":110,"column":56}},"line":110},"14":{"name":"(anonymous_14)","decl":{"start":{"line":114,"column":4},"end":{"line":114,"column":5}},"loc":{"start":{"line":114,"column":29},"end":{"line":121,"column":5}},"line":114},"15":{"name":"(anonymous_15)","decl":{"start":{"line":117,"column":45},"end":{"line":117,"column":46}},"loc":{"start":{"line":117,"column":51},"end":{"line":120,"column":9}},"line":117},"16":{"name":"(anonymous_16)","decl":{"start":{"line":123,"column":4},"end":{"line":123,"column":5}},"loc":{"start":{"line":123,"column":28},"end":{"line":128,"column":5}},"line":123},"17":{"name":"(anonymous_17)","decl":{"start":{"line":130,"column":4},"end":{"line":130,"column":5}},"loc":{"start":{"line":130,"column":17},"end":{"line":141,"column":5}},"line":130}},"branchMap":{"0":{"loc":{"start":{"line":12,"column":26},"end":{"line":12,"column":45}},"type":"default-arg","locations":[{"start":{"line":12,"column":41},"end":{"line":12,"column":45}}],"line":12},"1":{"loc":{"start":{"line":19,"column":8},"end":{"line":19,"column":30}},"type":"if","locations":[{"start":{"line":19,"column":8},"end":{"line":19,"column":30}},{"start":{},"end":{}}],"line":19},"2":{"loc":{"start":{"line":24,"column":8},"end":{"line":28,"column":9}},"type":"if","locations":[{"start":{"line":24,"column":8},"end":{"line":28,"column":9}},{"start":{},"end":{}}],"line":24},"3":{"loc":{"start":{"line":36,"column":12},"end":{"line":36,"column":43}},"type":"if","locations":[{"start":{"line":36,"column":12},"end":{"line":36,"column":43}},{"start":{},"end":{}}],"line":36},"4":{"loc":{"start":{"line":43,"column":12},"end":{"line":43,"column":43}},"type":"if","locations":[{"start":{"line":43,"column":12},"end":{"line":43,"column":43}},{"start":{},"end":{}}],"line":43},"5":{"loc":{"start":{"line":46,"column":16},"end":{"line":54,"column":17}},"type":"if","locations":[{"start":{"line":46,"column":16},"end":{"line":54,"column":17}},{"start":{},"end":{}}],"line":46},"6":{"loc":{"start":{"line":62,"column":12},"end":{"line":62,"column":43}},"type":"if","locations":[{"start":{"line":62,"column":12},"end":{"line":62,"column":43}},{"start":{},"end":{}}],"line":62},"7":{"loc":{"start":{"line":66,"column":12},"end":{"line":72,"column":13}},"type":"if","locations":[{"start":{"line":66,"column":12},"end":{"line":72,"column":13}},{"start":{},"end":{}}],"line":66},"8":{"loc":{"start":{"line":69,"column":16},"end":{"line":71,"column":17}},"type":"if","locations":[{"start":{"line":69,"column":16},"end":{"line":71,"column":17}},{"start":{},"end":{}}],"line":69},"9":{"loc":{"start":{"line":76,"column":12},"end":{"line":76,"column":70}},"type":"if","locations":[{"start":{"line":76,"column":12},"end":{"line":76,"column":70}},{"start":{},"end":{}}],"line":76},"10":{"loc":{"start":{"line":76,"column":16},"end":{"line":76,"column":61}},"type":"binary-expr","locations":[{"start":{"line":76,"column":16},"end":{"line":76,"column":34}},{"start":{"line":76,"column":38},"end":{"line":76,"column":61}}],"line":76},"11":{"loc":{"start":{"line":77,"column":12},"end":{"line":79,"column":13}},"type":"if","locations":[{"start":{"line":77,"column":12},"end":{"line":79,"column":13}},{"start":{},"end":{}}],"line":77},"12":{"loc":{"start":{"line":84,"column":8},"end":{"line":88,"column":9}},"type":"if","locations":[{"start":{"line":84,"column":8},"end":{"line":88,"column":9}},{"start":{"line":86,"column":15},"end":{"line":88,"column":9}}],"line":84},"13":{"loc":{"start":{"line":84,"column":12},"end":{"line":84,"column":60}},"type":"binary-expr","locations":[{"start":{"line":84,"column":12},"end":{"line":84,"column":19}},{"start":{"line":84,"column":23},"end":{"line":84,"column":60}}],"line":84},"14":{"loc":{"start":{"line":92,"column":15},"end":{"line":92,"column":72}},"type":"binary-expr","locations":[{"start":{"line":92,"column":15},"end":{"line":92,"column":31}},{"start":{"line":92,"column":35},"end":{"line":92,"column":72}}],"line":92},"15":{"loc":{"start":{"line":96,"column":8},"end":{"line":98,"column":9}},"type":"if","locations":[{"start":{"line":96,"column":8},"end":{"line":98,"column":9}},{"start":{},"end":{}}],"line":96},"16":{"loc":{"start":{"line":104,"column":8},"end":{"line":104,"column":42}},"type":"if","locations":[{"start":{"line":104,"column":8},"end":{"line":104,"column":42}},{"start":{},"end":{}}],"line":104},"17":{"loc":{"start":{"line":109,"column":8},"end":{"line":111,"column":9}},"type":"if","locations":[{"start":{"line":109,"column":8},"end":{"line":111,"column":9}},{"start":{},"end":{}}],"line":109},"18":{"loc":{"start":{"line":115,"column":8},"end":{"line":115,"column":43}},"type":"if","locations":[{"start":{"line":115,"column":8},"end":{"line":115,"column":43}},{"start":{},"end":{}}],"line":115},"19":{"loc":{"start":{"line":124,"column":8},"end":{"line":127,"column":9}},"type":"if","locations":[{"start":{"line":124,"column":8},"end":{"line":127,"column":9}},{"start":{},"end":{}}],"line":124},"20":{"loc":{"start":{"line":133,"column":8},"end":{"line":136,"column":9}},"type":"if","locations":[{"start":{"line":133,"column":8},"end":{"line":136,"column":9}},{"start":{},"end":{}}],"line":133}},"s":{"0":1,"1":1,"2":1,"3":1,"4":1,"5":0,"6":0,"7":0,"8":0,"9":0,"10":0,"11":0,"12":0,"13":0,"14":0,"15":0,"16":0,"17":0,"18":0,"19":0,"20":0,"21":0,"22":0,"23":0,"24":0,"25":0,"26":0,"27":0,"28":0,"29":0,"30":0,"31":0,"32":0,"33":0,"34":0,"35":0,"36":0,"37":0,"38":0,"39":0,"40":0,"41":0,"42":0,"43":0,"44":0,"45":0,"46":0,"47":0,"48":0,"49":0,"50":0,"51":0,"52":0,"53":0,"54":0,"55":0,"56":8,"57":8,"58":8,"59":8,"60":0,"61":0,"62":0,"63":0,"64":0,"65":0,"66":0,"67":0,"68":0,"69":0,"70":0,"71":0,"72":0,"73":0,"74":0,"75":0,"76":0,"77":0,"78":0,"79":0,"80":0,"81":0,"82":1},"f":{"0":0,"1":0,"2":0,"3":0,"4":0,"5":0,"6":0,"7":0,"8":8,"9":0,"10":0,"11":0,"12":0,"13":0,"14":0,"15":0,"16":0,"17":0},"b":{"0":[0],"1":[0,0],"2":[0,0],"3":[0,0],"4":[0,0],"5":[0,0],"6":[0,0],"7":[0,0],"8":[0,0],"9":[0,0],"10":[0,0],"11":[0,0],"12":[0,0],"13":[0,0],"14":[0,0],"15":[8,0],"16":[0,0],"17":[0,0],"18":[0,0],"19":[0,0],"20":[0,0]},"_coverageSchema":"1a1c01bbd47fc00a2c39e90264f33305004495a9","hash":"015667fa741d24c12610a2a73c791a1dbf06186a"},"D:\\eremef\\Documents\\AI\\antigravity\\Bandcamp-player\\mobile\\services\\discovery.service.ts":{"path":"D:\\eremef\\Documents\\AI\\antigravity\\Bandcamp-player\\mobile\\services\\discovery.service.ts","statementMap":{"0":{"start":{"line":4,"column":26},"end":{"line":4,"column":30}},"1":{"start":{"line":5,"column":29},"end":{"line":5,"column":32}},"2":{"start":{"line":8,"column":8},"end":{"line":13,"column":9}},"3":{"start":{"line":9,"column":12},"end":{"line":9,"column":53}},"4":{"start":{"line":11,"column":12},"end":{"line":11,"column":55}},"5":{"start":{"line":12,"column":12},"end":{"line":12,"column":24}},"6":{"start":{"line":17,"column":24},"end":{"line":17,"column":47}},"7":{"start":{"line":18,"column":8},"end":{"line":18,"column":34}},"8":{"start":{"line":18,"column":22},"end":{"line":18,"column":34}},"9":{"start":{"line":20,"column":22},"end":{"line":20,"column":40}},"10":{"start":{"line":21,"column":23},"end":{"line":21,"column":50}},"11":{"start":{"line":24,"column":26},"end":{"line":24,"column":28}},"12":{"start":{"line":25,"column":26},"end":{"line":25,"column":29}},"13":{"start":{"line":27,"column":8},"end":{"line":45,"column":9}},"14":{"start":{"line":27,"column":21},"end":{"line":27,"column":22}},"15":{"start":{"line":28,"column":29},"end":{"line":28,"column":31}},"16":{"start":{"line":29,"column":12},"end":{"line":35,"column":13}},"17":{"start":{"line":29,"column":25},"end":{"line":29,"column":26}},"18":{"start":{"line":30,"column":33},"end":{"line":30,"column":53}},"19":{"start":{"line":34,"column":16},"end":{"line":34,"column":52}},"20":{"start":{"line":37,"column":28},"end":{"line":37,"column":55}},"21":{"start":{"line":38,"column":26},"end":{"line":38,"column":57}},"22":{"start":{"line":38,"column":45},"end":{"line":38,"column":56}},"23":{"start":{"line":40,"column":12},"end":{"line":40,"column":36}},"24":{"start":{"line":40,"column":23},"end":{"line":40,"column":36}},"25":{"start":{"line":42,"column":12},"end":{"line":44,"column":13}},"26":{"start":{"line":43,"column":16},"end":{"line":43,"column":69}},"27":{"start":{"line":47,"column":8},"end":{"line":47,"column":20}},"28":{"start":{"line":51,"column":8},"end":{"line":72,"column":11}},"29":{"start":{"line":52,"column":31},"end":{"line":52,"column":52}},"30":{"start":{"line":53,"column":30},"end":{"line":53,"column":80}},"31":{"start":{"line":53,"column":47},"end":{"line":53,"column":65}},"32":{"start":{"line":55,"column":12},"end":{"line":71,"column":19}},"33":{"start":{"line":60,"column":20},"end":{"line":60,"column":44}},"34":{"start":{"line":63,"column":20},"end":{"line":67,"column":21}},"35":{"start":{"line":64,"column":24},"end":{"line":64,"column":36}},"36":{"start":{"line":66,"column":24},"end":{"line":66,"column":38}},"37":{"start":{"line":70,"column":20},"end":{"line":70,"column":34}}},"fnMap":{"0":{"name":"(anonymous_0)","decl":{"start":{"line":7,"column":4},"end":{"line":7,"column":5}},"loc":{"start":{"line":7,"column":54},"end":{"line":14,"column":5}},"line":7},"1":{"name":"(anonymous_1)","decl":{"start":{"line":16,"column":4},"end":{"line":16,"column":5}},"loc":{"start":{"line":16,"column":94},"end":{"line":48,"column":5}},"line":16},"2":{"name":"(anonymous_2)","decl":{"start":{"line":38,"column":39},"end":{"line":38,"column":40}},"loc":{"start":{"line":38,"column":45},"end":{"line":38,"column":56}},"line":38},"3":{"name":"(anonymous_3)","decl":{"start":{"line":50,"column":4},"end":{"line":50,"column":5}},"loc":{"start":{"line":50,"column":61},"end":{"line":73,"column":5}},"line":50},"4":{"name":"(anonymous_4)","decl":{"start":{"line":51,"column":27},"end":{"line":51,"column":28}},"loc":{"start":{"line":51,"column":40},"end":{"line":72,"column":9}},"line":51},"5":{"name":"(anonymous_5)","decl":{"start":{"line":53,"column":41},"end":{"line":53,"column":42}},"loc":{"start":{"line":53,"column":47},"end":{"line":53,"column":65}},"line":53},"6":{"name":"(anonymous_6)","decl":{"start":{"line":59,"column":22},"end":{"line":59,"column":23}},"loc":{"start":{"line":59,"column":34},"end":{"line":68,"column":17}},"line":59},"7":{"name":"(anonymous_7)","decl":{"start":{"line":69,"column":23},"end":{"line":69,"column":24}},"loc":{"start":{"line":69,"column":29},"end":{"line":71,"column":17}},"line":69}},"branchMap":{"0":{"loc":{"start":{"line":18,"column":8},"end":{"line":18,"column":34}},"type":"if","locations":[{"start":{"line":18,"column":8},"end":{"line":18,"column":34}},{"start":{},"end":{}}],"line":18},"1":{"loc":{"start":{"line":29,"column":28},"end":{"line":29,"column":65}},"type":"binary-expr","locations":[{"start":{"line":29,"column":28},"end":{"line":29,"column":41}},{"start":{"line":29,"column":45},"end":{"line":29,"column":65}}],"line":29},"2":{"loc":{"start":{"line":40,"column":12},"end":{"line":40,"column":36}},"type":"if","locations":[{"start":{"line":40,"column":12},"end":{"line":40,"column":36}},{"start":{},"end":{}}],"line":40},"3":{"loc":{"start":{"line":42,"column":12},"end":{"line":44,"column":13}},"type":"if","locations":[{"start":{"line":42,"column":12},"end":{"line":44,"column":13}},{"start":{},"end":{}}],"line":42},"4":{"loc":{"start":{"line":63,"column":20},"end":{"line":67,"column":21}},"type":"if","locations":[{"start":{"line":63,"column":20},"end":{"line":67,"column":21}},{"start":{"line":65,"column":27},"end":{"line":67,"column":21}}],"line":63},"5":{"loc":{"start":{"line":63,"column":24},"end":{"line":63,"column":62}},"type":"binary-expr","locations":[{"start":{"line":63,"column":24},"end":{"line":63,"column":35}},{"start":{"line":63,"column":39},"end":{"line":63,"column":62}}],"line":63}},"s":{"0":1,"1":1,"2":0,"3":0,"4":0,"5":0,"6":0,"7":0,"8":0,"9":0,"10":0,"11":0,"12":0,"13":0,"14":0,"15":0,"16":0,"17":0,"18":0,"19":0,"20":0,"21":0,"22":0,"23":0,"24":0,"25":0,"26":0,"27":0,"28":0,"29":0,"30":0,"31":0,"32":0,"33":0,"34":0,"35":0,"36":0,"37":0},"f":{"0":0,"1":0,"2":0,"3":0,"4":0,"5":0,"6":0,"7":0},"b":{"0":[0,0],"1":[0,0],"2":[0,0],"3":[0,0],"4":[0,0],"5":[0,0]},"_coverageSchema":"1a1c01bbd47fc00a2c39e90264f33305004495a9","hash":"f6957e7f9e95d0029db608ee38691edb0c0e9b55"},"D:\\eremef\\Documents\\AI\\antigravity\\Bandcamp-player\\mobile\\services\\player.ts":{"path":"D:\\eremef\\Documents\\AI\\antigravity\\Bandcamp-player\\mobile\\services\\player.ts","statementMap":{"0":{"start":{"line":11,"column":18},"end":{"line":11,"column":23}},"1":{"start":{"line":12,"column":4},"end":{"line":21,"column":5}},"2":{"start":{"line":13,"column":8},"end":{"line":13,"column":40}},"3":{"start":{"line":14,"column":8},"end":{"line":14,"column":23}},"4":{"start":{"line":16,"column":8},"end":{"line":20,"column":9}},"5":{"start":{"line":17,"column":12},"end":{"line":17,"column":27}},"6":{"start":{"line":19,"column":12},"end":{"line":19,"column":57}},"7":{"start":{"line":22,"column":4},"end":{"line":22,"column":19}},"8":{"start":{"line":27,"column":4},"end":{"line":27,"column":24}},"9":{"start":{"line":33,"column":20},"end":{"line":33,"column":35}},"10":{"start":{"line":36,"column":4},"end":{"line":38,"column":5}},"11":{"start":{"line":37,"column":8},"end":{"line":37,"column":73}},"12":{"start":{"line":41,"column":19},"end":{"line":41,"column":47}},"13":{"start":{"line":42,"column":26},"end":{"line":42,"column":39}},"14":{"start":{"line":44,"column":4},"end":{"line":52,"column":7}},"15":{"start":{"line":54,"column":4},"end":{"line":59,"column":5}},"16":{"start":{"line":55,"column":8},"end":{"line":55,"column":46}},"17":{"start":{"line":57,"column":32},"end":{"line":57,"column":82}},"18":{"start":{"line":57,"column":80},"end":{"line":57,"column":81}},"19":{"start":{"line":58,"column":8},"end":{"line":58,"column":50}},"20":{"start":{"line":64,"column":4},"end":{"line":64,"column":35}}},"fnMap":{"0":{"name":"setupPlayer","decl":{"start":{"line":10,"column":22},"end":{"line":10,"column":33}},"loc":{"start":{"line":10,"column":36},"end":{"line":23,"column":1}},"line":10},"1":{"name":"addTrack","decl":{"start":{"line":25,"column":22},"end":{"line":25,"column":30}},"loc":{"start":{"line":25,"column":62},"end":{"line":65,"column":1}},"line":25},"2":{"name":"(anonymous_2)","decl":{"start":{"line":57,"column":70},"end":{"line":57,"column":71}},"loc":{"start":{"line":57,"column":80},"end":{"line":57,"column":81}},"line":57}},"branchMap":{"0":{"loc":{"start":{"line":16,"column":8},"end":{"line":20,"column":9}},"type":"if","locations":[{"start":{"line":16,"column":8},"end":{"line":20,"column":9}},{"start":{"line":18,"column":15},"end":{"line":20,"column":9}}],"line":16},"1":{"loc":{"start":{"line":36,"column":4},"end":{"line":38,"column":5}},"type":"if","locations":[{"start":{"line":36,"column":4},"end":{"line":38,"column":5}},{"start":{},"end":{}}],"line":36},"2":{"loc":{"start":{"line":36,"column":8},"end":{"line":36,"column":86}},"type":"binary-expr","locations":[{"start":{"line":36,"column":8},"end":{"line":36,"column":14}},{"start":{"line":36,"column":19},"end":{"line":36,"column":50}},{"start":{"line":36,"column":54},"end":{"line":36,"column":85}}],"line":36},"3":{"loc":{"start":{"line":47,"column":15},"end":{"line":47,"column":40}},"type":"binary-expr","locations":[{"start":{"line":47,"column":15},"end":{"line":47,"column":26}},{"start":{"line":47,"column":30},"end":{"line":47,"column":40}}],"line":47},"4":{"loc":{"start":{"line":48,"column":16},"end":{"line":48,"column":48}},"type":"binary-expr","locations":[{"start":{"line":48,"column":16},"end":{"line":48,"column":28}},{"start":{"line":48,"column":32},"end":{"line":48,"column":48}}],"line":48},"5":{"loc":{"start":{"line":54,"column":4},"end":{"line":59,"column":5}},"type":"if","locations":[{"start":{"line":54,"column":4},"end":{"line":59,"column":5}},{"start":{},"end":{}}],"line":54}},"s":{"0":0,"1":0,"2":0,"3":0,"4":0,"5":0,"6":0,"7":0,"8":0,"9":0,"10":0,"11":0,"12":0,"13":0,"14":0,"15":0,"16":0,"17":0,"18":0,"19":0,"20":0},"f":{"0":0,"1":0,"2":0},"b":{"0":[0,0],"1":[0,0],"2":[0,0,0],"3":[0,0],"4":[0,0],"5":[0,0]},"_coverageSchema":"1a1c01bbd47fc00a2c39e90264f33305004495a9","hash":"b49101d5c998ce0986ccd65140d569df8933ef64"},"D:\\eremef\\Documents\\AI\\antigravity\\Bandcamp-player\\mobile\\store\\index.ts":{"path":"D:\\eremef\\Documents\\AI\\antigravity\\Bandcamp-player\\mobile\\store\\index.ts","statementMap":{"0":{"start":{"line":105,"column":78},"end":{"line":116,"column":1}},"1":{"start":{"line":118,"column":24},"end":{"line":1311,"column":3}},"2":{"start":{"line":118,"column":56},"end":{"line":1311,"column":1}},"3":{"start":{"line":140,"column":36},"end":{"line":140,"column":68}},"4":{"start":{"line":144,"column":8},"end":{"line":144,"column":55}},"5":{"start":{"line":145,"column":8},"end":{"line":145,"column":23}},"6":{"start":{"line":150,"column":25},"end":{"line":150,"column":48}},"7":{"start":{"line":151,"column":8},"end":{"line":151,"column":86}},"8":{"start":{"line":152,"column":8},"end":{"line":152,"column":44}},"9":{"start":{"line":155,"column":8},"end":{"line":155,"column":54}},"10":{"start":{"line":159,"column":8},"end":{"line":159,"column":28}},"11":{"start":{"line":164,"column":28},"end":{"line":164,"column":74}},"12":{"start":{"line":165,"column":28},"end":{"line":165,"column":48}},"13":{"start":{"line":166,"column":31},"end":{"line":166,"column":32}},"14":{"start":{"line":167,"column":27},"end":{"line":167,"column":28}},"15":{"start":{"line":169,"column":31},"end":{"line":169,"column":77}},"16":{"start":{"line":170,"column":8},"end":{"line":182,"column":9}},"17":{"start":{"line":171,"column":12},"end":{"line":181,"column":13}},"18":{"start":{"line":172,"column":31},"end":{"line":172,"column":57}},"19":{"start":{"line":173,"column":16},"end":{"line":178,"column":17}},"20":{"start":{"line":174,"column":20},"end":{"line":174,"column":43}},"21":{"start":{"line":175,"column":20},"end":{"line":175,"column":85}},"22":{"start":{"line":176,"column":20},"end":{"line":176,"column":68}},"23":{"start":{"line":177,"column":20},"end":{"line":177,"column":99}},"24":{"start":{"line":180,"column":16},"end":{"line":180,"column":84}},"25":{"start":{"line":185,"column":35},"end":{"line":185,"column":72}},"26":{"start":{"line":186,"column":25},"end":{"line":186,"column":59}},"27":{"start":{"line":187,"column":31},"end":{"line":187,"column":110}},"28":{"start":{"line":190,"column":8},"end":{"line":200,"column":11}},"29":{"start":{"line":203,"column":40},"end":{"line":203,"column":82}},"30":{"start":{"line":204,"column":8},"end":{"line":204,"column":60}},"31":{"start":{"line":207,"column":8},"end":{"line":209,"column":9}},"32":{"start":{"line":208,"column":12},"end":{"line":208,"column":77}},"33":{"start":{"line":212,"column":38},"end":{"line":212,"column":78}},"34":{"start":{"line":213,"column":26},"end":{"line":213,"column":64}},"35":{"start":{"line":214,"column":8},"end":{"line":216,"column":9}},"36":{"start":{"line":215,"column":12},"end":{"line":215,"column":68}},"37":{"start":{"line":219,"column":24},"end":{"line":219,"column":72}},"38":{"start":{"line":220,"column":8},"end":{"line":220,"column":54}},"39":{"start":{"line":223,"column":8},"end":{"line":232,"column":9}},"40":{"start":{"line":224,"column":12},"end":{"line":224,"column":42}},"41":{"start":{"line":225,"column":12},"end":{"line":228,"column":20}},"42":{"start":{"line":226,"column":16},"end":{"line":226,"column":41}},"43":{"start":{"line":227,"column":16},"end":{"line":227,"column":37}},"44":{"start":{"line":231,"column":12},"end":{"line":231,"column":33}},"45":{"start":{"line":236,"column":28},"end":{"line":236,"column":38}},"46":{"start":{"line":237,"column":8},"end":{"line":237,"column":41}},"47":{"start":{"line":237,"column":34},"end":{"line":237,"column":41}},"48":{"start":{"line":241,"column":29},"end":{"line":241,"column":67}},"49":{"start":{"line":243,"column":8},"end":{"line":246,"column":9}},"50":{"start":{"line":245,"column":12},"end":{"line":245,"column":36}},"51":{"start":{"line":255,"column":8},"end":{"line":255,"column":34}},"52":{"start":{"line":257,"column":8},"end":{"line":259,"column":9}},"53":{"start":{"line":258,"column":12},"end":{"line":258,"column":43}},"54":{"start":{"line":262,"column":8},"end":{"line":262,"column":53}},"55":{"start":{"line":266,"column":8},"end":{"line":266,"column":22}},"56":{"start":{"line":268,"column":8},"end":{"line":304,"column":9}},"57":{"start":{"line":269,"column":12},"end":{"line":269,"column":49}},"58":{"start":{"line":273,"column":40},"end":{"line":273,"column":70}},"59":{"start":{"line":275,"column":12},"end":{"line":288,"column":15}},"60":{"start":{"line":290,"column":12},"end":{"line":303,"column":13}},"61":{"start":{"line":292,"column":16},"end":{"line":298,"column":24}},"62":{"start":{"line":293,"column":20},"end":{"line":293,"column":51}},"63":{"start":{"line":294,"column":20},"end":{"line":294,"column":45}},"64":{"start":{"line":295,"column":20},"end":{"line":295,"column":41}},"65":{"start":{"line":296,"column":20},"end":{"line":296,"column":43}},"66":{"start":{"line":297,"column":20},"end":{"line":297,"column":41}},"67":{"start":{"line":302,"column":16},"end":{"line":302,"column":58}},"68":{"start":{"line":309,"column":8},"end":{"line":309,"column":64}},"69":{"start":{"line":313,"column":38},"end":{"line":313,"column":78}},"70":{"start":{"line":314,"column":8},"end":{"line":314,"column":41}},"71":{"start":{"line":315,"column":40},"end":{"line":315,"column":82}},"72":{"start":{"line":316,"column":8},"end":{"line":316,"column":35}},"73":{"start":{"line":317,"column":8},"end":{"line":317,"column":58}},"74":{"start":{"line":318,"column":8},"end":{"line":323,"column":11}},"75":{"start":{"line":327,"column":19},"end":{"line":327,"column":43}},"76":{"start":{"line":328,"column":8},"end":{"line":328,"column":24}},"77":{"start":{"line":328,"column":17},"end":{"line":328,"column":24}},"78":{"start":{"line":332,"column":31},"end":{"line":332,"column":46}},"79":{"start":{"line":333,"column":27},"end":{"line":333,"column":84}},"80":{"start":{"line":333,"column":62},"end":{"line":333,"column":70}},"81":{"start":{"line":335,"column":8},"end":{"line":335,"column":77}},"82":{"start":{"line":336,"column":8},"end":{"line":336,"column":50}},"83":{"start":{"line":338,"column":8},"end":{"line":338,"column":105}},"84":{"start":{"line":339,"column":8},"end":{"line":339,"column":37}},"85":{"start":{"line":343,"column":25},"end":{"line":343,"column":30}},"86":{"start":{"line":345,"column":8},"end":{"line":351,"column":9}},"87":{"start":{"line":346,"column":12},"end":{"line":346,"column":42}},"88":{"start":{"line":347,"column":12},"end":{"line":347,"column":53}},"89":{"start":{"line":348,"column":15},"end":{"line":351,"column":9}},"90":{"start":{"line":350,"column":12},"end":{"line":350,"column":36}},"91":{"start":{"line":353,"column":40},"end":{"line":353,"column":82}},"92":{"start":{"line":354,"column":8},"end":{"line":354,"column":35}},"93":{"start":{"line":356,"column":8},"end":{"line":363,"column":11}},"94":{"start":{"line":367,"column":8},"end":{"line":369,"column":9}},"95":{"start":{"line":368,"column":12},"end":{"line":368,"column":19}},"96":{"start":{"line":371,"column":23},"end":{"line":371,"column":60}},"97":{"start":{"line":372,"column":28},"end":{"line":372,"column":68}},"98":{"start":{"line":373,"column":26},"end":{"line":373,"column":68}},"99":{"start":{"line":374,"column":27},"end":{"line":374,"column":87}},"100":{"start":{"line":375,"column":33},"end":{"line":375,"column":92}},"101":{"start":{"line":377,"column":26},"end":{"line":377,"column":103}},"102":{"start":{"line":378,"column":35},"end":{"line":378,"column":72}},"103":{"start":{"line":379,"column":38},"end":{"line":379,"column":78}},"104":{"start":{"line":381,"column":25},"end":{"line":381,"column":59}},"105":{"start":{"line":382,"column":23},"end":{"line":382,"column":102}},"106":{"start":{"line":385,"column":27},"end":{"line":385,"column":65}},"107":{"start":{"line":387,"column":8},"end":{"line":387,"column":107}},"108":{"start":{"line":391,"column":8},"end":{"line":393,"column":9}},"109":{"start":{"line":392,"column":12},"end":{"line":392,"column":40}},"110":{"start":{"line":395,"column":8},"end":{"line":406,"column":9}},"111":{"start":{"line":396,"column":44},"end":{"line":396,"column":86}},"112":{"start":{"line":399,"column":12},"end":{"line":403,"column":13}},"113":{"start":{"line":400,"column":16},"end":{"line":402,"column":18}},"114":{"start":{"line":401,"column":20},"end":{"line":401,"column":38}},"115":{"start":{"line":405,"column":12},"end":{"line":405,"column":49}},"116":{"start":{"line":410,"column":8},"end":{"line":413,"column":9}},"117":{"start":{"line":411,"column":43},"end":{"line":411,"column":48}},"118":{"start":{"line":412,"column":12},"end":{"line":412,"column":102}},"119":{"start":{"line":417,"column":8},"end":{"line":417,"column":37}},"120":{"start":{"line":417,"column":30},"end":{"line":417,"column":37}},"121":{"start":{"line":418,"column":8},"end":{"line":418,"column":34}},"122":{"start":{"line":420,"column":8},"end":{"line":432,"column":9}},"123":{"start":{"line":421,"column":23},"end":{"line":424,"column":14}},"124":{"start":{"line":423,"column":16},"end":{"line":423,"column":77}},"125":{"start":{"line":426,"column":12},"end":{"line":429,"column":13}},"126":{"start":{"line":427,"column":16},"end":{"line":427,"column":55}},"127":{"start":{"line":428,"column":16},"end":{"line":428,"column":34}},"128":{"start":{"line":431,"column":12},"end":{"line":431,"column":39}},"129":{"start":{"line":436,"column":31},"end":{"line":436,"column":46}},"130":{"start":{"line":437,"column":27},"end":{"line":437,"column":63}},"131":{"start":{"line":437,"column":54},"end":{"line":437,"column":62}},"132":{"start":{"line":438,"column":8},"end":{"line":438,"column":77}},"133":{"start":{"line":439,"column":8},"end":{"line":439,"column":39}},"134":{"start":{"line":443,"column":8},"end":{"line":448,"column":9}},"135":{"start":{"line":444,"column":12},"end":{"line":444,"column":42}},"136":{"start":{"line":446,"column":44},"end":{"line":446,"column":86}},"137":{"start":{"line":447,"column":12},"end":{"line":447,"column":39}},"138":{"start":{"line":451,"column":8},"end":{"line":456,"column":9}},"139":{"start":{"line":452,"column":12},"end":{"line":452,"column":43}},"140":{"start":{"line":454,"column":44},"end":{"line":454,"column":86}},"141":{"start":{"line":455,"column":12},"end":{"line":455,"column":40}},"142":{"start":{"line":459,"column":8},"end":{"line":464,"column":9}},"143":{"start":{"line":460,"column":12},"end":{"line":460,"column":42}},"144":{"start":{"line":462,"column":44},"end":{"line":462,"column":86}},"145":{"start":{"line":463,"column":12},"end":{"line":463,"column":39}},"146":{"start":{"line":467,"column":8},"end":{"line":472,"column":9}},"147":{"start":{"line":468,"column":12},"end":{"line":468,"column":46}},"148":{"start":{"line":470,"column":44},"end":{"line":470,"column":86}},"149":{"start":{"line":471,"column":12},"end":{"line":471,"column":43}},"150":{"start":{"line":475,"column":8},"end":{"line":480,"column":9}},"151":{"start":{"line":476,"column":12},"end":{"line":476,"column":48}},"152":{"start":{"line":478,"column":44},"end":{"line":478,"column":86}},"153":{"start":{"line":479,"column":12},"end":{"line":479,"column":43}},"154":{"start":{"line":483,"column":8},"end":{"line":488,"column":9}},"155":{"start":{"line":484,"column":12},"end":{"line":484,"column":53}},"156":{"start":{"line":486,"column":44},"end":{"line":486,"column":86}},"157":{"start":{"line":487,"column":12},"end":{"line":487,"column":47}},"158":{"start":{"line":491,"column":8},"end":{"line":496,"column":9}},"159":{"start":{"line":492,"column":12},"end":{"line":492,"column":52}},"160":{"start":{"line":494,"column":44},"end":{"line":494,"column":86}},"161":{"start":{"line":495,"column":12},"end":{"line":495,"column":48}},"162":{"start":{"line":499,"column":8},"end":{"line":504,"column":9}},"163":{"start":{"line":500,"column":12},"end":{"line":500,"column":54}},"164":{"start":{"line":502,"column":44},"end":{"line":502,"column":86}},"165":{"start":{"line":503,"column":12},"end":{"line":503,"column":48}},"166":{"start":{"line":508,"column":8},"end":{"line":562,"column":9}},"167":{"start":{"line":510,"column":12},"end":{"line":513,"column":15}},"168":{"start":{"line":514,"column":12},"end":{"line":514,"column":55}},"169":{"start":{"line":516,"column":12},"end":{"line":516,"column":78}},"170":{"start":{"line":518,"column":30},"end":{"line":518,"column":35}},"171":{"start":{"line":521,"column":12},"end":{"line":542,"column":13}},"172":{"start":{"line":522,"column":16},"end":{"line":541,"column":17}},"173":{"start":{"line":523,"column":53},"end":{"line":523,"column":96}},"174":{"start":{"line":524,"column":41},"end":{"line":524,"column":102}},"175":{"start":{"line":525,"column":20},"end":{"line":538,"column":21}},"176":{"start":{"line":526,"column":43},"end":{"line":528,"column":25}},"177":{"start":{"line":527,"column":28},"end":{"line":527,"column":88}},"178":{"start":{"line":529,"column":24},"end":{"line":537,"column":25}},"179":{"start":{"line":530,"column":28},"end":{"line":534,"column":30}},"180":{"start":{"line":535,"column":31},"end":{"line":537,"column":25}},"181":{"start":{"line":536,"column":28},"end":{"line":536,"column":84}},"182":{"start":{"line":540,"column":20},"end":{"line":540,"column":97}},"183":{"start":{"line":544,"column":41},"end":{"line":548,"column":13}},"184":{"start":{"line":550,"column":12},"end":{"line":557,"column":15}},"185":{"start":{"line":559,"column":44},"end":{"line":559,"column":86}},"186":{"start":{"line":560,"column":12},"end":{"line":560,"column":50}},"187":{"start":{"line":561,"column":12},"end":{"line":561,"column":30}},"188":{"start":{"line":565,"column":8},"end":{"line":619,"column":9}},"189":{"start":{"line":566,"column":12},"end":{"line":566,"column":53}},"190":{"start":{"line":568,"column":12},"end":{"line":568,"column":70}},"191":{"start":{"line":570,"column":36},"end":{"line":604,"column":13}},"192":{"start":{"line":571,"column":16},"end":{"line":603,"column":17}},"193":{"start":{"line":572,"column":20},"end":{"line":572,"column":126}},"194":{"start":{"line":574,"column":40},"end":{"line":574,"column":123}},"195":{"start":{"line":576,"column":52},"end":{"line":583,"column":22}},"196":{"start":{"line":577,"column":44},"end":{"line":577,"column":146}},"197":{"start":{"line":578,"column":24},"end":{"line":582,"column":26}},"198":{"start":{"line":585,"column":20},"end":{"line":594,"column":23}},"199":{"start":{"line":595,"column":20},"end":{"line":595,"column":38}},"200":{"start":{"line":598,"column":52},"end":{"line":598,"column":94}},"201":{"start":{"line":599,"column":20},"end":{"line":599,"column":58}},"202":{"start":{"line":601,"column":20},"end":{"line":601,"column":83}},"203":{"start":{"line":602,"column":20},"end":{"line":602,"column":107}},"204":{"start":{"line":606,"column":12},"end":{"line":618,"column":13}},"205":{"start":{"line":607,"column":16},"end":{"line":607,"column":39}},"206":{"start":{"line":609,"column":49},"end":{"line":609,"column":92}},"207":{"start":{"line":610,"column":16},"end":{"line":610,"column":74}},"208":{"start":{"line":612,"column":16},"end":{"line":617,"column":23}},"209":{"start":{"line":615,"column":24},"end":{"line":615,"column":78}},"210":{"start":{"line":616,"column":24},"end":{"line":616,"column":110}},"211":{"start":{"line":622,"column":8},"end":{"line":646,"column":9}},"212":{"start":{"line":623,"column":12},"end":{"line":623,"column":55}},"213":{"start":{"line":625,"column":29},"end":{"line":625,"column":67}},"214":{"start":{"line":625,"column":55},"end":{"line":625,"column":66}},"215":{"start":{"line":626,"column":12},"end":{"line":626,"column":66}},"216":{"start":{"line":626,"column":59},"end":{"line":626,"column":66}},"217":{"start":{"line":628,"column":44},"end":{"line":632,"column":15}},"218":{"start":{"line":628,"column":79},"end":{"line":632,"column":13}},"219":{"start":{"line":634,"column":12},"end":{"line":641,"column":15}},"220":{"start":{"line":643,"column":44},"end":{"line":643,"column":86}},"221":{"start":{"line":644,"column":12},"end":{"line":644,"column":50}},"222":{"start":{"line":645,"column":12},"end":{"line":645,"column":30}},"223":{"start":{"line":649,"column":8},"end":{"line":694,"column":9}},"224":{"start":{"line":650,"column":12},"end":{"line":650,"column":59}},"225":{"start":{"line":652,"column":12},"end":{"line":652,"column":81}},"226":{"start":{"line":653,"column":45},"end":{"line":653,"column":88}},"227":{"start":{"line":654,"column":44},"end":{"line":654,"column":86}},"228":{"start":{"line":655,"column":12},"end":{"line":655,"column":70}},"229":{"start":{"line":657,"column":12},"end":{"line":693,"column":19}},"230":{"start":{"line":659,"column":48},"end":{"line":669,"column":21}},"231":{"start":{"line":671,"column":49},"end":{"line":675,"column":21}},"232":{"start":{"line":677,"column":20},"end":{"line":685,"column":23}},"233":{"start":{"line":686,"column":20},"end":{"line":686,"column":38}},"234":{"start":{"line":688,"column":20},"end":{"line":688,"column":58}},"235":{"start":{"line":691,"column":20},"end":{"line":691,"column":76}},"236":{"start":{"line":692,"column":20},"end":{"line":692,"column":107}},"237":{"start":{"line":698,"column":26},"end":{"line":698,"column":31}},"238":{"start":{"line":700,"column":36},"end":{"line":710,"column":9}},"239":{"start":{"line":712,"column":35},"end":{"line":716,"column":9}},"240":{"start":{"line":718,"column":25},"end":{"line":718,"column":41}},"241":{"start":{"line":719,"column":8},"end":{"line":723,"column":9}},"242":{"start":{"line":720,"column":12},"end":{"line":720,"column":64}},"243":{"start":{"line":722,"column":12},"end":{"line":722,"column":35}},"244":{"start":{"line":725,"column":8},"end":{"line":730,"column":11}},"245":{"start":{"line":732,"column":8},"end":{"line":741,"column":9}},"246":{"start":{"line":733,"column":12},"end":{"line":733,"column":81}},"247":{"start":{"line":736,"column":12},"end":{"line":736,"column":30}},"248":{"start":{"line":738,"column":12},"end":{"line":740,"column":13}},"249":{"start":{"line":739,"column":16},"end":{"line":739,"column":43}},"250":{"start":{"line":744,"column":8},"end":{"line":801,"column":9}},"251":{"start":{"line":745,"column":12},"end":{"line":745,"column":86}},"252":{"start":{"line":747,"column":45},"end":{"line":747,"column":88}},"253":{"start":{"line":748,"column":39},"end":{"line":748,"column":76}},"254":{"start":{"line":750,"column":12},"end":{"line":800,"column":13}},"255":{"start":{"line":752,"column":32},"end":{"line":752,"column":49}},"256":{"start":{"line":753,"column":31},"end":{"line":753,"column":32}},"257":{"start":{"line":755,"column":38},"end":{"line":755,"column":43}},"258":{"start":{"line":756,"column":16},"end":{"line":763,"column":17}},"259":{"start":{"line":757,"column":20},"end":{"line":762,"column":21}},"260":{"start":{"line":758,"column":39},"end":{"line":758,"column":57}},"261":{"start":{"line":759,"column":24},"end":{"line":759,"column":122}},"262":{"start":{"line":761,"column":24},"end":{"line":761,"column":48}},"263":{"start":{"line":765,"column":16},"end":{"line":769,"column":17}},"264":{"start":{"line":766,"column":36},"end":{"line":766,"column":94}},"265":{"start":{"line":767,"column":20},"end":{"line":767,"column":50}},"266":{"start":{"line":768,"column":20},"end":{"line":768,"column":48}},"267":{"start":{"line":771,"column":44},"end":{"line":781,"column":17}},"268":{"start":{"line":782,"column":16},"end":{"line":782,"column":82}},"269":{"start":{"line":783,"column":16},"end":{"line":783,"column":41}},"270":{"start":{"line":785,"column":16},"end":{"line":785,"column":87}},"271":{"start":{"line":787,"column":44},"end":{"line":797,"column":17}},"272":{"start":{"line":798,"column":16},"end":{"line":798,"column":82}},"273":{"start":{"line":799,"column":16},"end":{"line":799,"column":41}},"274":{"start":{"line":804,"column":25},"end":{"line":804,"column":30}},"275":{"start":{"line":807,"column":8},"end":{"line":828,"column":9}},"276":{"start":{"line":808,"column":12},"end":{"line":827,"column":13}},"277":{"start":{"line":809,"column":49},"end":{"line":809,"column":92}},"278":{"start":{"line":810,"column":37},"end":{"line":810,"column":98}},"279":{"start":{"line":811,"column":16},"end":{"line":824,"column":17}},"280":{"start":{"line":812,"column":39},"end":{"line":814,"column":21}},"281":{"start":{"line":813,"column":24},"end":{"line":813,"column":84}},"282":{"start":{"line":815,"column":20},"end":{"line":823,"column":21}},"283":{"start":{"line":816,"column":24},"end":{"line":820,"column":26}},"284":{"start":{"line":821,"column":27},"end":{"line":823,"column":21}},"285":{"start":{"line":822,"column":24},"end":{"line":822,"column":79}},"286":{"start":{"line":826,"column":16},"end":{"line":826,"column":90}},"287":{"start":{"line":831,"column":26},"end":{"line":831,"column":31}},"288":{"start":{"line":832,"column":35},"end":{"line":836,"column":9}},"289":{"start":{"line":838,"column":25},"end":{"line":838,"column":41}},"290":{"start":{"line":840,"column":8},"end":{"line":844,"column":9}},"291":{"start":{"line":841,"column":12},"end":{"line":841,"column":64}},"292":{"start":{"line":843,"column":12},"end":{"line":843,"column":35}},"293":{"start":{"line":846,"column":8},"end":{"line":851,"column":11}},"294":{"start":{"line":853,"column":8},"end":{"line":857,"column":9}},"295":{"start":{"line":854,"column":12},"end":{"line":854,"column":89}},"296":{"start":{"line":856,"column":12},"end":{"line":856,"column":30}},"297":{"start":{"line":860,"column":8},"end":{"line":860,"column":128}},"298":{"start":{"line":862,"column":8},"end":{"line":915,"column":9}},"299":{"start":{"line":863,"column":30},"end":{"line":863,"column":35}},"300":{"start":{"line":864,"column":12},"end":{"line":864,"column":83}},"301":{"start":{"line":868,"column":28},"end":{"line":868,"column":94}},"302":{"start":{"line":868,"column":44},"end":{"line":868,"column":52}},"303":{"start":{"line":868,"column":66},"end":{"line":868,"column":93}},"304":{"start":{"line":869,"column":33},"end":{"line":869,"column":69}},"305":{"start":{"line":871,"column":47},"end":{"line":878,"column":15}},"306":{"start":{"line":871,"column":77},"end":{"line":878,"column":13}},"307":{"start":{"line":880,"column":29},"end":{"line":880,"column":45}},"308":{"start":{"line":882,"column":12},"end":{"line":887,"column":13}},"309":{"start":{"line":884,"column":16},"end":{"line":884,"column":77}},"310":{"start":{"line":886,"column":16},"end":{"line":886,"column":48}},"311":{"start":{"line":889,"column":12},"end":{"line":889,"column":76}},"312":{"start":{"line":891,"column":12},"end":{"line":896,"column":15}},"313":{"start":{"line":897,"column":12},"end":{"line":897,"column":30}},"314":{"start":{"line":899,"column":12},"end":{"line":899,"column":103}},"315":{"start":{"line":900,"column":45},"end":{"line":900,"column":88}},"316":{"start":{"line":902,"column":12},"end":{"line":914,"column":19}},"317":{"start":{"line":904,"column":20},"end":{"line":909,"column":21}},"318":{"start":{"line":906,"column":24},"end":{"line":906,"column":80}},"319":{"start":{"line":908,"column":24},"end":{"line":908,"column":84}},"320":{"start":{"line":912,"column":20},"end":{"line":912,"column":75}},"321":{"start":{"line":913,"column":20},"end":{"line":913,"column":80}},"322":{"start":{"line":917,"column":8},"end":{"line":936,"column":9}},"323":{"start":{"line":918,"column":12},"end":{"line":918,"column":88}},"324":{"start":{"line":920,"column":12},"end":{"line":935,"column":13}},"325":{"start":{"line":921,"column":16},"end":{"line":921,"column":74}},"326":{"start":{"line":923,"column":48},"end":{"line":923,"column":90}},"327":{"start":{"line":926,"column":37},"end":{"line":926,"column":48}},"328":{"start":{"line":927,"column":16},"end":{"line":927,"column":138}},"329":{"start":{"line":929,"column":16},"end":{"line":934,"column":17}},"330":{"start":{"line":930,"column":20},"end":{"line":930,"column":87}},"331":{"start":{"line":931,"column":20},"end":{"line":931,"column":88}},"332":{"start":{"line":931,"column":69},"end":{"line":931,"column":86}},"333":{"start":{"line":933,"column":20},"end":{"line":933,"column":38}},"334":{"start":{"line":939,"column":8},"end":{"line":970,"column":9}},"335":{"start":{"line":940,"column":12},"end":{"line":940,"column":82}},"336":{"start":{"line":942,"column":39},"end":{"line":942,"column":76}},"337":{"start":{"line":943,"column":45},"end":{"line":943,"column":88}},"338":{"start":{"line":945,"column":30},"end":{"line":945,"column":35}},"339":{"start":{"line":948,"column":12},"end":{"line":966,"column":13}},"340":{"start":{"line":949,"column":16},"end":{"line":965,"column":17}},"341":{"start":{"line":950,"column":41},"end":{"line":950,"column":102}},"342":{"start":{"line":951,"column":20},"end":{"line":962,"column":21}},"343":{"start":{"line":952,"column":42},"end":{"line":952,"column":164}},"344":{"start":{"line":952,"column":103},"end":{"line":952,"column":163}},"345":{"start":{"line":953,"column":24},"end":{"line":961,"column":25}},"346":{"start":{"line":954,"column":28},"end":{"line":958,"column":30}},"347":{"start":{"line":959,"column":31},"end":{"line":961,"column":25}},"348":{"start":{"line":960,"column":28},"end":{"line":960,"column":84}},"349":{"start":{"line":964,"column":20},"end":{"line":964,"column":97}},"350":{"start":{"line":968,"column":12},"end":{"line":968,"column":77}},"351":{"start":{"line":969,"column":12},"end":{"line":969,"column":37}},"352":{"start":{"line":973,"column":8},"end":{"line":995,"column":9}},"353":{"start":{"line":974,"column":12},"end":{"line":974,"column":85}},"354":{"start":{"line":976,"column":45},"end":{"line":976,"column":88}},"355":{"start":{"line":977,"column":39},"end":{"line":977,"column":76}},"356":{"start":{"line":978,"column":12},"end":{"line":994,"column":13}},"357":{"start":{"line":979,"column":34},"end":{"line":979,"column":95}},"358":{"start":{"line":980,"column":16},"end":{"line":991,"column":17}},"359":{"start":{"line":981,"column":40},"end":{"line":981,"column":137}},"360":{"start":{"line":983,"column":20},"end":{"line":989,"column":21}},"361":{"start":{"line":984,"column":44},"end":{"line":987,"column":25}},"362":{"start":{"line":988,"column":24},"end":{"line":988,"column":89}},"363":{"start":{"line":990,"column":20},"end":{"line":990,"column":45}},"364":{"start":{"line":993,"column":16},"end":{"line":993,"column":83}},"365":{"start":{"line":998,"column":8},"end":{"line":1004,"column":9}},"366":{"start":{"line":999,"column":12},"end":{"line":999,"column":61}},"367":{"start":{"line":1001,"column":44},"end":{"line":1001,"column":86}},"368":{"start":{"line":1002,"column":12},"end":{"line":1002,"column":54}},"369":{"start":{"line":1003,"column":12},"end":{"line":1003,"column":30}},"370":{"start":{"line":1007,"column":26},"end":{"line":1007,"column":31}},"371":{"start":{"line":1008,"column":22},"end":{"line":1008,"column":67}},"372":{"start":{"line":1008,"column":52},"end":{"line":1008,"column":66}},"373":{"start":{"line":1009,"column":8},"end":{"line":1009,"column":33}},"374":{"start":{"line":1009,"column":26},"end":{"line":1009,"column":33}},"375":{"start":{"line":1011,"column":25},"end":{"line":1011,"column":41}},"376":{"start":{"line":1012,"column":8},"end":{"line":1012,"column":34}},"377":{"start":{"line":1014,"column":23},"end":{"line":1014,"column":41}},"378":{"start":{"line":1015,"column":8},"end":{"line":1023,"column":9}},"379":{"start":{"line":1016,"column":12},"end":{"line":1016,"column":23}},"380":{"start":{"line":1017,"column":15},"end":{"line":1023,"column":9}},"381":{"start":{"line":1018,"column":12},"end":{"line":1022,"column":13}},"382":{"start":{"line":1019,"column":16},"end":{"line":1019,"column":30}},"383":{"start":{"line":1021,"column":16},"end":{"line":1021,"column":67}},"384":{"start":{"line":1025,"column":8},"end":{"line":1031,"column":11}},"385":{"start":{"line":1032,"column":8},"end":{"line":1032,"column":26}},"386":{"start":{"line":1034,"column":8},"end":{"line":1046,"column":9}},"387":{"start":{"line":1035,"column":12},"end":{"line":1035,"column":59}},"388":{"start":{"line":1038,"column":12},"end":{"line":1045,"column":13}},"389":{"start":{"line":1039,"column":48},"end":{"line":1039,"column":90}},"390":{"start":{"line":1040,"column":16},"end":{"line":1044,"column":17}},"391":{"start":{"line":1041,"column":20},"end":{"line":1041,"column":65}},"392":{"start":{"line":1043,"column":20},"end":{"line":1043,"column":47}},"393":{"start":{"line":1049,"column":26},"end":{"line":1049,"column":31}},"394":{"start":{"line":1050,"column":36},"end":{"line":1050,"column":38}},"395":{"start":{"line":1051,"column":23},"end":{"line":1051,"column":25}},"396":{"start":{"line":1053,"column":8},"end":{"line":1056,"column":9}},"397":{"start":{"line":1054,"column":12},"end":{"line":1054,"column":57}},"398":{"start":{"line":1055,"column":12},"end":{"line":1055,"column":25}},"399":{"start":{"line":1058,"column":8},"end":{"line":1064,"column":11}},"400":{"start":{"line":1065,"column":8},"end":{"line":1065,"column":26}},"401":{"start":{"line":1067,"column":8},"end":{"line":1072,"column":9}},"402":{"start":{"line":1068,"column":12},"end":{"line":1068,"column":49}},"403":{"start":{"line":1070,"column":44},"end":{"line":1070,"column":86}},"404":{"start":{"line":1071,"column":12},"end":{"line":1071,"column":39}},"405":{"start":{"line":1075,"column":8},"end":{"line":1080,"column":9}},"406":{"start":{"line":1076,"column":12},"end":{"line":1076,"column":76}},"407":{"start":{"line":1078,"column":39},"end":{"line":1078,"column":76}},"408":{"start":{"line":1079,"column":12},"end":{"line":1079,"column":85}},"409":{"start":{"line":1079,"column":59},"end":{"line":1079,"column":83}},"410":{"start":{"line":1083,"column":8},"end":{"line":1088,"column":9}},"411":{"start":{"line":1084,"column":12},"end":{"line":1084,"column":80}},"412":{"start":{"line":1086,"column":39},"end":{"line":1086,"column":76}},"413":{"start":{"line":1087,"column":12},"end":{"line":1087,"column":89}},"414":{"start":{"line":1087,"column":63},"end":{"line":1087,"column":87}},"415":{"start":{"line":1091,"column":8},"end":{"line":1096,"column":9}},"416":{"start":{"line":1092,"column":12},"end":{"line":1092,"column":57}},"417":{"start":{"line":1094,"column":39},"end":{"line":1094,"column":76}},"418":{"start":{"line":1095,"column":12},"end":{"line":1095,"column":83}},"419":{"start":{"line":1095,"column":57},"end":{"line":1095,"column":81}},"420":{"start":{"line":1100,"column":8},"end":{"line":1189,"column":9}},"421":{"start":{"line":1101,"column":12},"end":{"line":1109,"column":15}},"422":{"start":{"line":1110,"column":12},"end":{"line":1173,"column":13}},"423":{"start":{"line":1111,"column":16},"end":{"line":1116,"column":19}},"424":{"start":{"line":1117,"column":16},"end":{"line":1119,"column":17}},"425":{"start":{"line":1118,"column":20},"end":{"line":1118,"column":57}},"426":{"start":{"line":1120,"column":16},"end":{"line":1120,"column":41}},"427":{"start":{"line":1122,"column":43},"end":{"line":1122,"column":80}},"428":{"start":{"line":1123,"column":49},"end":{"line":1123,"column":92}},"429":{"start":{"line":1125,"column":35},"end":{"line":1167,"column":17}},"430":{"start":{"line":1126,"column":39},"end":{"line":1128,"column":21}},"431":{"start":{"line":1127,"column":24},"end":{"line":1127,"column":70}},"432":{"start":{"line":1130,"column":20},"end":{"line":1130,"column":48}},"433":{"start":{"line":1132,"column":37},"end":{"line":1132,"column":47}},"434":{"start":{"line":1133,"column":20},"end":{"line":1137,"column":21}},"435":{"start":{"line":1134,"column":24},"end":{"line":1134,"column":103}},"436":{"start":{"line":1135,"column":24},"end":{"line":1135,"column":60}},"437":{"start":{"line":1136,"column":24},"end":{"line":1136,"column":31}},"438":{"start":{"line":1139,"column":20},"end":{"line":1141,"column":21}},"439":{"start":{"line":1140,"column":24},"end":{"line":1140,"column":109}},"440":{"start":{"line":1143,"column":32},"end":{"line":1143,"column":97}},"441":{"start":{"line":1144,"column":37},"end":{"line":1144,"column":97}},"442":{"start":{"line":1147,"column":20},"end":{"line":1152,"column":21}},"443":{"start":{"line":1148,"column":24},"end":{"line":1148,"column":99}},"444":{"start":{"line":1149,"column":24},"end":{"line":1149,"column":110}},"445":{"start":{"line":1150,"column":24},"end":{"line":1150,"column":98}},"446":{"start":{"line":1151,"column":24},"end":{"line":1151,"column":98}},"447":{"start":{"line":1154,"column":20},"end":{"line":1164,"column":23}},"448":{"start":{"line":1166,"column":20},"end":{"line":1166,"column":43}},"449":{"start":{"line":1169,"column":16},"end":{"line":1172,"column":19}},"450":{"start":{"line":1170,"column":20},"end":{"line":1170,"column":66}},"451":{"start":{"line":1171,"column":20},"end":{"line":1171,"column":103}},"452":{"start":{"line":1176,"column":12},"end":{"line":1176,"column":47}},"453":{"start":{"line":1177,"column":36},"end":{"line":1177,"column":41}},"454":{"start":{"line":1178,"column":12},"end":{"line":1188,"column":13}},"455":{"start":{"line":1179,"column":16},"end":{"line":1184,"column":19}},"456":{"start":{"line":1185,"column":16},"end":{"line":1185,"column":41}},"457":{"start":{"line":1187,"column":16},"end":{"line":1187,"column":50}},"458":{"start":{"line":1193,"column":102},"end":{"line":1193,"column":107}},"459":{"start":{"line":1194,"column":8},"end":{"line":1194,"column":80}},"460":{"start":{"line":1194,"column":55},"end":{"line":1194,"column":80}},"461":{"start":{"line":1196,"column":8},"end":{"line":1196,"column":43}},"462":{"start":{"line":1198,"column":8},"end":{"line":1233,"column":9}},"463":{"start":{"line":1199,"column":12},"end":{"line":1204,"column":15}},"464":{"start":{"line":1205,"column":12},"end":{"line":1205,"column":37}},"465":{"start":{"line":1207,"column":39},"end":{"line":1207,"column":76}},"466":{"start":{"line":1208,"column":29},"end":{"line":1208,"column":39}},"467":{"start":{"line":1209,"column":12},"end":{"line":1212,"column":13}},"468":{"start":{"line":1210,"column":16},"end":{"line":1210,"column":52}},"469":{"start":{"line":1211,"column":16},"end":{"line":1211,"column":41}},"470":{"start":{"line":1214,"column":12},"end":{"line":1232,"column":19}},"471":{"start":{"line":1216,"column":41},"end":{"line":1216,"column":75}},"472":{"start":{"line":1217,"column":40},"end":{"line":1217,"column":111}},"473":{"start":{"line":1217,"column":84},"end":{"line":1217,"column":99}},"474":{"start":{"line":1219,"column":20},"end":{"line":1227,"column":23}},"475":{"start":{"line":1230,"column":20},"end":{"line":1230,"column":72}},"476":{"start":{"line":1231,"column":20},"end":{"line":1231,"column":56}},"477":{"start":{"line":1237,"column":8},"end":{"line":1242,"column":9}},"478":{"start":{"line":1238,"column":12},"end":{"line":1238,"column":51}},"479":{"start":{"line":1240,"column":39},"end":{"line":1240,"column":76}},"480":{"start":{"line":1241,"column":12},"end":{"line":1241,"column":97}},"481":{"start":{"line":1241,"column":77},"end":{"line":1241,"column":95}},"482":{"start":{"line":1245,"column":8},"end":{"line":1250,"column":9}},"483":{"start":{"line":1246,"column":12},"end":{"line":1246,"column":56}},"484":{"start":{"line":1248,"column":45},"end":{"line":1248,"column":88}},"485":{"start":{"line":1249,"column":12},"end":{"line":1249,"column":121}},"486":{"start":{"line":1249,"column":87},"end":{"line":1249,"column":119}},"487":{"start":{"line":1253,"column":8},"end":{"line":1257,"column":9}},"488":{"start":{"line":1254,"column":12},"end":{"line":1254,"column":47}},"489":{"start":{"line":1260,"column":8},"end":{"line":1277,"column":9}},"490":{"start":{"line":1261,"column":12},"end":{"line":1261,"column":49}},"491":{"start":{"line":1263,"column":12},"end":{"line":1263,"column":71}},"492":{"start":{"line":1264,"column":39},"end":{"line":1264,"column":76}},"493":{"start":{"line":1265,"column":12},"end":{"line":1276,"column":98}},"494":{"start":{"line":1267,"column":20},"end":{"line":1267,"column":90}},"495":{"start":{"line":1268,"column":52},"end":{"line":1273,"column":23}},"496":{"start":{"line":1268,"column":70},"end":{"line":1273,"column":21}},"497":{"start":{"line":1274,"column":20},"end":{"line":1274,"column":52}},"498":{"start":{"line":1276,"column":37},"end":{"line":1276,"column":96}},"499":{"start":{"line":1280,"column":8},"end":{"line":1283,"column":9}},"500":{"start":{"line":1281,"column":12},"end":{"line":1281,"column":98}},"501":{"start":{"line":1282,"column":12},"end":{"line":1282,"column":19}},"502":{"start":{"line":1284,"column":8},"end":{"line":1284,"column":49}},"503":{"start":{"line":1285,"column":8},"end":{"line":1309,"column":9}},"504":{"start":{"line":1286,"column":12},"end":{"line":1286,"column":69}},"505":{"start":{"line":1288,"column":45},"end":{"line":1288,"column":88}},"506":{"start":{"line":1289,"column":12},"end":{"line":1308,"column":19}},"507":{"start":{"line":1291,"column":34},"end":{"line":1291,"column":56}},"508":{"start":{"line":1292,"column":40},"end":{"line":1295,"column":22}},"509":{"start":{"line":1293,"column":37},"end":{"line":1293,"column":84}},"510":{"start":{"line":1294,"column":24},"end":{"line":1294,"column":158}},"511":{"start":{"line":1296,"column":20},"end":{"line":1303,"column":23}},"512":{"start":{"line":1306,"column":20},"end":{"line":1306,"column":90}},"513":{"start":{"line":1307,"column":20},"end":{"line":1307,"column":62}},"514":{"start":{"line":1314,"column":0},"end":{"line":1339,"column":3}},"515":{"start":{"line":1315,"column":54},"end":{"line":1315,"column":73}},"516":{"start":{"line":1319,"column":4},"end":{"line":1321,"column":5}},"517":{"start":{"line":1320,"column":8},"end":{"line":1320,"column":15}},"518":{"start":{"line":1323,"column":4},"end":{"line":1325,"column":5}},"519":{"start":{"line":1324,"column":8},"end":{"line":1324,"column":56}},"520":{"start":{"line":1327,"column":4},"end":{"line":1330,"column":5}},"521":{"start":{"line":1329,"column":8},"end":{"line":1329,"column":43}},"522":{"start":{"line":1332,"column":4},"end":{"line":1338,"column":5}},"523":{"start":{"line":1334,"column":8},"end":{"line":1334,"column":53}},"524":{"start":{"line":1335,"column":8},"end":{"line":1335,"column":47}},"525":{"start":{"line":1336,"column":8},"end":{"line":1336,"column":52}},"526":{"start":{"line":1337,"column":8},"end":{"line":1337,"column":45}},"527":{"start":{"line":1341,"column":0},"end":{"line":1364,"column":3}},"528":{"start":{"line":1342,"column":4},"end":{"line":1342,"column":54}},"529":{"start":{"line":1342,"column":47},"end":{"line":1342,"column":54}},"530":{"start":{"line":1343,"column":25},"end":{"line":1343,"column":44}},"531":{"start":{"line":1344,"column":24},"end":{"line":1344,"column":53}},"532":{"start":{"line":1346,"column":4},"end":{"line":1346,"column":31}},"533":{"start":{"line":1349,"column":4},"end":{"line":1363,"column":5}},"534":{"start":{"line":1350,"column":8},"end":{"line":1352,"column":9}},"535":{"start":{"line":1351,"column":12},"end":{"line":1351,"column":70}},"536":{"start":{"line":1354,"column":8},"end":{"line":1360,"column":9}},"537":{"start":{"line":1355,"column":12},"end":{"line":1359,"column":13}},"538":{"start":{"line":1356,"column":16},"end":{"line":1356,"column":41}},"539":{"start":{"line":1358,"column":16},"end":{"line":1358,"column":42}},"540":{"start":{"line":1362,"column":8},"end":{"line":1362,"column":61}},"541":{"start":{"line":1366,"column":0},"end":{"line":1396,"column":3}},"542":{"start":{"line":1367,"column":4},"end":{"line":1367,"column":54}},"543":{"start":{"line":1367,"column":47},"end":{"line":1367,"column":54}},"544":{"start":{"line":1368,"column":25},"end":{"line":1368,"column":44}},"545":{"start":{"line":1369,"column":20},"end":{"line":1369,"column":47}},"546":{"start":{"line":1371,"column":19},"end":{"line":1371,"column":21}},"547":{"start":{"line":1372,"column":4},"end":{"line":1377,"column":5}},"548":{"start":{"line":1373,"column":8},"end":{"line":1373,"column":40}},"549":{"start":{"line":1376,"column":8},"end":{"line":1376,"column":79}},"550":{"start":{"line":1380,"column":24},"end":{"line":1380,"column":107}},"551":{"start":{"line":1380,"column":80},"end":{"line":1380,"column":95}},"552":{"start":{"line":1382,"column":4},"end":{"line":1395,"column":7}},"553":{"start":{"line":1399,"column":0},"end":{"line":1402,"column":3}},"554":{"start":{"line":1400,"column":4},"end":{"line":1400,"column":54}},"555":{"start":{"line":1400,"column":47},"end":{"line":1400,"column":54}},"556":{"start":{"line":1401,"column":4},"end":{"line":1401,"column":37}},"557":{"start":{"line":1404,"column":0},"end":{"line":1407,"column":3}},"558":{"start":{"line":1405,"column":4},"end":{"line":1405,"column":54}},"559":{"start":{"line":1405,"column":47},"end":{"line":1405,"column":54}},"560":{"start":{"line":1406,"column":4},"end":{"line":1406,"column":41}},"561":{"start":{"line":1409,"column":0},"end":{"line":1412,"column":3}},"562":{"start":{"line":1410,"column":4},"end":{"line":1410,"column":54}},"563":{"start":{"line":1410,"column":47},"end":{"line":1410,"column":54}},"564":{"start":{"line":1411,"column":4},"end":{"line":1411,"column":35}},"565":{"start":{"line":1414,"column":0},"end":{"line":1417,"column":3}},"566":{"start":{"line":1415,"column":4},"end":{"line":1415,"column":54}},"567":{"start":{"line":1415,"column":47},"end":{"line":1415,"column":54}},"568":{"start":{"line":1416,"column":4},"end":{"line":1416,"column":78}},"569":{"start":{"line":1427,"column":0},"end":{"line":1448,"column":3}},"570":{"start":{"line":1428,"column":4},"end":{"line":1428,"column":54}},"571":{"start":{"line":1428,"column":47},"end":{"line":1428,"column":54}},"572":{"start":{"line":1430,"column":4},"end":{"line":1430,"column":31}},"573":{"start":{"line":1434,"column":4},"end":{"line":1447,"column":5}},"574":{"start":{"line":1435,"column":8},"end":{"line":1446,"column":9}},"575":{"start":{"line":1436,"column":29},"end":{"line":1436,"column":60}},"576":{"start":{"line":1437,"column":36},"end":{"line":1437,"column":53}},"577":{"start":{"line":1438,"column":29},"end":{"line":1438,"column":76}},"578":{"start":{"line":1440,"column":12},"end":{"line":1443,"column":13}},"579":{"start":{"line":1442,"column":16},"end":{"line":1442,"column":62}}},"fnMap":{"0":{"name":"(anonymous_0)","decl":{"start":{"line":118,"column":41},"end":{"line":118,"column":42}},"loc":{"start":{"line":118,"column":56},"end":{"line":1311,"column":1}},"line":118},"1":{"name":"(anonymous_1)","decl":{"start":{"line":140,"column":25},"end":{"line":140,"column":26}},"loc":{"start":{"line":140,"column":36},"end":{"line":140,"column":68}},"line":140},"2":{"name":"(anonymous_2)","decl":{"start":{"line":143,"column":14},"end":{"line":143,"column":15}},"loc":{"start":{"line":143,"column":38},"end":{"line":146,"column":5}},"line":143},"3":{"name":"(anonymous_3)","decl":{"start":{"line":149,"column":26},"end":{"line":149,"column":27}},"loc":{"start":{"line":149,"column":38},"end":{"line":156,"column":5}},"line":149},"4":{"name":"(anonymous_4)","decl":{"start":{"line":158,"column":15},"end":{"line":158,"column":16}},"loc":{"start":{"line":158,"column":37},"end":{"line":160,"column":5}},"line":158},"5":{"name":"(anonymous_5)","decl":{"start":{"line":162,"column":28},"end":{"line":162,"column":29}},"loc":{"start":{"line":162,"column":40},"end":{"line":233,"column":5}},"line":162},"6":{"name":"(anonymous_6)","decl":{"start":{"line":225,"column":23},"end":{"line":225,"column":24}},"loc":{"start":{"line":225,"column":29},"end":{"line":228,"column":13}},"line":225},"7":{"name":"(anonymous_7)","decl":{"start":{"line":235,"column":13},"end":{"line":235,"column":14}},"loc":{"start":{"line":235,"column":29},"end":{"line":305,"column":5}},"line":235},"8":{"name":"(anonymous_8)","decl":{"start":{"line":292,"column":27},"end":{"line":292,"column":28}},"loc":{"start":{"line":292,"column":33},"end":{"line":298,"column":17}},"line":292},"9":{"name":"(anonymous_9)","decl":{"start":{"line":307,"column":19},"end":{"line":307,"column":20}},"loc":{"start":{"line":307,"column":31},"end":{"line":310,"column":5}},"line":307},"10":{"name":"(anonymous_10)","decl":{"start":{"line":312,"column":20},"end":{"line":312,"column":21}},"loc":{"start":{"line":312,"column":32},"end":{"line":324,"column":5}},"line":312},"11":{"name":"(anonymous_11)","decl":{"start":{"line":326,"column":13},"end":{"line":326,"column":14}},"loc":{"start":{"line":326,"column":42},"end":{"line":340,"column":5}},"line":326},"12":{"name":"(anonymous_12)","decl":{"start":{"line":333,"column":57},"end":{"line":333,"column":58}},"loc":{"start":{"line":333,"column":62},"end":{"line":333,"column":70}},"line":333},"13":{"name":"(anonymous_13)","decl":{"start":{"line":342,"column":16},"end":{"line":342,"co
[...]
":[{"start":{"line":171,"column":28},"end":{"line":171,"column":36}},{"start":{"line":171,"column":40},"end":{"line":171,"column":79}}],"line":171},"13":{"loc":{"start":{"line":172,"column":27},"end":{"line":172,"column":79}},"type":"binary-expr","locations":[{"start":{"line":172,"column":27},"end":{"line":172,"column":41}},{"start":{"line":172,"column":45},"end":{"line":172,"column":59}},{"start":{"line":172,"column":63},"end":{"line":172,"column":73}},{"start":{"line":172,"column":77},"end":{"line":172,"column":79}}],"line":172},"14":{"loc":{"start":{"line":218,"column":13},"end":{"line":222,"column":13}},"type":"binary-expr","locations":[{"start":{"line":218,"column":13},"end":{"line":218,"column":22}},{"start":{"line":219,"column":16},"end":{"line":221,"column":23}}],"line":218}},"s":{"0":0,"1":0,"2":0,"3":0,"4":0,"5":0,"6":0,"7":0,"8":0,"9":0,"10":0,"11":0,"12":0,"13":0,"14":0,"15":0,"16":0,"17":0,"18":0,"19":0,"20":0,"21":0,"22":0,"23":0,"24":0,"25":0,"26":0,"27":0,"28":0,"29":0,"30":0,"31":0,"32":0,"33":0,"34":0,"35":0,"36":0,"37":0,"38":0,"39":0,"40":0,"41":0,"42":0,"43":0,"44":0,"45":0,"46":0,"47":0,"48":0,"49":0,"50":0,"51":0,"52":0,"53":0,"54":0,"55":0,"56":0,"57":0,"58":0},"f":{"0":0,"1":0,"2":0,"3":0,"4":0,"5":0,"6":0,"7":0,"8":0},"b":{"0":[0,0],"1":[0,0],"2":[0,0],"3":[0,0,0],"4":[0,0],"5":[0,0],"6":[0,0],"7":[0,0],"8":[0,0,0],"9":[0,0],"10":[0,0],"11":[0,0],"12":[0,0],"13":[0,0,0,0],"14":[0,0]}},"D:\\eremef\\Documents\\AI\\antigravity\\Bandcamp-player\\mobile\\app\\settings.tsx":{"path":"D:\\eremef\\Documents\\AI\\antigravity\\Bandcamp-player\\mobile\\app\\settings.tsx","statementMap":{"0":{"start":{"line":12,"column":19},"end":{"line":12,"column":30}},"1":{"start":{"line":13,"column":19},"end":{"line":13,"column":29}},"2":{"start":{"line":14,"column":55},"end":{"line":14,"column":65}},"3":{"start":{"line":15,"column":56},"end":{"line":15,"column":71}},"4":{"start":{"line":17,"column":32},"end":{"line":24,"column":5}},"5":{"start":{"line":18,"column":8},"end":{"line":18,"column":36}},"6":{"start":{"line":19,"column":8},"end":{"line":23,"column":9}},"7":{"start":{"line":20,"column":12},"end":{"line":20,"column":58}},"8":{"start":{"line":22,"column":12},"end":{"line":22,"column":41}},"9":{"start":{"line":26,"column":4},"end":{"line":94,"column":6}},"10":{"start":{"line":30,"column":49},"end":{"line":30,"column":62}},"11":{"start":{"line":97,"column":15},"end":{"line":165,"column":2}}},"fnMap":{"0":{"name":"SettingsScreen","decl":{"start":{"line":11,"column":24},"end":{"line":11,"column":38}},"loc":{"start":{"line":11,"column":41},"end":{"line":95,"column":1}},"line":11},"1":{"name":"(anonymous_1)","decl":{"start":{"line":17,"column":32},"end":{"line":17,"column":33}},"loc":{"start":{"line":17,"column":44},"end":{"line":24,"column":5}},"line":17},"2":{"name":"(anonymous_2)","decl":{"start":{"line":30,"column":43},"end":{"line":30,"column":44}},"loc":{"start":{"line":30,"column":49},"end":{"line":30,"column":62}},"line":30}},"branchMap":{"0":{"loc":{"start":{"line":37,"column":75},"end":{"line":37,"column":98}},"type":"binary-expr","locations":[{"start":{"line":37,"column":75},"end":{"line":37,"column":88}},{"start":{"line":37,"column":92},"end":{"line":37,"column":98}}],"line":37},"1":{"loc":{"start":{"line":52,"column":29},"end":{"line":56,"column":29}},"type":"cond-expr","locations":[{"start":{"line":53,"column":32},"end":{"line":53,"column":88}},{"start":{"line":55,"column":32},"end":{"line":55,"column":78}}],"line":52},"2":{"loc":{"start":{"line":61,"column":17},"end":{"line":82,"column":17}},"type":"binary-expr","locations":[{"start":{"line":61,"column":17},"end":{"line":61,"column":24}},{"start":{"line":62,"column":20},"end":{"line":81,"column":27}}],"line":61},"3":{"loc":{"start":{"line":65,"column":79},"end":{"line":65,"column":102}},"type":"binary-expr","locations":[{"start":{"line":65,"column":79},"end":{"line":65,"column":92}},{"start":{"line":65,"column":96},"end":{"line":65,"column":102}}],"line":65},"4":{"loc":{"start":{"line":78,"column":67},"end":{"line":78,"column":93}},"type":"binary-expr","locations":[{"start":{"line":78,"column":67},"end":{"line":78,"column":80}},{"start":{"line":78,"column":84},"end":{"line":78,"column":93}}],"line":78},"5":{"loc":{"start":{"line":84,"column":17},"end":{"line":91,"column":17}},"type":"binary-expr","locations":[{"start":{"line":84,"column":17},"end":{"line":84,"column":24}},{"start":{"line":85,"column":20},"end":{"line":90,"column":27}}],"line":84}},"s":{"0":0,"1":0,"2":0,"3":0,"4":0,"5":0,"6":0,"7":0,"8":0,"9":0,"10":0,"11":0},"f":{"0":0,"1":0,"2":0},"b":{"0":[0,0],"1":[0,0],"2":[0,0],"3":[0,0],"4":[0,0],"5":[0,0]}},"D:\\eremef\\Documents\\AI\\antigravity\\Bandcamp-player\\mobile\\app\\index.tsx":{"path":"D:\\eremef\\Documents\\AI\\antigravity\\Bandcamp-player\\mobile\\app\\index.tsx","statementMap":{"0":{"start":{"line":11,"column":19},"end":{"line":11,"column":38}},"1":{"start":{"line":15,"column":8},"end":{"line":15,"column":18}},"2":{"start":{"line":16,"column":19},"end":{"line":16,"column":29}},"3":{"start":{"line":17,"column":19},"end":{"line":17,"column":30}},"4":{"start":{"line":18,"column":34},"end":{"line":18,"column":50}},"5":{"start":{"line":19,"column":52},"end":{"line":19,"column":66}},"6":{"start":{"line":21,"column":4},"end":{"line":28,"column":22}},"7":{"start":{"line":23,"column":21},"end":{"line":26,"column":9}},"8":{"start":{"line":24,"column":12},"end":{"line":24,"column":32}},"9":{"start":{"line":25,"column":12},"end":{"line":25,"column":39}},"10":{"start":{"line":27,"column":8},"end":{"line":27,"column":15}},"11":{"start":{"line":30,"column":4},"end":{"line":32,"column":17}},"12":{"start":{"line":31,"column":8},"end":{"line":31,"column":27}},"13":{"start":{"line":35,"column":4},"end":{"line":46,"column":81}},"14":{"start":{"line":36,"column":8},"end":{"line":45,"column":9}},"15":{"start":{"line":38,"column":16},"end":{"line":39,"column":86}},"16":{"start":{"line":41,"column":12},"end":{"line":44,"column":13}},"17":{"start":{"line":42,"column":16},"end":{"line":42,"column":90}},"18":{"start":{"line":43,"column":16},"end":{"line":43,"column":49}},"19":{"start":{"line":48,"column":26},"end":{"line":52,"column":5}},"20":{"start":{"line":49,"column":25},"end":{"line":49,"column":38}},"21":{"start":{"line":50,"column":8},"end":{"line":50,"column":28}},"22":{"start":{"line":51,"column":8},"end":{"line":51,"column":26}},"23":{"start":{"line":54,"column":29},"end":{"line":59,"column":5}},"24":{"start":{"line":55,"column":8},"end":{"line":55,"column":31}},"25":{"start":{"line":56,"column":8},"end":{"line":58,"column":9}},"26":{"start":{"line":57,"column":12},"end":{"line":57,"column":45}},"27":{"start":{"line":61,"column":34},"end":{"line":63,"column":5}},"28":{"start":{"line":62,"column":8},"end":{"line":62,"column":39}},"29":{"start":{"line":65,"column":37},"end":{"line":73,"column":5}},"30":{"start":{"line":66,"column":8},"end":{"line":66,"column":36}},"31":{"start":{"line":69,"column":8},"end":{"line":71,"column":9}},"32":{"start":{"line":70,"column":12},"end":{"line":70,"column":63}},"33":{"start":{"line":72,"column":8},"end":{"line":72,"column":41}},"34":{"start":{"line":75,"column":4},"end":{"line":90,"column":5}},"35":{"start":{"line":76,"column":8},"end":{"line":89,"column":10}},"36":{"start":{"line":82,"column":24},"end":{"line":82,"column":51}},"37":{"start":{"line":83,"column":24},"end":{"line":83,"column":37}},"38":{"start":{"line":92,"column":4},"end":{"line":260,"column":6}},"39":{"start":{"line":125,"column":43},"end":{"line":125,"column":69}},"40":{"start":{"line":135,"column":43},"end":{"line":135,"column":73}},"41":{"start":{"line":150,"column":55},"end":{"line":150,"column":87}},"42":{"start":{"line":157,"column":55},"end":{"line":157,"column":67}},"43":{"start":{"line":179,"column":55},"end":{"line":179,"column":70}},"44":{"start":{"line":191,"column":55},"end":{"line":191,"column":66}},"45":{"start":{"line":216,"column":48},"end":{"line":228,"column":67}},"46":{"start":{"line":219,"column":67},"end":{"line":219,"column":84}},"47":{"start":{"line":224,"column":71},"end":{"line":224,"column":89}},"48":{"start":{"line":263,"column":15},"end":{"line":411,"column":2}}},"fnMap":{"0":{"name":"ConnectScreen","decl":{"start":{"line":10,"column":24},"end":{"line":10,"column":37}},"loc":{"start":{"line":10,"column":40},"end":{"line":261,"column":1}},"line":10},"1":{"name":"(anonymous_1)","decl":{"start":{"line":21,"column":14},"end":{"line":21,"column":15}},"loc":{"start":{"line":21,"column":20},"end":{"line":28,"column":5}},"line":21},"2":{"name":"(anonymous_2)","decl":{"start":{"line":23,"column":21},"end":{"line":23,"column":22}},"loc":{"start":{"line":23,"column":33},"end":{"line":26,"column":9}},"line":23},"3":{"name":"(anonymous_3)","decl":{"start":{"line":30,"column":14},"end":{"line":30,"column":15}},"loc":{"start":{"line":30,"column":20},"end":{"line":32,"column":5}},"line":30},"4":{"name":"(anonymous_4)","decl":{"start":{"line":35,"column":14},"end":{"line":35,"column":15}},"loc":{"start":{"line":35,"column":20},"end":{"line":46,"column":5}},"line":35},"5":{"name":"(anonymous_5)","decl":{"start":{"line":48,"column":26},"end":{"line":48,"column":27}},"loc":{"start":{"line":48,"column":43},"end":{"line":52,"column":5}},"line":48},"6":{"name":"(anonymous_6)","decl":{"start":{"line":54,"column":29},"end":{"line":54,"column":30}},"loc":{"start":{"line":54,"column":73},"end":{"line":59,"column":5}},"line":54},"7":{"name":"(anonymous_7)","decl":{"start":{"line":61,"column":34},"end":{"line":61,"column":35}},"loc":{"start":{"line":61,"column":40},"end":{"line":63,"column":5}},"line":61},"8":{"name":"(anonymous_8)","decl":{"start":{"line":65,"column":37},"end":{"line":65,"column":38}},"loc":{"start":{"line":65,"column":49},"end":{"line":73,"column":5}},"line":65},"9":{"name":"(anonymous_9)","decl":{"start":{"line":81,"column":47},"end":{"line":81,"column":48}},"loc":{"start":{"line":81,"column":53},"end":{"line":84,"column":21}},"line":81},"10":{"name":"(anonymous_10)","decl":{"start":{"line":125,"column":37},"end":{"line":125,"column":38}},"loc":{"start":{"line":125,"column":43},"end":{"line":125,"column":69}},"line":125},"11":{"name":"(anonymous_11)","decl":{"start":{"line":135,"column":37},"end":{"line":135,"column":38}},"loc":{"start":{"line":135,"column":43},"end":{"line":135,"column":73}},"line":135},"12":{"name":"(anonymous_12)","decl":{"start":{"line":150,"column":49},"end":{"line":150,"column":50}},"loc":{"start":{"line":150,"column":55},"end":{"line":150,"column":87}},"line":150},"13":{"name":"(anonymous_13)","decl":{"start":{"line":157,"column":49},"end":{"line":157,"column":50}},"loc":{"start":{"line":157,"column":55},"end":{"line":157,"column":67}},"line":157},"14":{"name":"(anonymous_14)","decl":{"start":{"line":179,"column":49},"end":{"line":179,"column":50}},"loc":{"start":{"line":179,"column":55},"end":{"line":179,"column":70}},"line":179},"15":{"name":"(anonymous_15)","decl":{"start":{"line":191,"column":49},"end":{"line":191,"column":50}},"loc":{"start":{"line":191,"column":55},"end":{"line":191,"column":66}},"line":191},"16":{"name":"(anonymous_16)","decl":{"start":{"line":215,"column":59},"end":{"line":215,"column":60}},"loc":{"start":{"line":216,"column":48},"end":{"line":228,"column":67}},"line":216},"17":{"name":"(anonymous_17)","decl":{"start":{"line":219,"column":61},"end":{"line":219,"column":62}},"loc":{"start":{"line":219,"column":67},"end":{"line":219,"column":84}},"line":219},"18":{"name":"(anonymous_18)","decl":{"start":{"line":224,"column":65},"end":{"line":224,"column":66}},"loc":{"start":{"line":224,"column":71},"end":{"line":224,"column":89}},"line":224}},"branchMap":{"0":{"loc":{"start":{"line":36,"column":8},"end":{"line":45,"column":9}},"type":"if","locations":[{"start":{"line":36,"column":8},"end":{"line":45,"column":9}},{"start":{},"end":{}}],"line":36},"1":{"loc":{"start":{"line":38,"column":16},"end":{"line":39,"column":86}},"type":"binary-expr","locations":[{"start":{"line":38,"column":18},"end":{"line":38,"column":35}},{"start":{"line":38,"column":39},"end":{"line":38,"column":60}},{"start":{"line":38,"column":65},"end":{"line":38,"column":97}},{"start":{"line":39,"column":17},"end":{"line":39,"column":34}},{"start":{"line":39,"column":39},"end":{"line":39,"column":60}},{"start":{"line":39,"column":64},"end":{"line":39,"column":84}}],"line":38},"2":{"loc":{"start":{"line":41,"column":12},"end":{"line":44,"column":13}},"type":"if","locations":[{"start":{"line":41,"column":12},"end":{"line":44,"column":13}},{"start":{},"end":{}}],"line":41},"3":{"loc":{"start":{"line":41,"column":16},"end":{"line":41,"column":61}},"type":"binary-expr","locations":[{"start":{"line":41,"column":16},"end":{"line":41,"column":25}},{"start":{"line":41,"column":29},"end":{"line":41,"column":61}}],"line":41},"4":{"loc":{"start":{"line":49,"column":25},"end":{"line":49,"column":38}},"type":"binary-expr","locations":[{"start":{"line":49,"column":25},"end":{"line":49,"column":27}},{"start":{"line":49,"column":31},"end":{"line":49,"column":38}}],"line":49},"5":{"loc":{"start":{"line":56,"column":8},"end":{"line":58,"column":9}},"type":"if","locations":[{"start":{"line":56,"column":8},"end":{"line":58,"column":9}},{"start":{},"end":{}}],"line":56},"6":{"loc":{"start":{"line":56,"column":12},"end":{"line":56,"column":88}},"type":"binary-expr","locations":[{"start":{"line":56,"column":12},"end":{"line":56,"column":32}},{"start":{"line":56,"column":36},"end":{"line":56,"column":88}}],"line":56},"7":{"loc":{"start":{"line":69,"column":8},"end":{"line":71,"column":9}},"type":"if","locations":[{"start":{"line":69,"column":8},"end":{"line":71,"column":9}},{"start":{},"end":{}}],"line":69},"8":{"loc":{"start":{"line":75,"column":4},"end":{"line":90,"column":5}},"type":"if","locations":[{"start":{"line":75,"column":4},"end":{"line":90,"column":5}},{"start":{},"end":{}}],"line":75},"9":{"loc":{"start":{"line":75,"column":8},"end":{"line":75,"column":61}},"type":"binary-expr","locations":[{"start":{"line":75,"column":8},"end":{"line":75,"column":24}},{"start":{"line":75,"column":28},"end":{"line":75,"column":61}}],"line":75},"10":{"loc":{"start":{"line":99,"column":25},"end":{"line":103,"column":25}},"type":"cond-expr","locations":[{"start":{"line":100,"column":28},"end":{"line":100,"column":68}},{"start":{"line":102,"column":28},"end":{"line":102,"column":69}}],"line":99},"11":{"loc":{"start":{"line":107,"column":25},"end":{"line":107,"column":86}},"type":"cond-expr","locations":[{"start":{"line":107,"column":45},"end":{"line":107,"column":62}},{"start":{"line":107,"column":65},"end":{"line":107,"column":86}}],"line":107},"12":{"loc":{"start":{"line":111,"column":25},"end":{"line":115,"column":66}},"type":"cond-expr","locations":[{"start":{"line":112,"column":30},"end":{"line":112,"column":59}},{"start":{"line":113,"column":31},"end":{"line":115,"column":65}}],"line":111},"13":{"loc":{"start":{"line":113,"column":31},"end":{"line":115,"column":65}},"type":"cond-expr","locations":[{"start":{"line":114,"column":34},"end":{"line":114,"column":97}},{"start":{"line":115,"column":34},"end":{"line":115,"column":65}}],"line":113},"14":{"loc":{"start":{"line":114,"column":50},"end":{"line":114,"column":95}},"type":"binary-expr","locations":[{"start":{"line":114,"column":50},"end":{"line":114,"column":72}},{"start":{"line":114,"column":76},"end":{"line":114,"column":95}}],"line":114},"15":{"loc":{"start":{"line":123,"column":32},"end":{"line":123,"column":85}},"type":"binary-expr","locations":[{"start":{"line":123,"column":32},"end":{"line":123,"column":49}},{"start":{"line":123,"column":53},"end":{"line":123,"column":85}}],"line":123},"16":{"loc":{"start":{"line":127,"column":73},"end":{"line":127,"column":127}},"type":"cond-expr","locations":[{"start":{"line":127,"column":93},"end":{"line":127,"column":104}},{"start":{"line":127,"column":107},"end":{"line":127,"column":127}}],"line":127},"17":{"loc":{"start":{"line":133,"column":32},"end":{"line":133,"column":89}},"type":"binary-expr","locations":[{"start":{"line":133,"column":32},"end":{"line":133,"column":53}},{"start":{"line":133,"column":57},"end":{"line":133,"column":89}}],"line":133},"18":{"loc":{"start":{"line":137,"column":73},"end":{"line":137,"column":131}},"type":"cond-expr","locations":[{"start":{"line":137,"column":97},"end":{"line":137,"column":108}},{"start":{"line":137,"column":111},"end":{"line":137,"column":131}}],"line":137},"19":{"loc":{"start":{"line":141,"column":21},"end":{"line":256,"column":21}},"type":"cond-expr","locations":[{"start":{"line":142,"column":24},"end":{"line":234,"column":31}},{"start":{"line":236,"column":24},"end":{"line":255,"column":31}}],"line":141},"20":{"loc":{"start":{"line":143,"column":29},"end":{"line":233,"column":29}},"type":"cond-expr","locations":[{"start":{"line":144,"column":32},"end":{"line":161,"column":39}},{"start":{"line":163,"column":32},"end":{"line":232,"column":35}}],"line":143},"21":{"loc":{"start":{"line":178,"column":99},"end":{"line":178,"column":157}},"type":"binary-expr","locations":[{"start":{"line":178,"column":99},"end":{"line":178,"column":132}},{"start":{"line":178,"column":136},"end":{"line":178,"column":157}}],"line":178},"22":{"loc":{"start":{"line":182,"column":41},"end":{"line":186,"column":41}},"type":"cond-expr","locations":[{"start":{"line":183,"column":44},"end":{"line":183,"column":79}},{"start":{"line":185,"column":44},"end":{"line":185,"column":111}}],"line":182},"23":{"loc":{"start":{"line":190,"column":99},"end":{"line":190,"column":134}},"type":"binary-expr","locations":[{"start":{"line":190,"column":99},"end":{"line":190,"column":109}},{"start":{"line":190,"column":113},"end":{"line":190,"column":134}}],"line":190},"24":{"loc":{"start":{"line":192,"column":50},"end":{"line":192,"column":97}},"type":"binary-expr","locations":[{"start":{"line":192,"column":50},"end":{"line":192,"column":83}},{"start":{"line":192,"column":87},"end":{"line":192,"column":97}}],"line":192},"25":{"loc":{"start":{"line":194,"column":41},"end":{"line":201,"column":41}},"type":"cond-expr","locations":[{"start":{"line":195,"column":44},"end":{"line":195,"column":87}},{"start":{"line":197,"column":44},"end":{"line":200,"column":51}}],"line":194},"26":{"loc":{"start":{"line":204,"column":37},"end":{"line":209,"column":37}},"type":"binary-expr","locations":[{"start":{"line":204,"column":37},"end":{"line":204,"column":72}},{"start":{"line":204,"column":76},"end":{"line":204,"column":82}},{"start":{"line":204,"column":86},"end":{"line":204,"column":103}},{"start":{"line":205,"column":40},"end":{"line":208,"column":47}}],"line":204},"27":{"loc":{"start":{"line":212,"column":37},"end":{"line":231,"column":37}},"type":"binary-expr","locations":[{"start":{"line":212,"column":37},"end":{"line":212,"column":57}},{"start":{"line":213,"column":40},"end":{"line":230,"column":47}}],"line":212},"28":{"loc":{"start":{"line":237,"column":29},"end":{"line":254,"column":29}},"type":"cond-expr","locations":[{"start":{"line":238,"column":32},"end":{"line":243,"column":51}},{"start":{"line":245,"column":32},"end":{"line":253,"column":51}}],"line":237}},"s":{"0":0,"1":0,"2":0,"3":0,"4":0,"5":0,"6":0,"7":0,"8":0,"9":0,"10":0,"11":0,"12":0,"13":0,"14":0,"15":0,"16":0,"17":0,"18":0,"19":0,"20":0,"21":0,"22":0,"23":0,"24":0,"25":0,"26":0,"27":0,"28":0,"29":0,"30":0,"31":0,"32":0,"33":0,"34":0,"35":0,"36":0,"37":0,"38":0,"39":0,"40":0,"41":0,"42":0,"43":0,"44":0,"45":0,"46":0,"47":0,"48":0},"f":{"0":0,"1":0,"2":0,"3":0,"4":0,"5":0,"6":0,"7":0,"8":0,"9":0,"10":0,"11":0,"12":0,"13":0,"14":0,"15":0,"16":0,"17":0,"18":0},"b":{"0":[0,0],"1":[0,0,0,0,0,0],"2":[0,0],"3":[0,0],"4":[0,0],"5":[0,0],"6":[0,0],"7":[0,0],"8":[0,0],"9":[0,0],"10":[0,0],"11":[0,0],"12":[0,0],"13":[0,0],"14":[0,0],"15":[0,0],"16":[0,0],"17":[0,0],"18":[0,0],"19":[0,0],"20":[0,0],"21":[0,0],"22":[0,0],"23":[0,0],"24":[0,0],"25":[0,0],"26":[0,0,0,0],"27":[0,0],"28":[0,0]}}}}
