{"D:\\eremef\\Documents\\AI\\antigravity\\Bandcamp-player\\mobile\\app\\+not-found.tsx": {"path":"D:\\eremef\\Documents\\AI\\antigravity\\Bandcamp-player\\mobile\\app\\+not-found.tsx","statementMap":{"0":{"start":{"line":6,"column":19},"end":{"line":6,"column":30}},"1":{"start":{"line":8,"column":4},"end":{"line":15,"column":11}},"2":{"start":{"line":11,"column":22},"end":{"line":13,"column":15}},"3":{"start":{"line":12,"column":12},"end":{"line":12,"column":32}},"4":{"start":{"line":14,"column":8},"end":{"line":14,"column":41}},"5":{"start":{"line":14,"column":21},"end":{"line":14,"column":40}},"6":{"start":{"line":17,"column":4},"end":{"line":27,"column":6}},"7":{"start":{"line":22,"column":49},"end":{"line":22,"column":68}},"8":{"start":{"line":30,"column":15},"end":{"line":52,"column":2}}},"fnMap":{"0":{"name":"NotFoundScreen","decl":{"start":{"line":5,"column":24},"end":{"line":5,"column":38}},"loc":{"start":{"line":5,"column":41},"end":{"line":28,"column":1}},"line":5},"1":{"name":"(anonymous_1)","decl":{"start":{"line":8,"column":14},"end":{"line":8,"column":15}},"loc":{"start":{"line":8,"column":20},"end":{"line":15,"column":5}},"line":8},"2":{"name":"(anonymous_2)","decl":{"start":{"line":11,"column":33},"end":{"line":11,"column":34}},"loc":{"start":{"line":11,"column":39},"end":{"line":13,"column":9}},"line":11},"3":{"name":"(anonymous_3)","decl":{"start":{"line":14,"column":15},"end":{"line":14,"column":16}},"loc":{"start":{"line":14,"column":21},"end":{"line":14,"column":40}},"line":14},"4":{"name":"(anonymous_4)","decl":{"start":{"line":22,"column":43},"end":{"line":22,"column":44}},"loc":{"start":{"line":22,"column":49},"end":{"line":22,"column":68}},"line":22}},"branchMap":{},"s":{"0":0,"1":0,"2":0,"3":0,"4":0,"5":0,"6":0,"7":0,"8":0},"f":{"0":0,"1":0,"2":0,"3":0,"4":0},"b":{}}
,"D:\\eremef\\Documents\\AI\\antigravity\\Bandcamp-player\\mobile\\app\\_layout.tsx": {"path":"D:\\eremef\\Documents\\AI\\antigravity\\Bandcamp-player\\mobile\\app\\_layout.tsx","statementMap":{"0":{"start":{"line":10,"column":0},"end":{"line":10,"column":59}},"1":{"start":{"line":10,"column":42},"end":{"line":10,"column":57}},"2":{"start":{"line":14,"column":29},"end":{"line":14,"column":72}},"3":{"start":{"line":14,"column":49},"end":{"line":14,"column":71}},"4":{"start":{"line":15,"column":19},"end":{"line":15,"column":30}},"5":{"start":{"line":16,"column":21},"end":{"line":16,"column":34}},"6":{"start":{"line":18,"column":4},"end":{"line":20,"column":11}},"7":{"start":{"line":19,"column":8},"end":{"line":19,"column":22}},"8":{"start":{"line":22,"column":4},"end":{"line":33,"column":37}},"9":{"start":{"line":24,"column":28},"end":{"line":24,"column":52}},"10":{"start":{"line":27,"column":8},"end":{"line":32,"column":9}},"11":{"start":{"line":28,"column":12},"end":{"line":28,"column":45}},"12":{"start":{"line":29,"column":15},"end":{"line":32,"column":9}},"13":{"start":{"line":31,"column":12},"end":{"line":31,"column":32}},"14":{"start":{"line":35,"column":4},"end":{"line":40,"column":6}}},"fnMap":{"0":{"name":"(anonymous_0)","decl":{"start":{"line":10,"column":36},"end":{"line":10,"column":37}},"loc":{"start":{"line":10,"column":42},"end":{"line":10,"column":57}},"line":10},"1":{"name":"RootLayout","decl":{"start":{"line":13,"column":24},"end":{"line":13,"column":34}},"loc":{"start":{"line":13,"column":37},"end":{"line":41,"column":1}},"line":13},"2":{"name":"(anonymous_2)","decl":{"start":{"line":14,"column":38},"end":{"line":14,"column":39}},"loc":{"start":{"line":14,"column":49},"end":{"line":14,"column":71}},"line":14},"3":{"name":"(anonymous_3)","decl":{"start":{"line":18,"column":14},"end":{"line":18,"column":15}},"loc":{"start":{"line":18,"column":20},"end":{"line":20,"column":5}},"line":18},"4":{"name":"(anonymous_4)","decl":{"start":{"line":22,"column":14},"end":{"line":22,"column":15}},"loc":{"start":{"line":22,"column":20},"end":{"line":33,"column":5}},"line":22}},"branchMap":{"0":{"loc":{"start":{"line":27,"column":8},"end":{"line":32,"column":9}},"type":"if","locations":[{"start":{"line":27,"column":8},"end":{"line":32,"column":9}},{"start":{"line":29,"column":15},"end":{"line":32,"column":9}}],"line":27},"1":{"loc":{"start":{"line":27,"column":12},"end":{"line":27,"column":60}},"type":"binary-expr","locations":[{"start":{"line":27,"column":12},"end":{"line":27,"column":44}},{"start":{"line":27,"column":48},"end":{"line":27,"column":60}}],"line":27},"2":{"loc":{"start":{"line":29,"column":15},"end":{"line":32,"column":9}},"type":"if","locations":[{"start":{"line":29,"column":15},"end":{"line":32,"column":9}},{"start":{},"end":{}}],"line":29},"3":{"loc":{"start":{"line":29,"column":19},"end":{"line":29,"column":66}},"type":"binary-expr","locations":[{"start":{"line":29,"column":19},"end":{"line":29,"column":51}},{"start":{"line":29,"column":55},"end":{"line":29,"column":66}}],"line":29}},"s":{"0":0,"1":0,"2":0,"3":0,"4":0,"5":0,"6":0,"7":0,"8":0,"9":0,"10":0,"11":0,"12":0,"13":0,"14":0},"f":{"0":0,"1":0,"2":0,"3":0,"4":0},"b":{"0":[0,0],"1":[0,0],"2":[0,0],"3":[0,0]}}
,"D:\\eremef\\Documents\\AI\\antigravity\\Bandcamp-player\\mobile\\app\\index.tsx": {"path":"D:\\eremef\\Documents\\AI\\antigravity\\Bandcamp-player\\mobile\\app\\index.tsx","statementMap":{"0":{"start":{"line":8,"column":124},"end":{"line":8,"column":134}},"1":{"start":{"line":9,"column":34},"end":{"line":9,"column":50}},"2":{"start":{"line":10,"column":52},"end":{"line":10,"column":66}},"3":{"start":{"line":12,"column":4},"end":{"line":19,"column":11}},"4":{"start":{"line":14,"column":21},"end":{"line":17,"column":9}},"5":{"start":{"line":15,"column":12},"end":{"line":15,"column":32}},"6":{"start":{"line":16,"column":12},"end":{"line":16,"column":39}},"7":{"start":{"line":18,"column":8},"end":{"line":18,"column":15}},"8":{"start":{"line":21,"column":4},"end":{"line":23,"column":17}},"9":{"start":{"line":22,"column":8},"end":{"line":22,"column":27}},"10":{"start":{"line":25,"column":26},"end":{"line":29,"column":5}},"11":{"start":{"line":26,"column":25},"end":{"line":26,"column":38}},"12":{"start":{"line":27,"column":8},"end":{"line":27,"column":28}},"13":{"start":{"line":28,"column":8},"end":{"line":28,"column":26}},"14":{"start":{"line":31,"column":4},"end":{"line":43,"column":5}},"15":{"start":{"line":32,"column":8},"end":{"line":42,"column":10}},"16":{"start":{"line":37,"column":53},"end":{"line":37,"column":79}},"17":{"start":{"line":45,"column":4},"end":{"line":121,"column":6}},"18":{"start":{"line":69,"column":35},"end":{"line":69,"column":50}},"19":{"start":{"line":81,"column":35},"end":{"line":81,"column":46}},"20":{"start":{"line":103,"column":28},"end":{"line":115,"column":47}},"21":{"start":{"line":106,"column":47},"end":{"line":106,"column":64}},"22":{"start":{"line":111,"column":51},"end":{"line":111,"column":69}},"23":{"start":{"line":124,"column":15},"end":{"line":246,"column":2}}},"fnMap":{"0":{"name":"ConnectScreen","decl":{"start":{"line":7,"column":24},"end":{"line":7,"column":37}},"loc":{"start":{"line":7,"column":40},"end":{"line":122,"column":1}},"line":7},"1":{"name":"(anonymous_1)","decl":{"start":{"line":12,"column":14},"end":{"line":12,"column":15}},"loc":{"start":{"line":12,"column":20},"end":{"line":19,"column":5}},"line":12},"2":{"name":"(anonymous_2)","decl":{"start":{"line":14,"column":21},"end":{"line":14,"column":22}},"loc":{"start":{"line":14,"column":33},"end":{"line":17,"column":9}},"line":14},"3":{"name":"(anonymous_3)","decl":{"start":{"line":21,"column":14},"end":{"line":21,"column":15}},"loc":{"start":{"line":21,"column":20},"end":{"line":23,"column":5}},"line":21},"4":{"name":"(anonymous_4)","decl":{"start":{"line":25,"column":26},"end":{"line":25,"column":27}},"loc":{"start":{"line":25,"column":43},"end":{"line":29,"column":5}},"line":25},"5":{"name":"(anonymous_5)","decl":{"start":{"line":37,"column":47},"end":{"line":37,"column":48}},"loc":{"start":{"line":37,"column":53},"end":{"line":37,"column":79}},"line":37},"6":{"name":"(anonymous_6)","decl":{"start":{"line":69,"column":29},"end":{"line":69,"column":30}},"loc":{"start":{"line":69,"column":35},"end":{"line":69,"column":50}},"line":69},"7":{"name":"(anonymous_7)","decl":{"start":{"line":81,"column":29},"end":{"line":81,"column":30}},"loc":{"start":{"line":81,"column":35},"end":{"line":81,"column":46}},"line":81},"8":{"name":"(anonymous_8)","decl":{"start":{"line":102,"column":39},"end":{"line":102,"column":40}},"loc":{"start":{"line":103,"column":28},"end":{"line":115,"column":47}},"line":103},"9":{"name":"(anonymous_9)","decl":{"start":{"line":106,"column":41},"end":{"line":106,"column":42}},"loc":{"start":{"line":106,"column":47},"end":{"line":106,"column":64}},"line":106},"10":{"name":"(anonymous_10)","decl":{"start":{"line":111,"column":45},"end":{"line":111,"column":46}},"loc":{"start":{"line":111,"column":51},"end":{"line":111,"column":69}},"line":111}},"branchMap":{"0":{"loc":{"start":{"line":26,"column":25},"end":{"line":26,"column":38}},"type":"binary-expr","locations":[{"start":{"line":26,"column":25},"end":{"line":26,"column":27}},{"start":{"line":26,"column":31},"end":{"line":26,"column":38}}],"line":26},"1":{"loc":{"start":{"line":31,"column":4},"end":{"line":43,"column":5}},"type":"if","locations":[{"start":{"line":31,"column":4},"end":{"line":43,"column":5}},{"start":{},"end":{}}],"line":31},"2":{"loc":{"start":{"line":31,"column":8},"end":{"line":31,"column":61}},"type":"binary-expr","locations":[{"start":{"line":31,"column":8},"end":{"line":31,"column":24}},{"start":{"line":31,"column":28},"end":{"line":31,"column":61}}],"line":31},"3":{"loc":{"start":{"line":68,"column":43},"end":{"line":68,"column":101}},"type":"binary-expr","locations":[{"start":{"line":68,"column":43},"end":{"line":68,"column":76}},{"start":{"line":68,"column":80},"end":{"line":68,"column":101}}],"line":68},"4":{"loc":{"start":{"line":72,"column":21},"end":{"line":76,"column":21}},"type":"cond-expr","locations":[{"start":{"line":73,"column":24},"end":{"line":73,"column":59}},{"start":{"line":75,"column":24},"end":{"line":75,"column":70}}],"line":72},"5":{"loc":{"start":{"line":80,"column":47},"end":{"line":80,"column":82}},"type":"binary-expr","locations":[{"start":{"line":80,"column":47},"end":{"line":80,"column":57}},{"start":{"line":80,"column":61},"end":{"line":80,"column":82}}],"line":80},"6":{"loc":{"start":{"line":82,"column":30},"end":{"line":82,"column":77}},"type":"binary-expr","locations":[{"start":{"line":82,"column":30},"end":{"line":82,"column":63}},{"start":{"line":82,"column":67},"end":{"line":82,"column":77}}],"line":82},"7":{"loc":{"start":{"line":84,"column":21},"end":{"line":88,"column":21}},"type":"cond-expr","locations":[{"start":{"line":85,"column":24},"end":{"line":85,"column":61}},{"start":{"line":87,"column":24},"end":{"line":87,"column":84}}],"line":84},"8":{"loc":{"start":{"line":91,"column":17},"end":{"line":96,"column":17}},"type":"binary-expr","locations":[{"start":{"line":91,"column":17},"end":{"line":91,"column":52}},{"start":{"line":91,"column":56},"end":{"line":91,"column":62}},{"start":{"line":91,"column":66},"end":{"line":91,"column":83}},{"start":{"line":92,"column":20},"end":{"line":95,"column":27}}],"line":91},"9":{"loc":{"start":{"line":99,"column":17},"end":{"line":118,"column":17}},"type":"binary-expr","locations":[{"start":{"line":99,"column":17},"end":{"line":99,"column":37}},{"start":{"line":100,"column":20},"end":{"line":117,"column":27}}],"line":99}},"s":{"0":0,"1":0,"2":0,"3":0,"4":0,"5":0,"6":0,"7":0,"8":0,"9":0,"10":0,"11":0,"12":0,"13":0,"14":0,"15":0,"16":0,"17":0,"18":0,"19":0,"20":0,"21":0,"22":0,"23":0},"f":{"0":0,"1":0,"2":0,"3":0,"4":0,"5":0,"6":0,"7":0,"8":0,"9":0,"10":0},"b":{"0":[0,0],"1":[0,0],"2":[0,0],"3":[0,0],"4":[0,0],"5":[0,0],"6":[0,0],"7":[0,0],"8":[0,0,0,0],"9":[0,0]}}
,"D:\\eremef\\Documents\\AI\\antigravity\\Bandcamp-player\\mobile\\app\\(tabs)\\_layout.tsx": {"path":"D:\\eremef\\Documents\\AI\\antigravity\\Bandcamp-player\\mobile\\app\\(tabs)\\_layout.tsx","statementMap":{"0":{"start":{"line":9,"column":29},"end":{"line":9,"column":72}},"1":{"start":{"line":9,"column":49},"end":{"line":9,"column":71}},"2":{"start":{"line":10,"column":19},"end":{"line":10,"column":38}},"3":{"start":{"line":12,"column":4},"end":{"line":14,"column":5}},"4":{"start":{"line":13,"column":8},"end":{"line":13,"column":37}},"5":{"start":{"line":16,"column":4},"end":{"line":60,"column":6}},"6":{"start":{"line":35,"column":86},"end":{"line":35,"column":121}},"7":{"start":{"line":42,"column":86},"end":{"line":42,"column":123}},"8":{"start":{"line":49,"column":86},"end":{"line":49,"column":125}},"9":{"start":{"line":56,"column":86},"end":{"line":56,"column":121}}},"fnMap":{"0":{"name":"TabLayout","decl":{"start":{"line":8,"column":24},"end":{"line":8,"column":33}},"loc":{"start":{"line":8,"column":36},"end":{"line":61,"column":1}},"line":8},"1":{"name":"(anonymous_1)","decl":{"start":{"line":9,"column":38},"end":{"line":9,"column":39}},"loc":{"start":{"line":9,"column":49},"end":{"line":9,"column":71}},"line":9},"2":{"name":"(anonymous_2)","decl":{"start":{"line":35,"column":32},"end":{"line":35,"column":33}},"loc":{"start":{"line":35,"column":86},"end":{"line":35,"column":121}},"line":35},"3":{"name":"(anonymous_3)","decl":{"start":{"line":42,"column":32},"end":{"line":42,"column":33}},"loc":{"start":{"line":42,"column":86},"end":{"line":42,"column":123}},"line":42},"4":{"name":"(anonymous_4)","decl":{"start":{"line":49,"column":32},"end":{"line":49,"column":33}},"loc":{"start":{"line":49,"column":86},"end":{"line":49,"column":125}},"line":49},"5":{"name":"(anonymous_5)","decl":{"start":{"line":56,"column":32},"end":{"line":56,"column":33}},"loc":{"start":{"line":56,"column":86},"end":{"line":56,"column":121}},"line":56}},"branchMap":{"0":{"loc":{"start":{"line":12,"column":4},"end":{"line":14,"column":5}},"type":"if","locations":[{"start":{"line":12,"column":4},"end":{"line":14,"column":5}},{"start":{},"end":{}}],"line":12},"1":{"loc":{"start":{"line":23,"column":34},"end":{"line":23,"column":79}},"type":"cond-expr","locations":[{"start":{"line":23,"column":62},"end":{"line":23,"column":75}},{"start":{"line":23,"column":78},"end":{"line":23,"column":79}}],"line":23},"2":{"loc":{"start":{"line":24,"column":40},"end":{"line":24,"column":85}},"type":"cond-expr","locations":[{"start":{"line":24,"column":68},"end":{"line":24,"column":81}},{"start":{"line":24,"column":84},"end":{"line":24,"column":85}}],"line":24}},"s":{"0":0,"1":0,"2":0,"3":0,"4":0,"5":0,"6":0,"7":0,"8":0,"9":0},"f":{"0":0,"1":0,"2":0,"3":0,"4":0,"5":0},"b":{"0":[0,0],"1":[0,0],"2":[0,0]}}
,"D:\\eremef\\Documents\\AI\\antigravity\\Bandcamp-player\\mobile\\app\\(tabs)\\collection.tsx": {"path":"D:\\eremef\\Documents\\AI\\antigravity\\Bandcamp-player\\mobile\\app\\(tabs)\\collection.tsx","statementMap":{"0":{"start":{"line":11,"column":23},"end":{"line":11,"column":60}},"1":{"start":{"line":11,"column":43},"end":{"line":11,"column":59}},"2":{"start":{"line":12,"column":22},"end":{"line":12,"column":58}},"3":{"start":{"line":12,"column":42},"end":{"line":12,"column":57}},"4":{"start":{"line":13,"column":22},"end":{"line":13,"column":58}},"5":{"start":{"line":13,"column":42},"end":{"line":13,"column":57}},"6":{"start":{"line":14,"column":23},"end":{"line":14,"column":60}},"7":{"start":{"line":14,"column":43},"end":{"line":14,"column":59}},"8":{"start":{"line":15,"column":42},"end":{"line":15,"column":54}},"9":{"start":{"line":17,"column":31},"end":{"line":36,"column":33}},"10":{"start":{"line":18,"column":8},"end":{"line":18,"column":42}},"11":{"start":{"line":18,"column":32},"end":{"line":18,"column":42}},"12":{"start":{"line":19,"column":8},"end":{"line":19,"column":57}},"13":{"start":{"line":19,"column":33},"end":{"line":19,"column":57}},"14":{"start":{"line":21,"column":22},"end":{"line":21,"column":47}},"15":{"start":{"line":22,"column":8},"end":{"line":35,"column":11}},"16":{"start":{"line":23,"column":12},"end":{"line":33,"column":13}},"17":{"start":{"line":24,"column":16},"end":{"line":27,"column":18}},"18":{"start":{"line":28,"column":19},"end":{"line":33,"column":13}},"19":{"start":{"line":29,"column":16},"end":{"line":32,"column":18}},"20":{"start":{"line":34,"column":12},"end":{"line":34,"column":25}},"21":{"start":{"line":38,"column":26},"end":{"line":42,"column":5}},"22":{"start":{"line":39,"column":8},"end":{"line":41,"column":9}},"23":{"start":{"line":40,"column":12},"end":{"line":40,"column":52}},"24":{"start":{"line":44,"column":27},"end":{"line":56,"column":5}},"25":{"start":{"line":45,"column":8},"end":{"line":55,"column":9}},"26":{"start":{"line":46,"column":12},"end":{"line":46,"column":46}},"27":{"start":{"line":47,"column":15},"end":{"line":55,"column":9}},"28":{"start":{"line":50,"column":12},"end":{"line":54,"column":13}},"29":{"start":{"line":51,"column":16},"end":{"line":51,"column":50}},"30":{"start":{"line":53,"column":16},"end":{"line":53,"column":38}},"31":{"start":{"line":58,"column":29},"end":{"line":74,"column":5}},"32":{"start":{"line":59,"column":8},"end":{"line":73,"column":10}},"33":{"start":{"line":68,"column":24},"end":{"line":68,"column":37}},"34":{"start":{"line":69,"column":24},"end":{"line":69,"column":44}},"35":{"start":{"line":76,"column":23},"end":{"line":106,"column":5}},"36":{"start":{"line":79,"column":8},"end":{"line":89,"column":9}},"37":{"start":{"line":80,"column":12},"end":{"line":80,"column":47}},"38":{"start":{"line":81,"column":12},"end":{"line":81,"column":37}},"39":{"start":{"line":82,"column":12},"end":{"line":82,"column":39}},"40":{"start":{"line":83,"column":15},"end":{"line":89,"column":9}},"41":{"start":{"line":84,"column":12},"end":{"line":84,"column":47}},"42":{"start":{"line":85,"column":12},"end":{"line":85,"column":37}},"43":{"start":{"line":86,"column":12},"end":{"line":86,"column":39}},"44":{"start":{"line":88,"column":12},"end":{"line":88,"column":24}},"45":{"start":{"line":91,"column":8},"end":{"line":105,"column":10}},"46":{"start":{"line":92,"column":65},"end":{"line":92,"column":85}},"47":{"start":{"line":108,"column":4},"end":{"line":117,"column":5}},"48":{"start":{"line":109,"column":8},"end":{"line":116,"column":10}},"49":{"start":{"line":119,"column":4},"end":{"line":155,"column":6}},"50":{"start":{"line":149,"column":40},"end":{"line":149,"column":47}},"51":{"start":{"line":158,"column":15},"end":{"line":249,"column":2}}},"fnMap":{"0":{"name":"CollectionScreen","decl":{"start":{"line":10,"column":24},"end":{"line":10,"column":40}},"loc":{"start":{"line":10,"column":43},"end":{"line":156,"column":1}},"line":10},"1":{"name":"(anonymous_1)","decl":{"start":{"line":11,"column":32},"end":{"line":11,"column":33}},"loc":{"start":{"line":11,"column":43},"end":{"line":11,"column":59}},"line":11},"2":{"name":"(anonymous_2)","decl":{"start":{"line":12,"column":31},"end":{"line":12,"column":32}},"loc":{"start":{"line":12,"column":42},"end":{"line":12,"column":57}},"line":12},"3":{"name":"(anonymous_3)","decl":{"start":{"line":13,"column":31},"end":{"line":13,"column":32}},"loc":{"start":{"line":13,"column":42},"end":{"line":13,"column":57}},"line":13},"4":{"name":"(anonymous_4)","decl":{"start":{"line":14,"column":32},"end":{"line":14,"column":33}},"loc":{"start":{"line":14,"column":43},"end":{"line":14,"column":59}},"line":14},"5":{"name":"(anonymous_5)","decl":{"start":{"line":17,"column":39},"end":{"line":17,"column":40}},"loc":{"start":{"line":17,"column":45},"end":{"line":36,"column":5}},"line":17},"6":{"name":"(anonymous_6)","decl":{"start":{"line":22,"column":39},"end":{"line":22,"column":40}},"loc":{"start":{"line":22,"column":49},"end":{"line":35,"column":9}},"line":22},"7":{"name":"(anonymous_7)","decl":{"start":{"line":38,"column":26},"end":{"line":38,"column":27}},"loc":{"start":{"line":38,"column":32},"end":{"line":42,"column":5}},"line":38},"8":{"name":"(anonymous_8)","decl":{"start":{"line":44,"column":27},"end":{"line":44,"column":28}},"loc":{"start":{"line":44,"column":53},"end":{"line":56,"column":5}},"line":44},"9":{"name":"(anonymous_9)","decl":{"start":{"line":58,"column":29},"end":{"line":58,"column":30}},"loc":{"start":{"line":58,"column":35},"end":{"line":74,"column":5}},"line":58},"10":{"name":"(anonymous_10)","decl":{"start":{"line":67,"column":29},"end":{"line":67,"column":30}},"loc":{"start":{"line":67,"column":35},"end":{"line":70,"column":21}},"line":67},"11":{"name":"(anonymous_11)","decl":{"start":{"line":76,"column":23},"end":{"line":76,"column":24}},"loc":{"start":{"line":76,"column":63},"end":{"line":106,"column":5}},"line":76},"12":{"name":"(anonymous_12)","decl":{"start":{"line":92,"column":59},"end":{"line":92,"column":60}},"loc":{"start":{"line":92,"column":65},"end":{"line":92,"column":85}},"line":92},"13":{"name":"(anonymous_13)","decl":{"start":{"line":149,"column":30},"end":{"line":149,"column":31}},"loc":{"start":{"line":149,"column":40},"end":{"line":149,"column":47}},"line":149}},"branchMap":{"0":{"loc":{"start":{"line":18,"column":8},"end":{"line":18,"column":42}},"type":"if","locations":[{"start":{"line":18,"column":8},"end":{"line":18,"column":42}},{"start":{},"end":{}}],"line":18},"1":{"loc":{"start":{"line":19,"column":8},"end":{"line":19,"column":57}},"type":"if","locations":[{"start":{"line":19,"column":8},"end":{"line":19,"column":57}},{"start":{},"end":{}}],"line":19},"2":{"loc":{"start":{"line":23,"column":12},"end":{"line":33,"column":13}},"type":"if","locations":[{"start":{"line":23,"column":12},"end":{"line":33,"column":13}},{"start":{"line":28,"column":19},"end":{"line":33,"column":13}}],"line":23},"3":{"loc":{"start":{"line":23,"column":16},"end":{"line":23,"column":51}},"type":"binary-expr","locations":[{"start":{"line":23,"column":16},"end":{"line":23,"column":37}},{"start":{"line":23,"column":41},"end":{"line":23,"column":51}}],"line":23},"4":{"loc":{"start":{"line":25,"column":20},"end":{"line":26,"column":67}},"type":"binary-expr","locations":[{"start":{"line":25,"column":20},"end":{"line":25,"column":66}},{"start":{"line":26,"column":20},"end":{"line":26,"column":67}}],"line":25},"5":{"loc":{"start":{"line":28,"column":19},"end":{"line":33,"column":13}},"type":"if","locations":[{"start":{"line":28,"column":19},"end":{"line":33,"column":13}},{"start":{},"end":{}}],"line":28},"6":{"loc":{"start":{"line":28,"column":23},"end":{"line":28,"column":58}},"type":"binary-expr","locations":[{"start":{"line":28,"column":23},"end":{"line":28,"column":44}},{"start":{"line":28,"column":48},"end":{"line":28,"column":58}}],"line":28},"7":{"loc":{"start":{"line":30,"column":20},"end":{"line":31,"column":67}},"type":"binary-expr","locations":[{"start":{"line":30,"column":20},"end":{"line":30,"column":66}},{"start":{"line":31,"column":20},"end":{"line":31,"column":67}}],"line":30},"8":{"loc":{"start":{"line":39,"column":8},"end":{"line":41,"column":9}},"type":"if","locations":[{"start":{"line":39,"column":8},"end":{"line":41,"column":9}},{"start":{},"end":{}}],"line":39},"9":{"loc":{"start":{"line":45,"column":8},"end":{"line":55,"column":9}},"type":"if","locations":[{"start":{"line":45,"column":8},"end":{"line":55,"column":9}},{"start":{"line":47,"column":15},"end":{"line":55,"column":9}}],"line":45},"10":{"loc":{"start":{"line":45,"column":12},"end":{"line":45,"column":60}},"type":"binary-expr","locations":[{"start":{"line":45,"column":12},"end":{"line":45,"column":33}},{"start":{"line":45,"column":37},"end":{"line":45,"column":60}}],"line":45},"11":{"loc":{"start":{"line":47,"column":15},"end":{"line":55,"column":9}},"type":"if","locations":[{"start":{"line":47,"column":15},"end":{"line":55,"column":9}},{"start":{},"end":{}}],"line":47},"12":{"loc":{"start":{"line":47,"column":19},"end":{"line":47,"column":54}},"type":"binary-expr","locations":[{"start":{"line":47,"column":19},"end":{"line":47,"column":40}},{"start":{"line":47,"column":44},"end":{"line":47,"column":54}}],"line":47},"13":{"loc":{"start":{"line":50,"column":12},"end":{"line":54,"column":13}},"type":"if","locations":[{"start":{"line":50,"column":12},"end":{"line":54,"column":13}},{"start":{"line":52,"column":19},"end":{"line":54,"column":13}}],"line":50},"14":{"loc":{"start":{"line":79,"column":8},"end":{"line":89,"column":9}},"type":"if","locations":[{"start":{"line":79,"column":8},"end":{"line":89,"column":9}},{"start":{"line":83,"column":15},"end":{"line":89,"column":9}}],"line":79},"15":{"loc":{"start":{"line":79,"column":12},"end":{"line":79,"column":47}},"type":"binary-expr","locations":[{"start":{"line":79,"column":12},"end":{"line":79,"column":33}},{"start":{"line":79,"column":37},"end":{"line":79,"column":47}}],"line":79},"16":{"loc":{"start":{"line":83,"column":15},"end":{"line":89,"column":9}},"type":"if","locations":[{"start":{"line":83,"column":15},"end":{"line":89,"column":9}},{"start":{"line":87,"column":15},"end":{"line":89,"column":9}}],"line":83},"17":{"loc":{"start":{"line":83,"column":19},"end":{"line":83,"column":54}},"type":"binary-expr","locations":[{"start":{"line":83,"column":19},"end":{"line":83,"column":40}},{"start":{"line":83,"column":44},"end":{"line":83,"column":54}}],"line":83},"18":{"loc":{"start":{"line":93,"column":17},"end":{"line":99,"column":17}},"type":"cond-expr","locations":[{"start":{"line":94,"column":20},"end":{"line":94,"column":81}},{"start":{"line":96,"column":20},"end":{"line":98,"column":27}}],"line":93},"19":{"loc":{"start":{"line":108,"column":4},"end":{"line":117,"column":5}},"type":"if","locations":[{"start":{"line":108,"column":4},"end":{"line":117,"column":5}},{"start":{},"end":{}}],"line":108}},"s":{"0":0,"1":0,"2":0,"3":0,"4":0,"5":0,"6":0,"7":0,"8":0,"9":0,"10":0,"11":0,"12":0,"13":0,"14":0,"15":0,"16":0,"17":0,"18":0,"19":0,"20":0,"21":0,"22":0,"23":0,"24":0,"25":0,"26":0,"27":0,"28":0,"29":0,"30":0,"31":0,"32":0,"33":0,"34":0,"35":0,"36":0,"37":0,"38":0,"39":0,"40":0,"41":0,"42":0,"43":0,"44":0,"45":0,"46":0,"47":0,"48":0,"49":0,"50":0,"51":0},"f":{"0":0,"1":0,"2":0,"3":0,"4":0,"5":0,"6":0,"7":0,"8":0,"9":0,"10":0,"11":0,"12":0,"13":0},"b":{"0":[0,0],"1":[0,0],"2":[0,0],"3":[0,0],"4":[0,0],"5":[0,0],"6":[0,0],"7":[0,0],"8":[0,0],"9":[0,0],"10":[0,0],"11":[0,0],"12":[0,0],"13":[0,0],"14":[0,0],"15":[0,0],"16":[0,0],"17":[0,0],"18":[0,0],"19":[0,0]}}
,"D:\\eremef\\Documents\\AI\\antigravity\\Bandcamp-player\\mobile\\app\\(tabs)\\player.tsx": {"path":"D:\\eremef\\Documents\\AI\\antigravity\\Bandcamp-player\\mobile\\app\\(tabs)\\player.tsx","statementMap":{"0":{"start":{"line":10,"column":50},"end":{"line":10,"column":65}},"1":{"start":{"line":28,"column":8},"end":{"line":28,"column":18}},"2":{"start":{"line":30,"column":29},"end":{"line":46,"column":5}},"3":{"start":{"line":31,"column":8},"end":{"line":45,"column":10}},"4":{"start":{"line":40,"column":24},"end":{"line":40,"column":37}},"5":{"start":{"line":41,"column":24},"end":{"line":41,"column":44}},"6":{"start":{"line":48,"column":23},"end":{"line":52,"column":5}},"7":{"start":{"line":49,"column":21},"end":{"line":49,"column":45}},"8":{"start":{"line":50,"column":21},"end":{"line":50,"column":45}},"9":{"start":{"line":51,"column":8},"end":{"line":51,"column":61}},"10":{"start":{"line":54,"column":4},"end":{"line":194,"column":6}},"11":{"start":{"line":142,"column":41},"end":{"line":142,"column":108}},"12":{"start":{"line":143,"column":24},"end":{"line":143,"column":44}},"13":{"start":{"line":156,"column":39},"end":{"line":156,"column":63}},"14":{"start":{"line":168,"column":42},"end":{"line":168,"column":67}},"15":{"start":{"line":172,"column":39},"end":{"line":172,"column":64}},"16":{"start":{"line":197,"column":15},"end":{"line":371,"column":2}}},"fnMap":{"0":{"name":"PlayerScreen","decl":{"start":{"line":9,"column":24},"end":{"line":9,"column":36}},"loc":{"start":{"line":9,"column":39},"end":{"line":195,"column":1}},"line":9},"1":{"name":"(anonymous_1)","decl":{"start":{"line":30,"column":29},"end":{"line":30,"column":30}},"loc":{"start":{"line":30,"column":35},"end":{"line":46,"column":5}},"line":30},"2":{"name":"(anonymous_2)","decl":{"start":{"line":39,"column":29},"end":{"line":39,"column":30}},"loc":{"start":{"line":39,"column":35},"end":{"line":42,"column":21}},"line":39},"3":{"name":"(anonymous_3)","decl":{"start":{"line":48,"column":23},"end":{"line":48,"column":24}},"loc":{"start":{"line":48,"column":44},"end":{"line":52,"column":5}},"line":48},"4":{"name":"(anonymous_4)","decl":{"start":{"line":141,"column":47},"end":{"line":141,"column":48}},"loc":{"start":{"line":141,"column":53},"end":{"line":144,"column":21}},"line":141},"5":{"name":"(anonymous_5)","decl":{"start":{"line":156,"column":33},"end":{"line":156,"column":34}},"loc":{"start":{"line":156,"column":39},"end":{"line":156,"column":63}},"line":156},"6":{"name":"(anonymous_6)","decl":{"start":{"line":168,"column":36},"end":{"line":168,"column":37}},"loc":{"start":{"line":168,"column":42},"end":{"line":168,"column":67}},"line":168},"7":{"name":"(anonymous_7)","decl":{"start":{"line":172,"column":33},"end":{"line":172,"column":34}},"loc":{"start":{"line":172,"column":39},"end":{"line":172,"column":64}},"line":172}},"branchMap":{"0":{"loc":{"start":{"line":67,"column":21},"end":{"line":78,"column":21}},"type":"cond-expr","locations":[{"start":{"line":68,"column":24},"end":{"line":71,"column":26}},{"start":{"line":73,"column":24},"end":{"line":77,"column":31}}],"line":67},"1":{"loc":{"start":{"line":67,"column":21},"end":{"line":67,"column":60}},"type":"binary-expr","locations":[{"start":{"line":67,"column":21},"end":{"line":67,"column":33}},{"start":{"line":67,"column":37},"end":{"line":67,"column":60}}],"line":67},"2":{"loc":{"start":{"line":75,"column":33},"end":{"line":75,"column":69}},"type":"cond-expr","locations":[{"start":{"line":75,"column":48},"end":{"line":75,"column":56}},{"start":{"line":75,"column":59},"end":{"line":75,"column":69}}],"line":75},"3":{"loc":{"start":{"line":84,"column":25},"end":{"line":84,"column":61}},"type":"binary-expr","locations":[{"start":{"line":84,"column":25},"end":{"line":84,"column":44}},{"start":{"line":84,"column":48},"end":{"line":84,"column":61}}],"line":84},"4":{"loc":{"start":{"line":87,"column":25},"end":{"line":87,"column":51}},"type":"binary-expr","locations":[{"start":{"line":87,"column":25},"end":{"line":87,"column":45}},{"start":{"line":87,"column":49},"end":{"line":87,"column":51}}],"line":87},"5":{"loc":{"start":{"line":90,"column":25},"end":{"line":90,"column":50}},"type":"binary-expr","locations":[{"start":{"line":90,"column":25},"end":{"line":90,"column":44}},{"start":{"line":90,"column":48},"end":{"line":90,"column":50}}],"line":90},"6":{"loc":{"start":{"line":103,"column":38},"end":{"line":103,"column":51}},"type":"binary-expr","locations":[{"start":{"line":103,"column":38},"end":{"line":103,"column":46}},{"start":{"line":103,"column":50},"end":{"line":103,"column":51}}],"line":103},"7":{"loc":{"start":{"line":104,"column":31},"end":{"line":104,"column":47}},"type":"binary-expr","locations":[{"start":{"line":104,"column":31},"end":{"line":104,"column":42}},{"start":{"line":104,"column":46},"end":{"line":104,"column":47}}],"line":104},"8":{"loc":{"start":{"line":119,"column":50},"end":{"line":119,"column":81}},"type":"cond-expr","locations":[{"start":{"line":119,"column":63},"end":{"line":119,"column":72}},{"start":{"line":119,"column":75},"end":{"line":119,"column":81}}],"line":119},"9":{"loc":{"start":{"line":128,"column":33},"end":{"line":128,"column":57}},"type":"cond-expr","locations":[{"start":{"line":128,"column":45},"end":{"line":128,"column":50}},{"start":{"line":128,"column":53},"end":{"line":128,"column":57}}],"line":128},"10":{"loc":{"start":{"line":130,"column":25},"end":{"line":134,"column":25}},"type":"cond-expr","locations":[{"start":{"line":131,"column":28},"end":{"line":131,"column":72}},{"start":{"line":133,"column":28},"end":{"line":133,"column":71}}],"line":130},"11":{"loc":{"start":{"line":142,"column":41},"end":{"line":142,"column":108}},"type":"cond-expr","locations":[{"start":{"line":142,"column":64},"end":{"line":142,"column":69}},{"start":{"line":142,"column":72},"end":{"line":142,"column":108}}],"line":142},"12":{"loc":{"start":{"line":142,"column":72},"end":{"line":142,"column":108}},"type":"cond-expr","locations":[{"start":{"line":142,"column":95},"end":{"line":142,"column":100}},{"start":{"line":142,"column":103},"end":{"line":142,"column":108}}],"line":142},"13":{"loc":{"start":{"line":145,"column":49},"end":{"line":145,"column":90}},"type":"cond-expr","locations":[{"start":{"line":145,"column":72},"end":{"line":145,"column":81}},{"start":{"line":145,"column":84},"end":{"line":145,"column":90}}],"line":145},"14":{"loc":{"start":{"line":146,"column":25},"end":{"line":150,"column":25}},"type":"binary-expr","locations":[{"start":{"line":146,"column":25},"end":{"line":146,"column":45}},{"start":{"line":147,"column":28},"end":{"line":149,"column":35}}],"line":146},"15":{"loc":{"start":{"line":159,"column":78},"end":{"line":159,"column":89}},"type":"binary-expr","locations":[{"start":{"line":159,"column":78},"end":{"line":159,"column":84}},{"start":{"line":159,"column":88},"end":{"line":159,"column":89}}],"line":159},"16":{"loc":{"start":{"line":180,"column":43},"end":{"line":180,"column":56}},"type":"binary-expr","locations":[{"start":{"line":180,"column":43},"end":{"line":180,"column":49}},{"start":{"line":180,"column":53},"end":{"line":180,"column":56}}],"line":180},"17":{"loc":{"start":{"line":187,"column":78},"end":{"line":187,"column":89}},"type":"binary-expr","locations":[{"start":{"line":187,"column":78},"end":{"line":187,"column":84}},{"start":{"line":187,"column":88},"end":{"line":187,"column":89}}],"line":187}},"s":{"0":0,"1":0,"2":0,"3":0,"4":0,"5":0,"6":0,"7":0,"8":0,"9":0,"10":0,"11":0,"12":0,"13":0,"14":0,"15":0,"16":0},"f":{"0":0,"1":0,"2":0,"3":0,"4":0,"5":0,"6":0,"7":0},"b":{"0":[0,0],"1":[0,0],"2":[0,0],"3":[0,0],"4":[0,0],"5":[0,0],"6":[0,0],"7":[0,0],"8":[0,0],"9":[0,0],"10":[0,0],"11":[0,0],"12":[0,0],"13":[0,0],"14":[0,0],"15":[0,0],"16":[0,0],"17":[0,0]}}
,"D:\\eremef\\Documents\\AI\\antigravity\\Bandcamp-player\\mobile\\app\\(tabs)\\playlists.tsx": {"path":"D:\\eremef\\Documents\\AI\\antigravity\\Bandcamp-player\\mobile\\app\\(tabs)\\playlists.tsx","statementMap":{"0":{"start":{"line":10,"column":22},"end":{"line":10,"column":58}},"1":{"start":{"line":10,"column":42},"end":{"line":10,"column":57}},"2":{"start":{"line":11,"column":25},"end":{"line":11,"column":64}},"3":{"start":{"line":11,"column":45},"end":{"line":11,"column":63}},"4":{"start":{"line":12,"column":23},"end":{"line":12,"column":60}},"5":{"start":{"line":12,"column":43},"end":{"line":12,"column":59}},"6":{"start":{"line":14,"column":31},"end":{"line":16,"column":5}},"7":{"start":{"line":15,"column":8},"end":{"line":15,"column":34}},"8":{"start":{"line":18,"column":29},"end":{"line":34,"column":5}},"9":{"start":{"line":19,"column":8},"end":{"line":33,"column":10}},"10":{"start":{"line":28,"column":24},"end":{"line":28,"column":37}},"11":{"start":{"line":29,"column":24},"end":{"line":29,"column":44}},"12":{"start":{"line":36,"column":27},"end":{"line":44,"column":5}},"13":{"start":{"line":37,"column":8},"end":{"line":37,"column":37}},"14":{"start":{"line":37,"column":22},"end":{"line":37,"column":37}},"15":{"start":{"line":38,"column":22},"end":{"line":38,"column":48}},"16":{"start":{"line":39,"column":24},"end":{"line":39,"column":57}},"17":{"start":{"line":40,"column":8},"end":{"line":42,"column":9}},"18":{"start":{"line":41,"column":12},"end":{"line":41,"column":43}},"19":{"start":{"line":43,"column":8},"end":{"line":43,"column":32}},"20":{"start":{"line":46,"column":23},"end":{"line":64,"column":5}},"21":{"start":{"line":47,"column":8},"end":{"line":63,"column":10}},"22":{"start":{"line":48,"column":65},"end":{"line":48,"column":89}},"23":{"start":{"line":66,"column":4},"end":{"line":88,"column":6}},"24":{"start":{"line":83,"column":44},"end":{"line":83,"column":51}},"25":{"start":{"line":91,"column":15},"end":{"line":156,"column":2}}},"fnMap":{"0":{"name":"PlaylistsScreen","decl":{"start":{"line":9,"column":24},"end":{"line":9,"column":39}},"loc":{"start":{"line":9,"column":42},"end":{"line":89,"column":1}},"line":9},"1":{"name":"(anonymous_1)","decl":{"start":{"line":10,"column":31},"end":{"line":10,"column":32}},"loc":{"start":{"line":10,"column":42},"end":{"line":10,"column":57}},"line":10},"2":{"name":"(anonymous_2)","decl":{"start":{"line":11,"column":34},"end":{"line":11,"column":35}},"loc":{"start":{"line":11,"column":45},"end":{"line":11,"column":63}},"line":11},"3":{"name":"(anonymous_3)","decl":{"start":{"line":12,"column":32},"end":{"line":12,"column":33}},"loc":{"start":{"line":12,"column":43},"end":{"line":12,"column":59}},"line":12},"4":{"name":"(anonymous_4)","decl":{"start":{"line":14,"column":31},"end":{"line":14,"column":32}},"loc":{"start":{"line":14,"column":55},"end":{"line":16,"column":5}},"line":14},"5":{"name":"(anonymous_5)","decl":{"start":{"line":18,"column":29},"end":{"line":18,"column":30}},"loc":{"start":{"line":18,"column":35},"end":{"line":34,"column":5}},"line":18},"6":{"name":"(anonymous_6)","decl":{"start":{"line":27,"column":29},"end":{"line":27,"column":30}},"loc":{"start":{"line":27,"column":35},"end":{"line":30,"column":21}},"line":27},"7":{"name":"(anonymous_7)","decl":{"start":{"line":36,"column":27},"end":{"line":36,"column":28}},"loc":{"start":{"line":36,"column":49},"end":{"line":44,"column":5}},"line":36},"8":{"name":"(anonymous_8)","decl":{"start":{"line":46,"column":23},"end":{"line":46,"column":24}},"loc":{"start":{"line":46,"column":57},"end":{"line":64,"column":5}},"line":46},"9":{"name":"(anonymous_9)","decl":{"start":{"line":48,"column":59},"end":{"line":48,"column":60}},"loc":{"start":{"line":48,"column":65},"end":{"line":48,"column":89}},"line":48},"10":{"name":"(anonymous_10)","decl":{"start":{"line":83,"column":34},"end":{"line":83,"column":35}},"loc":{"start":{"line":83,"column":44},"end":{"line":83,"column":51}},"line":83}},"branchMap":{"0":{"loc":{"start":{"line":37,"column":8},"end":{"line":37,"column":37}},"type":"if","locations":[{"start":{"line":37,"column":8},"end":{"line":37,"column":37}},{"start":{},"end":{}}],"line":37},"1":{"loc":{"start":{"line":40,"column":8},"end":{"line":42,"column":9}},"type":"if","locations":[{"start":{"line":40,"column":8},"end":{"line":42,"column":9}},{"start":{},"end":{}}],"line":40},"2":{"loc":{"start":{"line":49,"column":17},"end":{"line":55,"column":17}},"type":"cond-expr","locations":[{"start":{"line":50,"column":20},"end":{"line":50,"column":86}},{"start":{"line":52,"column":20},"end":{"line":54,"column":27}}],"line":49},"3":{"loc":{"start":{"line":75,"column":13},"end":{"line":86,"column":13}},"type":"cond-expr","locations":[{"start":{"line":76,"column":16},"end":{"line":78,"column":23}},{"start":{"line":80,"column":16},"end":{"line":85,"column":18}}],"line":75}},"s":{"0":0,"1":0,"2":0,"3":0,"4":0,"5":0,"6":0,"7":0,"8":0,"9":0,"10":0,"11":0,"12":0,"13":0,"14":0,"15":0,"16":0,"17":0,"18":0,"19":0,"20":0,"21":0,"22":0,"23":0,"24":0,"25":0},"f":{"0":0,"1":0,"2":0,"3":0,"4":0,"5":0,"6":0,"7":0,"8":0,"9":0,"10":0},"b":{"0":[0,0],"1":[0,0],"2":[0,0],"3":[0,0]}}
,"D:\\eremef\\Documents\\AI\\antigravity\\Bandcamp-player\\mobile\\app\\(tabs)\\radio.tsx": {"path":"D:\\eremef\\Documents\\AI\\antigravity\\Bandcamp-player\\mobile\\app\\(tabs)\\radio.tsx","statementMap":{"0":{"start":{"line":10,"column":26},"end":{"line":10,"column":66}},"1":{"start":{"line":10,"column":46},"end":{"line":10,"column":65}},"2":{"start":{"line":11,"column":24},"end":{"line":11,"column":62}},"3":{"start":{"line":11,"column":44},"end":{"line":11,"column":61}},"4":{"start":{"line":12,"column":23},"end":{"line":12,"column":60}},"5":{"start":{"line":12,"column":43},"end":{"line":12,"column":59}},"6":{"start":{"line":14,"column":30},"end":{"line":16,"column":5}},"7":{"start":{"line":15,"column":8},"end":{"line":15,"column":29}},"8":{"start":{"line":18,"column":29},"end":{"line":34,"column":5}},"9":{"start":{"line":19,"column":8},"end":{"line":33,"column":10}},"10":{"start":{"line":28,"column":24},"end":{"line":28,"column":37}},"11":{"start":{"line":29,"column":24},"end":{"line":29,"column":44}},"12":{"start":{"line":36,"column":23},"end":{"line":55,"column":5}},"13":{"start":{"line":37,"column":8},"end":{"line":54,"column":10}},"14":{"start":{"line":38,"column":65},"end":{"line":38,"column":88}},"15":{"start":{"line":57,"column":4},"end":{"line":79,"column":6}},"16":{"start":{"line":74,"column":44},"end":{"line":74,"column":51}},"17":{"start":{"line":82,"column":15},"end":{"line":155,"column":2}}},"fnMap":{"0":{"name":"RadioScreen","decl":{"start":{"line":9,"column":24},"end":{"line":9,"column":35}},"loc":{"start":{"line":9,"column":38},"end":{"line":80,"column":1}},"line":9},"1":{"name":"(anonymous_1)","decl":{"start":{"line":10,"column":35},"end":{"line":10,"column":36}},"loc":{"start":{"line":10,"column":46},"end":{"line":10,"column":65}},"line":10},"2":{"name":"(anonymous_2)","decl":{"start":{"line":11,"column":33},"end":{"line":11,"column":34}},"loc":{"start":{"line":11,"column":44},"end":{"line":11,"column":61}},"line":11},"3":{"name":"(anonymous_3)","decl":{"start":{"line":12,"column":32},"end":{"line":12,"column":33}},"loc":{"start":{"line":12,"column":43},"end":{"line":12,"column":59}},"line":12},"4":{"name":"(anonymous_4)","decl":{"start":{"line":14,"column":30},"end":{"line":14,"column":31}},"loc":{"start":{"line":14,"column":57},"end":{"line":16,"column":5}},"line":14},"5":{"name":"(anonymous_5)","decl":{"start":{"line":18,"column":29},"end":{"line":18,"column":30}},"loc":{"start":{"line":18,"column":35},"end":{"line":34,"column":5}},"line":18},"6":{"name":"(anonymous_6)","decl":{"start":{"line":27,"column":29},"end":{"line":27,"column":30}},"loc":{"start":{"line":27,"column":35},"end":{"line":30,"column":21}},"line":27},"7":{"name":"(anonymous_7)","decl":{"start":{"line":36,"column":23},"end":{"line":36,"column":24}},"loc":{"start":{"line":36,"column":61},"end":{"line":55,"column":5}},"line":36},"8":{"name":"(anonymous_8)","decl":{"start":{"line":38,"column":59},"end":{"line":38,"column":60}},"loc":{"start":{"line":38,"column":65},"end":{"line":38,"column":88}},"line":38},"9":{"name":"(anonymous_9)","decl":{"start":{"line":74,"column":34},"end":{"line":74,"column":35}},"loc":{"start":{"line":74,"column":44},"end":{"line":74,"column":51}},"line":74}},"branchMap":{"0":{"loc":{"start":{"line":39,"column":17},"end":{"line":45,"column":17}},"type":"cond-expr","locations":[{"start":{"line":40,"column":20},"end":{"line":40,"column":84}},{"start":{"line":42,"column":20},"end":{"line":44,"column":27}}],"line":39},"1":{"loc":{"start":{"line":48,"column":21},"end":{"line":50,"column":21}},"type":"binary-expr","locations":[{"start":{"line":48,"column":21},"end":{"line":48,"column":30}},{"start":{"line":49,"column":24},"end":{"line":49,"column":72}}],"line":48},"2":{"loc":{"start":{"line":66,"column":13},"end":{"line":77,"column":13}},"type":"cond-expr","locations":[{"start":{"line":67,"column":16},"end":{"line":69,"column":23}},{"start":{"line":71,"column":16},"end":{"line":76,"column":18}}],"line":66}},"s":{"0":0,"1":0,"2":0,"3":0,"4":0,"5":0,"6":0,"7":0,"8":0,"9":0,"10":0,"11":0,"12":0,"13":0,"14":0,"15":0,"16":0,"17":0},"f":{"0":0,"1":0,"2":0,"3":0,"4":0,"5":0,"6":0,"7":0,"8":0,"9":0},"b":{"0":[0,0],"1":[0,0],"2":[0,0]}}
,"D:\\eremef\\Documents\\AI\\antigravity\\Bandcamp-player\\mobile\\services\\TrackPlayerService.ts": {"path":"D:\\eremef\\Documents\\AI\\antigravity\\Bandcamp-player\\mobile\\services\\TrackPlayerService.ts","statementMap":{"0":{"start":{"line":5,"column":4},"end":{"line":7,"column":7}},"1":{"start":{"line":6,"column":8},"end":{"line":6,"column":35}},"2":{"start":{"line":9,"column":4},"end":{"line":11,"column":7}},"3":{"start":{"line":10,"column":8},"end":{"line":10,"column":36}},"4":{"start":{"line":13,"column":4},"end":{"line":15,"column":7}},"5":{"start":{"line":14,"column":8},"end":{"line":14,"column":35}},"6":{"start":{"line":17,"column":4},"end":{"line":19,"column":7}},"7":{"start":{"line":18,"column":8},"end":{"line":18,"column":39}},"8":{"start":{"line":21,"column":4},"end":{"line":23,"column":7}},"9":{"start":{"line":22,"column":8},"end":{"line":22,"column":49}},"10":{"start":{"line":25,"column":4},"end":{"line":28,"column":7}},"11":{"start":{"line":26,"column":25},"end":{"line":26,"column":56}},"12":{"start":{"line":27,"column":8},"end":{"line":27,"column":60}},"13":{"start":{"line":30,"column":4},"end":{"line":33,"column":7}},"14":{"start":{"line":31,"column":25},"end":{"line":31,"column":56}},"15":{"start":{"line":32,"column":8},"end":{"line":32,"column":60}},"16":{"start":{"line":35,"column":4},"end":{"line":37,"column":7}},"17":{"start":{"line":36,"column":8},"end":{"line":36,"column":28}}},"fnMap":{"0":{"name":"PlaybackService","decl":{"start":{"line":4,"column":22},"end":{"line":4,"column":37}},"loc":{"start":{"line":4,"column":40},"end":{"line":38,"column":1}},"line":4},"1":{"name":"(anonymous_1)","decl":{"start":{"line":5,"column":51},"end":{"line":5,"column":52}},"loc":{"start":{"line":5,"column":57},"end":{"line":7,"column":5}},"line":5},"2":{"name":"(anonymous_2)","decl":{"start":{"line":9,"column":52},"end":{"line":9,"column":53}},"loc":{"start":{"line":9,"column":58},"end":{"line":11,"column":5}},"line":9},"3":{"name":"(anonymous_3)","decl":{"start":{"line":13,"column":51},"end":{"line":13,"column":52}},"loc":{"start":{"line":13,"column":57},"end":{"line":15,"column":5}},"line":13},"4":{"name":"(anonymous_4)","decl":{"start":{"line":17,"column":55},"end":{"line":17,"column":56}},"loc":{"start":{"line":17,"column":61},"end":{"line":19,"column":5}},"line":17},"5":{"name":"(anonymous_5)","decl":{"start":{"line":21,"column":51},"end":{"line":21,"column":52}},"loc":{"start":{"line":21,"column":62},"end":{"line":23,"column":5}},"line":21},"6":{"name":"(anonymous_6)","decl":{"start":{"line":25,"column":58},"end":{"line":25,"column":59}},"loc":{"start":{"line":25,"column":75},"end":{"line":28,"column":5}},"line":25},"7":{"name":"(anonymous_7)","decl":{"start":{"line":30,"column":59},"end":{"line":30,"column":60}},"loc":{"start":{"line":30,"column":76},"end":{"line":33,"column":5}},"line":30},"8":{"name":"(anonymous_8)","decl":{"start":{"line":35,"column":51},"end":{"line":35,"column":52}},"loc":{"start":{"line":35,"column":57},"end":{"line":37,"column":5}},"line":35}},"branchMap":{},"s":{"0":0,"1":0,"2":0,"3":0,"4":0,"5":0,"6":0,"7":0,"8":0,"9":0,"10":0,"11":0,"12":0,"13":0,"14":0,"15":0,"16":0,"17":0},"f":{"0":0,"1":0,"2":0,"3":0,"4":0,"5":0,"6":0,"7":0,"8":0},"b":{}}
,"D:\\eremef\\Documents\\AI\\antigravity\\Bandcamp-player\\mobile\\services\\WebSocketService.ts": {"path":"D:\\eremef\\Documents\\AI\\antigravity\\Bandcamp-player\\mobile\\services\\WebSocketService.ts","statementMap":{"0":{"start":{"line":5,"column":35},"end":{"line":5,"column":39}},"1":{"start":{"line":6,"column":33},"end":{"line":6,"column":37}},"2":{"start":{"line":7,"column":58},"end":{"line":7,"column":60}},"3":{"start":{"line":8,"column":55},"end":{"line":8,"column":59}},"4":{"start":{"line":9,"column":33},"end":{"line":9,"column":38}},"5":{"start":{"line":12,"column":8},"end":{"line":12,"column":42}},"6":{"start":{"line":13,"column":8},"end":{"line":13,"column":40}},"7":{"start":{"line":14,"column":8},"end":{"line":14,"column":29}},"8":{"start":{"line":18,"column":8},"end":{"line":18,"column":30}},"9":{"start":{"line":18,"column":23},"end":{"line":18,"column":30}},"10":{"start":{"line":19,"column":8},"end":{"line":21,"column":9}},"11":{"start":{"line":20,"column":12},"end":{"line":20,"column":28}},"12":{"start":{"line":23,"column":8},"end":{"line":23,"column":49}},"13":{"start":{"line":24,"column":8},"end":{"line":24,"column":42}},"14":{"start":{"line":26,"column":8},"end":{"line":30,"column":10}},"15":{"start":{"line":27,"column":12},"end":{"line":27,"column":52}},"16":{"start":{"line":28,"column":12},"end":{"line":28,"column":33}},"17":{"start":{"line":29,"column":12},"end":{"line":29,"column":56}},"18":{"start":{"line":32,"column":8},"end":{"line":39,"column":10}},"19":{"start":{"line":33,"column":12},"end":{"line":38,"column":13}},"20":{"start":{"line":34,"column":32},"end":{"line":34,"column":54}},"21":{"start":{"line":35,"column":16},"end":{"line":35,"column":57}},"22":{"start":{"line":37,"column":16},"end":{"line":37,"column":60}},"23":{"start":{"line":41,"column":8},"end":{"line":47,"column":10}},"24":{"start":{"line":42,"column":12},"end":{"line":42,"column":40}},"25":{"start":{"line":43,"column":12},"end":{"line":43,"column":59}},"26":{"start":{"line":44,"column":12},"end":{"line":46,"column":13}},"27":{"start":{"line":45,"column":16},"end":{"line":45,"column":38}},"28":{"start":{"line":49,"column":8},"end":{"line":51,"column":10}},"29":{"start":{"line":50,"column":12},"end":{"line":50,"column":48}},"30":{"start":{"line":55,"column":8},"end":{"line":59,"column":9}},"31":{"start":{"line":56,"column":12},"end":{"line":56,"column":60}},"32":{"start":{"line":58,"column":12},"end":{"line":58,"column":71}},"33":{"start":{"line":63,"column":8},"end":{"line":65,"column":9}},"34":{"start":{"line":64,"column":12},"end":{"line":64,"column":38}},"35":{"start":{"line":66,"column":8},"end":{"line":66,"column":43}},"36":{"start":{"line":67,"column":8},"end":{"line":67,"column":45}},"37":{"start":{"line":67,"column":21},"end":{"line":67,"column":44}},"38":{"start":{"line":71,"column":8},"end":{"line":71,"column":42}},"39":{"start":{"line":71,"column":35},"end":{"line":71,"column":42}},"40":{"start":{"line":72,"column":8},"end":{"line":72,"column":79}},"41":{"start":{"line":72,"column":64},"end":{"line":72,"column":77}},"42":{"start":{"line":76,"column":8},"end":{"line":78,"column":9}},"43":{"start":{"line":77,"column":12},"end":{"line":77,"column":58}},"44":{"start":{"line":77,"column":46},"end":{"line":77,"column":56}},"45":{"start":{"line":82,"column":8},"end":{"line":82,"column":43}},"46":{"start":{"line":82,"column":36},"end":{"line":82,"column":43}},"47":{"start":{"line":83,"column":8},"end":{"line":83,"column":50}},"48":{"start":{"line":84,"column":8},"end":{"line":87,"column":17}},"49":{"start":{"line":85,"column":12},"end":{"line":85,"column":51}},"50":{"start":{"line":86,"column":12},"end":{"line":86,"column":33}},"51":{"start":{"line":91,"column":8},"end":{"line":94,"column":9}},"52":{"start":{"line":92,"column":12},"end":{"line":92,"column":50}},"53":{"start":{"line":93,"column":12},"end":{"line":93,"column":42}},"54":{"start":{"line":98,"column":8},"end":{"line":98,"column":39}},"55":{"start":{"line":99,"column":8},"end":{"line":99,"column":29}},"56":{"start":{"line":100,"column":8},"end":{"line":103,"column":9}},"57":{"start":{"line":101,"column":12},"end":{"line":101,"column":28}},"58":{"start":{"line":102,"column":12},"end":{"line":102,"column":27}},"59":{"start":{"line":107,"column":32},"end":{"line":107,"column":54}}},"fnMap":{"0":{"name":"(anonymous_0)","decl":{"start":{"line":11,"column":4},"end":{"line":11,"column":5}},"loc":{"start":{"line":11,"column":47},"end":{"line":15,"column":5}},"line":11},"1":{"name":"(anonymous_1)","decl":{"start":{"line":17,"column":4},"end":{"line":17,"column":5}},"loc":{"start":{"line":17,"column":28},"end":{"line":52,"column":5}},"line":17},"2":{"name":"(anonymous_2)","decl":{"start":{"line":26,"column":25},"end":{"line":26,"column":26}},"loc":{"start":{"line":26,"column":31},"end":{"line":30,"column":9}},"line":26},"3":{"name":"(anonymous_3)","decl":{"start":{"line":32,"column":28},"end":{"line":32,"column":29}},"loc":{"start":{"line":32,"column":39},"end":{"line":39,"column":9}},"line":32},"4":{"name":"(anonymous_4)","decl":{"start":{"line":41,"column":26},"end":{"line":41,"column":27}},"loc":{"start":{"line":41,"column":32},"end":{"line":47,"column":9}},"line":41},"5":{"name":"(anonymous_5)","decl":{"start":{"line":49,"column":26},"end":{"line":49,"column":27}},"loc":{"start":{"line":49,"column":33},"end":{"line":51,"column":9}},"line":49},"6":{"name":"(anonymous_6)","decl":{"start":{"line":54,"column":4},"end":{"line":54,"column":5}},"loc":{"start":{"line":54,"column":38},"end":{"line":60,"column":5}},"line":54},"7":{"name":"(anonymous_7)","decl":{"start":{"line":62,"column":4},"end":{"line":62,"column":5}},"loc":{"start":{"line":62,"column":46},"end":{"line":68,"column":5}},"line":62},"8":{"name":"(anonymous_8)","decl":{"start":{"line":67,"column":15},"end":{"line":67,"column":16}},"loc":{"start":{"line":67,"column":21},"end":{"line":67,"column":44}},"line":67},"9":{"name":"(anonymous_9)","decl":{"start":{"line":70,"column":4},"end":{"line":70,"column":5}},"loc":{"start":{"line":70,"column":47},"end":{"line":73,"column":5}},"line":70},"10":{"name":"(anonymous_10)","decl":{"start":{"line":72,"column":59},"end":{"line":72,"column":60}},"loc":{"start":{"line":72,"column":64},"end":{"line":72,"column":77}},"line":72},"11":{"name":"(anonymous_11)","decl":{"start":{"line":75,"column":4},"end":{"line":75,"column":5}},"loc":{"start":{"line":75,"column":45},"end":{"line":79,"column":5}},"line":75},"12":{"name":"(anonymous_12)","decl":{"start":{"line":77,"column":41},"end":{"line":77,"column":42}},"loc":{"start":{"line":77,"column":46},"end":{"line":77,"column":56}},"line":77},"13":{"name":"(anonymous_13)","decl":{"start":{"line":81,"column":4},"end":{"line":81,"column":5}},"loc":{"start":{"line":81,"column":29},"end":{"line":88,"column":5}},"line":81},"14":{"name":"(anonymous_14)","decl":{"start":{"line":84,"column":45},"end":{"line":84,"column":46}},"loc":{"start":{"line":84,"column":51},"end":{"line":87,"column":9}},"line":84},"15":{"name":"(anonymous_15)","decl":{"start":{"line":90,"column":4},"end":{"line":90,"column":5}},"loc":{"start":{"line":90,"column":28},"end":{"line":95,"column":5}},"line":90},"16":{"name":"(anonymous_16)","decl":{"start":{"line":97,"column":4},"end":{"line":97,"column":5}},"loc":{"start":{"line":97,"column":17},"end":{"line":104,"column":5}},"line":97}},"branchMap":{"0":{"loc":{"start":{"line":11,"column":26},"end":{"line":11,"column":45}},"type":"default-arg","locations":[{"start":{"line":11,"column":41},"end":{"line":11,"column":45}}],"line":11},"1":{"loc":{"start":{"line":18,"column":8},"end":{"line":18,"column":30}},"type":"if","locations":[{"start":{"line":18,"column":8},"end":{"line":18,"column":30}},{"start":{},"end":{}}],"line":18},"2":{"loc":{"start":{"line":19,"column":8},"end":{"line":21,"column":9}},"type":"if","locations":[{"start":{"line":19,"column":8},"end":{"line":21,"column":9}},{"start":{},"end":{}}],"line":19},"3":{"loc":{"start":{"line":44,"column":12},"end":{"line":46,"column":13}},"type":"if","locations":[{"start":{"line":44,"column":12},"end":{"line":46,"column":13}},{"start":{},"end":{}}],"line":44},"4":{"loc":{"start":{"line":55,"column":8},"end":{"line":59,"column":9}},"type":"if","locations":[{"start":{"line":55,"column":8},"end":{"line":59,"column":9}},{"start":{"line":57,"column":15},"end":{"line":59,"column":9}}],"line":55},"5":{"loc":{"start":{"line":55,"column":12},"end":{"line":55,"column":60}},"type":"binary-expr","locations":[{"start":{"line":55,"column":12},"end":{"line":55,"column":19}},{"start":{"line":55,"column":23},"end":{"line":55,"column":60}}],"line":55},"6":{"loc":{"start":{"line":63,"column":8},"end":{"line":65,"column":9}},"type":"if","locations":[{"start":{"line":63,"column":8},"end":{"line":65,"column":9}},{"start":{},"end":{}}],"line":63},"7":{"loc":{"start":{"line":71,"column":8},"end":{"line":71,"column":42}},"type":"if","locations":[{"start":{"line":71,"column":8},"end":{"line":71,"column":42}},{"start":{},"end":{}}],"line":71},"8":{"loc":{"start":{"line":76,"column":8},"end":{"line":78,"column":9}},"type":"if","locations":[{"start":{"line":76,"column":8},"end":{"line":78,"column":9}},{"start":{},"end":{}}],"line":76},"9":{"loc":{"start":{"line":82,"column":8},"end":{"line":82,"column":43}},"type":"if","locations":[{"start":{"line":82,"column":8},"end":{"line":82,"column":43}},{"start":{},"end":{}}],"line":82},"10":{"loc":{"start":{"line":91,"column":8},"end":{"line":94,"column":9}},"type":"if","locations":[{"start":{"line":91,"column":8},"end":{"line":94,"column":9}},{"start":{},"end":{}}],"line":91},"11":{"loc":{"start":{"line":100,"column":8},"end":{"line":103,"column":9}},"type":"if","locations":[{"start":{"line":100,"column":8},"end":{"line":103,"column":9}},{"start":{},"end":{}}],"line":100}},"s":{"0":1,"1":1,"2":1,"3":1,"4":1,"5":5,"6":5,"7":5,"8":6,"9":0,"10":6,"11":1,"12":6,"13":6,"14":6,"15":5,"16":5,"17":5,"18":6,"19":1,"20":1,"21":1,"22":0,"23":6,"24":2,"25":2,"26":2,"27":2,"28":6,"29":0,"30":1,"31":1,"32":0,"33":3,"34":3,"35":3,"36":3,"37":1,"38":1,"39":0,"40":1,"41":1,"42":10,"43":10,"44":9,"45":2,"46":0,"47":2,"48":2,"49":1,"50":1,"51":12,"52":2,"53":2,"54":7,"55":7,"56":7,"57":5,"58":5,"59":1},"f":{"0":5,"1":6,"2":5,"3":1,"4":2,"5":0,"6":1,"7":3,"8":1,"9":1,"10":1,"11":10,"12":9,"13":2,"14":1,"15":12,"16":7},"b":{"0":[4],"1":[0,6],"2":[1,5],"3":[2,0],"4":[1,0],"5":[1,1],"6":[3,0],"7":[0,1],"8":[10,0],"9":[0,2],"10":[2,10],"11":[5,2]},"_coverageSchema":"1a1c01bbd47fc00a2c39e90264f33305004495a9","hash":"28e17a1b1220109fd4fd5561292f5cfe59b3aee0"}
,"D:\\eremef\\Documents\\AI\\antigravity\\Bandcamp-player\\mobile\\services\\discovery.service.ts": {"path":"D:\\eremef\\Documents\\AI\\antigravity\\Bandcamp-player\\mobile\\services\\discovery.service.ts","statementMap":{"0":{"start":{"line":4,"column":26},"end":{"line":4,"column":30}},"1":{"start":{"line":5,"column":29},"end":{"line":5,"column":32}},"2":{"start":{"line":8,"column":8},"end":{"line":13,"column":9}},"3":{"start":{"line":9,"column":12},"end":{"line":9,"column":53}},"4":{"start":{"line":11,"column":12},"end":{"line":11,"column":55}},"5":{"start":{"line":12,"column":12},"end":{"line":12,"column":24}},"6":{"start":{"line":17,"column":24},"end":{"line":17,"column":47}},"7":{"start":{"line":18,"column":8},"end":{"line":18,"column":34}},"8":{"start":{"line":18,"column":22},"end":{"line":18,"column":34}},"9":{"start":{"line":20,"column":22},"end":{"line":20,"column":40}},"10":{"start":{"line":21,"column":23},"end":{"line":21,"column":50}},"11":{"start":{"line":24,"column":26},"end":{"line":24,"column":28}},"12":{"start":{"line":25,"column":26},"end":{"line":25,"column":29}},"13":{"start":{"line":27,"column":8},"end":{"line":45,"column":9}},"14":{"start":{"line":27,"column":21},"end":{"line":27,"column":22}},"15":{"start":{"line":28,"column":29},"end":{"line":28,"column":31}},"16":{"start":{"line":29,"column":12},"end":{"line":35,"column":13}},"17":{"start":{"line":29,"column":25},"end":{"line":29,"column":26}},"18":{"start":{"line":30,"column":33},"end":{"line":30,"column":53}},"19":{"start":{"line":34,"column":16},"end":{"line":34,"column":52}},"20":{"start":{"line":37,"column":28},"end":{"line":37,"column":55}},"21":{"start":{"line":38,"column":26},"end":{"line":38,"column":57}},"22":{"start":{"line":38,"column":45},"end":{"line":38,"column":56}},"23":{"start":{"line":40,"column":12},"end":{"line":40,"column":36}},"24":{"start":{"line":40,"column":23},"end":{"line":40,"column":36}},"25":{"start":{"line":42,"column":12},"end":{"line":44,"column":13}},"26":{"start":{"line":43,"column":16},"end":{"line":43,"column":69}},"27":{"start":{"line":47,"column":8},"end":{"line":47,"column":20}},"28":{"start":{"line":51,"column":8},"end":{"line":72,"column":11}},"29":{"start":{"line":52,"column":31},"end":{"line":52,"column":52}},"30":{"start":{"line":53,"column":30},"end":{"line":53,"column":80}},"31":{"start":{"line":53,"column":47},"end":{"line":53,"column":65}},"32":{"start":{"line":55,"column":12},"end":{"line":71,"column":19}},"33":{"start":{"line":60,"column":20},"end":{"line":60,"column":44}},"34":{"start":{"line":63,"column":20},"end":{"line":67,"column":21}},"35":{"start":{"line":64,"column":24},"end":{"line":64,"column":36}},"36":{"start":{"line":66,"column":24},"end":{"line":66,"column":38}},"37":{"start":{"line":70,"column":20},"end":{"line":70,"column":34}}},"fnMap":{"0":{"name":"(anonymous_0)","decl":{"start":{"line":7,"column":4},"end":{"line":7,"column":5}},"loc":{"start":{"line":7,"column":54},"end":{"line":14,"column":5}},"line":7},"1":{"name":"(anonymous_1)","decl":{"start":{"line":16,"column":4},"end":{"line":16,"column":5}},"loc":{"start":{"line":16,"column":94},"end":{"line":48,"column":5}},"line":16},"2":{"name":"(anonymous_2)","decl":{"start":{"line":38,"column":39},"end":{"line":38,"column":40}},"loc":{"start":{"line":38,"column":45},"end":{"line":38,"column":56}},"line":38},"3":{"name":"(anonymous_3)","decl":{"start":{"line":50,"column":4},"end":{"line":50,"column":5}},"loc":{"start":{"line":50,"column":61},"end":{"line":73,"column":5}},"line":50},"4":{"name":"(anonymous_4)","decl":{"start":{"line":51,"column":27},"end":{"line":51,"column":28}},"loc":{"start":{"line":51,"column":40},"end":{"line":72,"column":9}},"line":51},"5":{"name":"(anonymous_5)","decl":{"start":{"line":53,"column":41},"end":{"line":53,"column":42}},"loc":{"start":{"line":53,"column":47},"end":{"line":53,"column":65}},"line":53},"6":{"name":"(anonymous_6)","decl":{"start":{"line":59,"column":22},"end":{"line":59,"column":23}},"loc":{"start":{"line":59,"column":34},"end":{"line":68,"column":17}},"line":59},"7":{"name":"(anonymous_7)","decl":{"start":{"line":69,"column":23},"end":{"line":69,"column":24}},"loc":{"start":{"line":69,"column":29},"end":{"line":71,"column":17}},"line":69}},"branchMap":{"0":{"loc":{"start":{"line":18,"column":8},"end":{"line":18,"column":34}},"type":"if","locations":[{"start":{"line":18,"column":8},"end":{"line":18,"column":34}},{"start":{},"end":{}}],"line":18},"1":{"loc":{"start":{"line":29,"column":28},"end":{"line":29,"column":65}},"type":"binary-expr","locations":[{"start":{"line":29,"column":28},"end":{"line":29,"column":41}},{"start":{"line":29,"column":45},"end":{"line":29,"column":65}}],"line":29},"2":{"loc":{"start":{"line":40,"column":12},"end":{"line":40,"column":36}},"type":"if","locations":[{"start":{"line":40,"column":12},"end":{"line":40,"column":36}},{"start":{},"end":{}}],"line":40},"3":{"loc":{"start":{"line":42,"column":12},"end":{"line":44,"column":13}},"type":"if","locations":[{"start":{"line":42,"column":12},"end":{"line":44,"column":13}},{"start":{},"end":{}}],"line":42},"4":{"loc":{"start":{"line":63,"column":20},"end":{"line":67,"column":21}},"type":"if","locations":[{"start":{"line":63,"column":20},"end":{"line":67,"column":21}},{"start":{"line":65,"column":27},"end":{"line":67,"column":21}}],"line":63},"5":{"loc":{"start":{"line":63,"column":24},"end":{"line":63,"column":62}},"type":"binary-expr","locations":[{"start":{"line":63,"column":24},"end":{"line":63,"column":35}},{"start":{"line":63,"column":39},"end":{"line":63,"column":62}}],"line":63}},"s":{"0":1,"1":1,"2":4,"3":4,"4":0,"5":0,"6":3,"7":3,"8":0,"9":3,"10":3,"11":3,"12":3,"13":3,"14":3,"15":31,"16":31,"17":31,"18":608,"19":608,"20":31,"21":31,"22":608,"23":31,"24":1,"25":30,"26":13,"27":2,"28":608,"29":608,"30":608,"31":0,"32":608,"33":1,"34":1,"35":1,"36":0,"37":607},"f":{"0":4,"1":3,"2":608,"3":608,"4":608,"5":0,"6":1,"7":607},"b":{"0":[0,3],"1":[639,610],"2":[1,30],"3":[13,17],"4":[1,0],"5":[1,0]},"_coverageSchema":"1a1c01bbd47fc00a2c39e90264f33305004495a9","hash":"f6957e7f9e95d0029db608ee38691edb0c0e9b55"}
,"D:\\eremef\\Documents\\AI\\antigravity\\Bandcamp-player\\mobile\\services\\player.ts": {"path":"D:\\eremef\\Documents\\AI\\antigravity\\Bandcamp-player\\mobile\\services\\player.ts","statementMap":{"0":{"start":{"line":7,"column":18},"end":{"line":7,"column":23}},"1":{"start":{"line":8,"column":4},"end":{"line":13,"column":15}},"2":{"start":{"line":9,"column":28},"end":{"line":9,"column":67}},"3":{"start":{"line":10,"column":8},"end":{"line":12,"column":9}},"4":{"start":{"line":11,"column":12},"end":{"line":11,"column":27}},"5":{"start":{"line":15,"column":4},"end":{"line":33,"column":5}},"6":{"start":{"line":16,"column":8},"end":{"line":16,"column":40}},"7":{"start":{"line":17,"column":8},"end":{"line":31,"column":11}},"8":{"start":{"line":32,"column":8},"end":{"line":32,"column":23}},"9":{"start":{"line":34,"column":4},"end":{"line":34,"column":19}},"10":{"start":{"line":42,"column":20},"end":{"line":42,"column":35}},"11":{"start":{"line":45,"column":4},"end":{"line":47,"column":5}},"12":{"start":{"line":46,"column":8},"end":{"line":46,"column":73}},"13":{"start":{"line":49,"column":4},"end":{"line":49,"column":30}},"14":{"start":{"line":50,"column":4},"end":{"line":57,"column":7}},"15":{"start":{"line":60,"column":4},"end":{"line":60,"column":35}}},"fnMap":{"0":{"name":"setupPlayer","decl":{"start":{"line":6,"column":22},"end":{"line":6,"column":33}},"loc":{"start":{"line":6,"column":36},"end":{"line":35,"column":1}},"line":6},"1":{"name":"addTrack","decl":{"start":{"line":37,"column":22},"end":{"line":37,"column":30}},"loc":{"start":{"line":37,"column":60},"end":{"line":61,"column":1}},"line":37}},"branchMap":{"0":{"loc":{"start":{"line":10,"column":8},"end":{"line":12,"column":9}},"type":"if","locations":[{"start":{"line":10,"column":8},"end":{"line":12,"column":9}},{"start":{},"end":{}}],"line":10},"1":{"loc":{"start":{"line":15,"column":4},"end":{"line":33,"column":5}},"type":"if","locations":[{"start":{"line":15,"column":4},"end":{"line":33,"column":5}},{"start":{},"end":{}}],"line":15},"2":{"loc":{"start":{"line":45,"column":4},"end":{"line":47,"column":5}},"type":"if","locations":[{"start":{"line":45,"column":4},"end":{"line":47,"column":5}},{"start":{},"end":{}}],"line":45},"3":{"loc":{"start":{"line":45,"column":8},"end":{"line":45,"column":86}},"type":"binary-expr","locations":[{"start":{"line":45,"column":8},"end":{"line":45,"column":14}},{"start":{"line":45,"column":19},"end":{"line":45,"column":50}},{"start":{"line":45,"column":54},"end":{"line":45,"column":85}}],"line":45}},"s":{"0":0,"1":0,"2":0,"3":0,"4":0,"5":0,"6":0,"7":0,"8":0,"9":0,"10":0,"11":0,"12":0,"13":0,"14":0,"15":0},"f":{"0":0,"1":0},"b":{"0":[0,0],"1":[0,0],"2":[0,0],"3":[0,0,0]}}
,"D:\\eremef\\Documents\\AI\\antigravity\\Bandcamp-player\\mobile\\store\\index.ts": {"path":"D:\\eremef\\Documents\\AI\\antigravity\\Bandcamp-player\\mobile\\store\\index.ts","statementMap":{"0":{"start":{"line":49,"column":49},"end":{"line":58,"column":1}},"1":{"start":{"line":60,"column":24},"end":{"line":155,"column":3}},"2":{"start":{"line":60,"column":56},"end":{"line":155,"column":1}},"3":{"start":{"line":72,"column":8},"end":{"line":72,"column":28}},"4":{"start":{"line":76,"column":19},"end":{"line":76,"column":43}},"5":{"start":{"line":77,"column":8},"end":{"line":77,"column":24}},"6":{"start":{"line":77,"column":17},"end":{"line":77,"column":24}},"7":{"start":{"line":80,"column":31},"end":{"line":80,"column":46}},"8":{"start":{"line":81,"column":27},"end":{"line":81,"column":84}},"9":{"start":{"line":81,"column":62},"end":{"line":81,"column":70}},"10":{"start":{"line":83,"column":8},"end":{"line":83,"column":77}},"11":{"start":{"line":84,"column":8},"end":{"line":84,"column":50}},"12":{"start":{"line":86,"column":8},"end":{"line":86,"column":83}},"13":{"start":{"line":87,"column":8},"end":{"line":87,"column":37}},"14":{"start":{"line":91,"column":8},"end":{"line":91,"column":38}},"15":{"start":{"line":92,"column":8},"end":{"line":92,"column":62}},"16":{"start":{"line":93,"column":8},"end":{"line":93,"column":43}},"17":{"start":{"line":97,"column":23},"end":{"line":97,"column":60}},"18":{"start":{"line":98,"column":28},"end":{"line":98,"column":68}},"19":{"start":{"line":99,"column":26},"end":{"line":99,"column":68}},"20":{"start":{"line":101,"column":8},"end":{"line":101,"column":27}},"21":{"start":{"line":103,"column":8},"end":{"line":109,"column":9}},"22":{"start":{"line":104,"column":12},"end":{"line":104,"column":36}},"23":{"start":{"line":105,"column":12},"end":{"line":105,"column":34}},"24":{"start":{"line":113,"column":8},"end":{"line":113,"column":37}},"25":{"start":{"line":113,"column":30},"end":{"line":113,"column":37}},"26":{"start":{"line":114,"column":8},"end":{"line":114,"column":34}},"27":{"start":{"line":116,"column":8},"end":{"line":128,"column":9}},"28":{"start":{"line":117,"column":23},"end":{"line":120,"column":14}},"29":{"start":{"line":119,"column":16},"end":{"line":119,"column":77}},"30":{"start":{"line":122,"column":12},"end":{"line":125,"column":13}},"31":{"start":{"line":123,"column":16},"end":{"line":123,"column":55}},"32":{"start":{"line":124,"column":16},"end":{"line":124,"column":34}},"33":{"start":{"line":127,"column":12},"end":{"line":127,"column":39}},"34":{"start":{"line":132,"column":31},"end":{"line":132,"column":46}},"35":{"start":{"line":133,"column":27},"end":{"line":133,"column":63}},"36":{"start":{"line":133,"column":54},"end":{"line":133,"column":62}},"37":{"start":{"line":134,"column":8},"end":{"line":134,"column":77}},"38":{"start":{"line":135,"column":8},"end":{"line":135,"column":39}},"39":{"start":{"line":138,"column":16},"end":{"line":138,"column":45}},"40":{"start":{"line":139,"column":17},"end":{"line":139,"column":47}},"41":{"start":{"line":140,"column":16},"end":{"line":140,"column":45}},"42":{"start":{"line":141,"column":20},"end":{"line":141,"column":53}},"43":{"start":{"line":142,"column":20},"end":{"line":142,"column":55}},"44":{"start":{"line":143,"column":24},"end":{"line":143,"column":64}},"45":{"start":{"line":144,"column":25},"end":{"line":144,"column":64}},"46":{"start":{"line":145,"column":25},"end":{"line":145,"column":66}},"47":{"start":{"line":147,"column":26},"end":{"line":147,"column":68}},"48":{"start":{"line":148,"column":24},"end":{"line":148,"column":64}},"49":{"start":{"line":149,"column":26},"end":{"line":149,"column":68}},"50":{"start":{"line":150,"column":30},"end":{"line":150,"column":76}},"51":{"start":{"line":158,"column":0},"end":{"line":166,"column":3}},"52":{"start":{"line":159,"column":4},"end":{"line":159,"column":52}},"53":{"start":{"line":160,"column":4},"end":{"line":165,"column":5}},"54":{"start":{"line":162,"column":8},"end":{"line":162,"column":48}},"55":{"start":{"line":163,"column":8},"end":{"line":163,"column":47}},"56":{"start":{"line":164,"column":8},"end":{"line":164,"column":52}},"57":{"start":{"line":168,"column":0},"end":{"line":190,"column":3}},"58":{"start":{"line":169,"column":25},"end":{"line":169,"column":44}},"59":{"start":{"line":170,"column":24},"end":{"line":170,"column":53}},"60":{"start":{"line":172,"column":4},"end":{"line":172,"column":31}},"61":{"start":{"line":175,"column":4},"end":{"line":189,"column":5}},"62":{"start":{"line":176,"column":8},"end":{"line":178,"column":9}},"63":{"start":{"line":177,"column":12},"end":{"line":177,"column":70}},"64":{"start":{"line":180,"column":8},"end":{"line":186,"column":9}},"65":{"start":{"line":181,"column":12},"end":{"line":185,"column":13}},"66":{"start":{"line":182,"column":16},"end":{"line":182,"column":41}},"67":{"start":{"line":184,"column":16},"end":{"line":184,"column":42}},"68":{"start":{"line":188,"column":8},"end":{"line":188,"column":61}},"69":{"start":{"line":192,"column":0},"end":{"line":194,"column":3}},"70":{"start":{"line":193,"column":4},"end":{"line":193,"column":38}},"71":{"start":{"line":196,"column":0},"end":{"line":198,"column":3}},"72":{"start":{"line":197,"column":4},"end":{"line":197,"column":37}},"73":{"start":{"line":200,"column":0},"end":{"line":202,"column":3}},"74":{"start":{"line":201,"column":4},"end":{"line":201,"column":41}},"75":{"start":{"line":204,"column":0},"end":{"line":223,"column":3}},"76":{"start":{"line":205,"column":4},"end":{"line":205,"column":31}},"77":{"start":{"line":209,"column":4},"end":{"line":222,"column":5}},"78":{"start":{"line":210,"column":8},"end":{"line":221,"column":9}},"79":{"start":{"line":211,"column":29},"end":{"line":211,"column":60}},"80":{"start":{"line":212,"column":36},"end":{"line":212,"column":53}},"81":{"start":{"line":213,"column":29},"end":{"line":213,"column":76}},"82":{"start":{"line":215,"column":12},"end":{"line":218,"column":13}},"83":{"start":{"line":217,"column":16},"end":{"line":217,"column":62}}},"fnMap":{"0":{"name":"(anonymous_0)","decl":{"start":{"line":60,"column":41},"end":{"line":60,"column":42}},"loc":{"start":{"line":60,"column":56},"end":{"line":155,"column":1}},"line":60},"1":{"name":"(anonymous_1)","decl":{"start":{"line":71,"column":15},"end":{"line":71,"column":16}},"loc":{"start":{"line":71,"column":37},"end":{"line":73,"column":5}},"line":71},"2":{"name":"(anonymous_2)","decl":{"start":{"line":75,"column":13},"end":{"line":75,"column":14}},"loc":{"start":{"line":75,"column":42},"end":{"line":88,"column":5}},"line":75},"3":{"name":"(anonymous_3)","decl":{"start":{"line":81,"column":57},"end":{"line":81,"column":58}},"loc":{"start":{"line":81,"column":62},"end":{"line":81,"column":70}},"line":81},"4":{"name":"(anonymous_4)","decl":{"start":{"line":90,"column":16},"end":{"line":90,"column":17}},"loc":{"start":{"line":90,"column":22},"end":{"line":94,"column":5}},"line":90},"5":{"name":"(anonymous_5)","decl":{"start":{"line":96,"column":17},"end":{"line":96,"column":18}},"loc":{"start":{"line":96,"column":29},"end":{"line":110,"column":5}},"line":96},"6":{"name":"(anonymous_6)","decl":{"start":{"line":112,"column":15},"end":{"line":112,"column":16}},"loc":{"start":{"line":112,"column":27},"end":{"line":129,"column":5}},"line":112},"7":{"name":"(anonymous_7)","decl":{"start":{"line":117,"column":58},"end":{"line":117,"column":59}},"loc":{"start":{"line":117,"column":72},"end":{"line":120,"column":13}},"line":117},"8":{"name":"(anonymous_8)","decl":{"start":{"line":131,"column":20},"end":{"line":131,"column":21}},"loc":{"start":{"line":131,"column":42},"end":{"line":136,"column":5}},"line":131},"9":{"name":"(anonymous_9)","decl":{"start":{"line":133,"column":49},"end":{"line":133,"column":50}},"loc":{"start":{"line":133,"column":54},"end":{"line":133,"column":62}},"line":133},"10":{"name":"(anonymous_10)","decl":{"start":{"line":138,"column":10},"end":{"line":138,"column":11}},"loc":{"start":{"line":138,"column":16},"end":{"line":138,"column":45}},"line":138},"11":{"name":"(anonymous_11)","decl":{"start":{"line":139,"column":11},"end":{"line":139,"column":12}},"loc":{"start":{"line":139,"column":17},"end":{"line":139,"column":47}},"line":139},"12":{"name":"(anonymous_12)","decl":{"start":{"line":140,"column":10},"end":{"line":140,"column":11}},"loc":{"start":{"line":140,"column":16},"end":{"line":140,"column":45}},"line":140},"13":{"name":"(anonymous_13)","decl":{"start":{"line":141,"column":14},"end":{"line":141,"column":15}},"loc":{"start":{"line":141,"column":20},"end":{"line":141,"column":53}},"line":141},"14":{"name":"(anonymous_14)","decl":{"start":{"line":142,"column":10},"end":{"line":142,"column":11}},"loc":{"start":{"line":142,"column":20},"end":{"line":142,"column":55}},"line":142},"15":{"name":"(anonymous_15)","decl":{"start":{"line":143,"column":15},"end":{"line":143,"column":16}},"loc":{"start":{"line":143,"column":24},"end":{"line":143,"column":64}},"line":143},"16":{"name":"(anonymous_16)","decl":{"start":{"line":144,"column":19},"end":{"line":144,"column":20}},"loc":{"start":{"line":144,"column":25},"end":{"line":144,"column":64}},"line":144},"17":{"name":"(anonymous_17)","decl":{"start":{"line":145,"column":15},"end":{"line":145,"column":16}},"loc":{"start":{"line":145,"column":25},"end":{"line":145,"column":66}},"line":145},"18":{"name":"(anonymous_18)","decl":{"start":{"line":147,"column":15},"end":{"line":147,"column":16}},"loc":{"start":{"line":147,"column":26},"end":{"line":147,"column":68}},"line":147},"19":{"name":"(anonymous_19)","decl":{"start":{"line":148,"column":15},"end":{"line":148,"column":16}},"loc":{"start":{"line":148,"column":24},"end":{"line":148,"column":64}},"line":148},"20":{"name":"(anonymous_20)","decl":{"start":{"line":149,"column":18},"end":{"line":149,"column":19}},"loc":{"start":{"line":149,"column":26},"end":{"line":149,"column":68}},"line":149},"21":{"name":"(anonymous_21)","decl":{"start":{"line":150,"column":17},"end":{"line":150,"column":18}},"loc":{"start":{"line":150,"column":30},"end":{"line":150,"column":76}},"line":150},"22":{"name":"(anonymous_22)","decl":{"start":{"line":158,"column":41},"end":{"line":158,"column":42}},"loc":{"start":{"line":158,"column":53},"end":{"line":166,"column":1}},"line":158},"23":{"name":"(anonymous_23)","decl":{"start":{"line":168,"column":37},"end":{"line":168,"column":38}},"loc":{"start":{"line":168,"column":78},"end":{"line":190,"column":1}},"line":168},"24":{"name":"(anonymous_24)","decl":{"start":{"line":192,"column":39},"end":{"line":192,"column":40}},"loc":{"start":{"line":192,"column":55},"end":{"line":194,"column":1}},"line":192},"25":{"name":"(anonymous_25)","decl":{"start":{"line":196,"column":38},"end":{"line":196,"column":39}},"loc":{"start":{"line":196,"column":53},"end":{"line":198,"column":1}},"line":196},"26":{"name":"(anonymous_26)","decl":{"start":{"line":200,"column":34},"end":{"line":200,"column":35}},"loc":{"start":{"line":200,"column":53},"end":{"line":202,"column":1}},"line":200},"27":{"name":"(anonymous_27)","decl":{"start":{"line":204,"column":35},"end":{"line":204,"column":36}},"loc":{"start":{"line":204,"column":54},"end":{"line":223,"column":1}},"line":204}},"branchMap":{"0":{"loc":{"start":{"line":76,"column":19},"end":{"line":76,"column":43}},"type":"binary-expr","locations":[{"start":{"line":76,"column":19},"end":{"line":76,"column":27}},{"start":{"line":76,"column":31},"end":{"line":76,"column":43}}],"line":76},"1":{"loc":{"start":{"line":77,"column":8},"end":{"line":77,"column":24}},"type":"if","locations":[{"start":{"line":77,"column":8},"end":{"line":77,"column":24}},{"start":{},"end":{}}],"line":77},"2":{"loc":{"start":{"line":99,"column":26},"end":{"line":99,"column":68}},"type":"cond-expr","locations":[{"start":{"line":99,"column":40},"end":{"line":99,"column":63}},{"start":{"line":99,"column":66},"end":{"line":99,"column":68}}],"line":99},"3":{"loc":{"start":{"line":103,"column":8},"end":{"line":109,"column":9}},"type":"if","locations":[{"start":{"line":103,"column":8},"end":{"line":109,"column":9}},{"start":{"line":106,"column":15},"end":{"line":109,"column":9}}],"line":103},"4":{"loc":{"start":{"line":113,"column":8},"end":{"line":113,"column":37}},"type":"if","locations":[{"start":{"line":113,"column":8},"end":{"line":113,"column":37}},{"start":{},"end":{}}],"line":113},"5":{"loc":{"start":{"line":122,"column":12},"end":{"line":125,"column":13}},"type":"if","locations":[{"start":{"line":122,"column":12},"end":{"line":125,"column":13}},{"start":{},"end":{}}],"line":122},"6":{"loc":{"start":{"line":160,"column":4},"end":{"line":165,"column":5}},"type":"if","locations":[{"start":{"line":160,"column":4},"end":{"line":165,"column":5}},{"start":{},"end":{}}],"line":160},"7":{"loc":{"start":{"line":176,"column":8},"end":{"line":178,"column":9}},"type":"if","locations":[{"start":{"line":176,"column":8},"end":{"line":178,"column":9}},{"start":{},"end":{}}],"line":176},"8":{"loc":{"start":{"line":176,"column":12},"end":{"line":176,"column":75}},"type":"binary-expr","locations":[{"start":{"line":176,"column":12},"end":{"line":176,"column":32}},{"start":{"line":176,"column":36},"end":{"line":176,"column":75}}],"line":176},"9":{"loc":{"start":{"line":180,"column":8},"end":{"line":186,"column":9}},"type":"if","locations":[{"start":{"line":180,"column":8},"end":{"line":186,"column":9}},{"start":{},"end":{}}],"line":180},"10":{"loc":{"start":{"line":181,"column":12},"end":{"line":185,"column":13}},"type":"if","locations":[{"start":{"line":181,"column":12},"end":{"line":185,"column":13}},{"start":{"line":183,"column":19},"end":{"line":185,"column":13}}],"line":181},"11":{"loc":{"start":{"line":209,"column":4},"end":{"line":222,"column":5}},"type":"if","locations":[{"start":{"line":209,"column":4},"end":{"line":222,"column":5}},{"start":{},"end":{}}],"line":209},"12":{"loc":{"start":{"line":215,"column":12},"end":{"line":218,"column":13}},"type":"if","locations":[{"start":{"line":215,"column":12},"end":{"line":218,"column":13}},{"start":{},"end":{}}],"line":215}},"s":{"0":1,"1":1,"2":1,"3":0,"4":1,"5":1,"6":0,"7":1,"8":1,"9":0,"10":1,"11":1,"12":1,"13":1,"14":1,"15":1,"16":1,"17":0,"18":0,"19":0,"20":0,"21":0,"22":0,"23":0,"24":0,"25":0,"26":0,"27":0,"28":0,"29":0,"30":0,"31":0,"32":0,"33":0,"34":0,"35":0,"36":0,"37":0,"38":0,"39":1,"40":1,"41":0,"42":0,"43":0,"44":0,"45":0,"46":0,"47":0,"48":0,"49":0,"50":0,"51":1,"52":0,"53":0,"54":0,"55":0,"56":0,"57":1,"58":0,"59":0,"60":0,"61":0,"62":0,"63":0,"64":0,"65":0,"66":0,"67":0,"68":0,"69":1,"70":0,"71":1,"72":0,"73":1,"74":0,"75":1,"76":0,"77":0,"78":0,"79":0,"80":0,"81":0,"82":0,"83":0},"f":{"0":1,"1":0,"2":1,"3":0,"4":1,"5":0,"6":0,"7":0,"8":0,"9":0,"10":1,"11":1,"12":0,"13":0,"14":0,"15":0,"16":0,"17":0,"18":0,"19":0,"20":0,"21":0,"22":0,"23":0,"24":0,"25":0,"26":0,"27":0},"b":{"0":[1,0],"1":[0,1],"2":[0,0],"3":[0,0],"4":[0,0],"5":[0,0],"6":[0,0],"7":[0,0],"8":[0,0],"9":[0,0],"10":[0,0],"11":[0,0],"12":[0,0]},"_coverageSchema":"1a1c01bbd47fc00a2c39e90264f33305004495a9","hash":"99577e0def8e5188eefdba633f84efa369ed8581"}
,"D:\\eremef\\Documents\\AI\\antigravity\\Bandcamp-player\\mobile\\types\\safe-area-context.d.ts": {"path":"D:\\eremef\\Documents\\AI\\antigravity\\Bandcamp-player\\mobile\\types\\safe-area-context.d.ts","statementMap":{},"fnMap":{},"branchMap":{},"s":{},"f":{},"b":{}}
}
