TN:
SF:app\+not-found.tsx
FN:5,NotFoundScreen
FN:8,(anonymous_1)
FN:11,(anonymous_2)
FN:14,(anonymous_3)
FN:22,(anonymous_4)
FNF:5
FNH:0
FNDA:0,NotFoundScreen
FNDA:0,(anonymous_1)
FNDA:0,(anonymous_2)
FNDA:0,(anonymous_3)
FNDA:0,(anonymous_4)
DA:6,0
DA:8,0
DA:11,0
DA:12,0
DA:14,0
DA:17,0
DA:22,0
DA:30,0
LF:8
LH:0
BRF:0
BRH:0
end_of_record
TN:
SF:app\_layout.tsx
FN:10,(anonymous_0)
FN:13,RootLayout
FN:14,(anonymous_2)
FN:18,(anonymous_3)
FN:22,(anonymous_4)
FNF:5
FNH:0
FNDA:0,(anonymous_0)
FNDA:0,RootLayout
FNDA:0,(anonymous_2)
FNDA:0,(anonymous_3)
FNDA:0,(anonymous_4)
DA:10,0
DA:14,0
DA:15,0
DA:16,0
DA:18,0
DA:19,0
DA:22,0
DA:24,0
DA:27,0
DA:28,0
DA:29,0
DA:31,0
DA:35,0
LF:13
LH:0
BRDA:27,0,0,0
BRDA:27,0,1,0
BRDA:27,1,0,0
BRDA:27,1,1,0
BRDA:29,2,0,0
BRDA:29,2,1,0
BRDA:29,3,0,0
BRDA:29,3,1,0
BRF:8
BRH:0
end_of_record
TN:
SF:app\index.tsx
FN:7,ConnectScreen
FN:12,(anonymous_1)
FN:14,(anonymous_2)
FN:21,(anonymous_3)
FN:25,(anonymous_4)
FN:37,(anonymous_5)
FN:69,(anonymous_6)
FN:81,(anonymous_7)
FN:102,(anonymous_8)
FN:106,(anonymous_9)
FN:111,(anonymous_10)
FNF:11
FNH:0
FNDA:0,ConnectScreen
FNDA:0,(anonymous_1)
FNDA:0,(anonymous_2)
FNDA:0,(anonymous_3)
FNDA:0,(anonymous_4)
FNDA:0,(anonymous_5)
FNDA:0,(anonymous_6)
FNDA:0,(anonymous_7)
FNDA:0,(anonymous_8)
FNDA:0,(anonymous_9)
FNDA:0,(anonymous_10)
DA:8,0
DA:9,0
DA:10,0
DA:12,0
DA:14,0
DA:15,0
DA:16,0
DA:18,0
DA:21,0
DA:22,0
DA:25,0
DA:26,0
DA:27,0
DA:28,0
DA:31,0
DA:32,0
DA:37,0
DA:45,0
DA:69,0
DA:81,0
DA:103,0
DA:106,0
DA:111,0
DA:124,0
LF:24
LH:0
BRDA:26,0,0,0
BRDA:26,0,1,0
BRDA:31,1,0,0
BRDA:31,1,1,0
BRDA:31,2,0,0
BRDA:31,2,1,0
BRDA:68,3,0,0
BRDA:68,3,1,0
BRDA:72,4,0,0
BRDA:72,4,1,0
BRDA:80,5,0,0
BRDA:80,5,1,0
BRDA:82,6,0,0
BRDA:82,6,1,0
BRDA:84,7,0,0
BRDA:84,7,1,0
BRDA:91,8,0,0
BRDA:91,8,1,0
BRDA:91,8,2,0
BRDA:91,8,3,0
BRDA:99,9,0,0
BRDA:99,9,1,0
BRF:22
BRH:0
end_of_record
TN:
SF:app\(tabs)\_layout.tsx
FN:8,TabLayout
FN:9,(anonymous_1)
FN:35,(anonymous_2)
FN:42,(anonymous_3)
FN:49,(anonymous_4)
FN:56,(anonymous_5)
FNF:6
FNH:0
FNDA:0,TabLayout
FNDA:0,(anonymous_1)
FNDA:0,(anonymous_2)
FNDA:0,(anonymous_3)
FNDA:0,(anonymous_4)
FNDA:0,(anonymous_5)
DA:9,0
DA:10,0
DA:12,0
DA:13,0
DA:16,0
DA:35,0
DA:42,0
DA:49,0
DA:56,0
LF:9
LH:0
BRDA:12,0,0,0
BRDA:12,0,1,0
BRDA:23,1,0,0
BRDA:23,1,1,0
BRDA:24,2,0,0
BRDA:24,2,1,0
BRF:6
BRH:0
end_of_record
TN:
SF:app\(tabs)\collection.tsx
FN:10,CollectionScreen
FN:11,(anonymous_1)
FN:12,(anonymous_2)
FN:13,(anonymous_3)
FN:14,(anonymous_4)
FN:17,(anonymous_5)
FN:22,(anonymous_6)
FN:38,(anonymous_7)
FN:44,(anonymous_8)
FN:58,(anonymous_9)
FN:67,(anonymous_10)
FN:76,(anonymous_11)
FN:92,(anonymous_12)
FN:149,(anonymous_13)
FNF:14
FNH:0
FNDA:0,CollectionScreen
FNDA:0,(anonymous_1)
FNDA:0,(anonymous_2)
FNDA:0,(anonymous_3)
FNDA:0,(anonymous_4)
FNDA:0,(anonymous_5)
FNDA:0,(anonymous_6)
FNDA:0,(anonymous_7)
FNDA:0,(anonymous_8)
FNDA:0,(anonymous_9)
FNDA:0,(anonymous_10)
FNDA:0,(anonymous_11)
FNDA:0,(anonymous_12)
FNDA:0,(anonymous_13)
DA:11,0
DA:12,0
DA:13,0
DA:14,0
DA:15,0
DA:17,0
DA:18,0
DA:19,0
DA:21,0
DA:22,0
DA:23,0
DA:24,0
DA:28,0
DA:29,0
DA:34,0
DA:38,0
DA:39,0
DA:40,0
DA:44,0
DA:45,0
DA:46,0
DA:47,0
DA:50,0
DA:51,0
DA:53,0
DA:58,0
DA:59,0
DA:68,0
DA:69,0
DA:76,0
DA:79,0
DA:80,0
DA:81,0
DA:82,0
DA:83,0
DA:84,0
DA:85,0
DA:86,0
DA:88,0
DA:91,0
DA:92,0
DA:108,0
DA:109,0
DA:119,0
DA:149,0
DA:158,0
LF:46
LH:0
BRDA:18,0,0,0
BRDA:18,0,1,0
BRDA:19,1,0,0
BRDA:19,1,1,0
BRDA:23,2,0,0
BRDA:23,2,1,0
BRDA:23,3,0,0
BRDA:23,3,1,0
BRDA:25,4,0,0
BRDA:25,4,1,0
BRDA:28,5,0,0
BRDA:28,5,1,0
BRDA:28,6,0,0
BRDA:28,6,1,0
BRDA:30,7,0,0
BRDA:30,7,1,0
BRDA:39,8,0,0
BRDA:39,8,1,0
BRDA:45,9,0,0
BRDA:45,9,1,0
BRDA:45,10,0,0
BRDA:45,10,1,0
BRDA:47,11,0,0
BRDA:47,11,1,0
BRDA:47,12,0,0
BRDA:47,12,1,0
BRDA:50,13,0,0
BRDA:50,13,1,0
BRDA:79,14,0,0
BRDA:79,14,1,0
BRDA:79,15,0,0
BRDA:79,15,1,0
BRDA:83,16,0,0
BRDA:83,16,1,0
BRDA:83,17,0,0
BRDA:83,17,1,0
BRDA:93,18,0,0
BRDA:93,18,1,0
BRDA:108,19,0,0
BRDA:108,19,1,0
BRF:40
BRH:0
end_of_record
TN:
SF:app\(tabs)\player.tsx
FN:9,PlayerScreen
FN:30,(anonymous_1)
FN:39,(anonymous_2)
FN:48,(anonymous_3)
FN:141,(anonymous_4)
FN:156,(anonymous_5)
FN:168,(anonymous_6)
FN:172,(anonymous_7)
FNF:8
FNH:0
FNDA:0,PlayerScreen
FNDA:0,(anonymous_1)
FNDA:0,(anonymous_2)
FNDA:0,(anonymous_3)
FNDA:0,(anonymous_4)
FNDA:0,(anonymous_5)
FNDA:0,(anonymous_6)
FNDA:0,(anonymous_7)
DA:10,0
DA:28,0
DA:30,0
DA:31,0
DA:40,0
DA:41,0
DA:48,0
DA:49,0
DA:50,0
DA:51,0
DA:54,0
DA:142,0
DA:143,0
DA:156,0
DA:168,0
DA:172,0
DA:197,0
LF:17
LH:0
BRDA:67,0,0,0
BRDA:67,0,1,0
BRDA:67,1,0,0
BRDA:67,1,1,0
BRDA:75,2,0,0
BRDA:75,2,1,0
BRDA:84,3,0,0
BRDA:84,3,1,0
BRDA:87,4,0,0
BRDA:87,4,1,0
BRDA:90,5,0,0
BRDA:90,5,1,0
BRDA:103,6,0,0
BRDA:103,6,1,0
BRDA:104,7,0,0
BRDA:104,7,1,0
BRDA:119,8,0,0
BRDA:119,8,1,0
BRDA:128,9,0,0
BRDA:128,9,1,0
BRDA:130,10,0,0
BRDA:130,10,1,0
BRDA:142,11,0,0
BRDA:142,11,1,0
BRDA:142,12,0,0
BRDA:142,12,1,0
BRDA:145,13,0,0
BRDA:145,13,1,0
BRDA:146,14,0,0
BRDA:146,14,1,0
BRDA:159,15,0,0
BRDA:159,15,1,0
BRDA:180,16,0,0
BRDA:180,16,1,0
BRDA:187,17,0,0
BRDA:187,17,1,0
BRF:36
BRH:0
end_of_record
TN:
SF:app\(tabs)\playlists.tsx
FN:9,PlaylistsScreen
FN:10,(anonymous_1)
FN:11,(anonymous_2)
FN:12,(anonymous_3)
FN:14,(anonymous_4)
FN:18,(anonymous_5)
FN:27,(anonymous_6)
FN:36,(anonymous_7)
FN:46,(anonymous_8)
FN:48,(anonymous_9)
FN:83,(anonymous_10)
FNF:11
FNH:0
FNDA:0,PlaylistsScreen
FNDA:0,(anonymous_1)
FNDA:0,(anonymous_2)
FNDA:0,(anonymous_3)
FNDA:0,(anonymous_4)
FNDA:0,(anonymous_5)
FNDA:0,(anonymous_6)
FNDA:0,(anonymous_7)
FNDA:0,(anonymous_8)
FNDA:0,(anonymous_9)
FNDA:0,(anonymous_10)
DA:10,0
DA:11,0
DA:12,0
DA:14,0
DA:15,0
DA:18,0
DA:19,0
DA:28,0
DA:29,0
DA:36,0
DA:37,0
DA:38,0
DA:39,0
DA:40,0
DA:41,0
DA:43,0
DA:46,0
DA:47,0
DA:48,0
DA:66,0
DA:83,0
DA:91,0
LF:22
LH:0
BRDA:37,0,0,0
BRDA:37,0,1,0
BRDA:40,1,0,0
BRDA:40,1,1,0
BRDA:49,2,0,0
BRDA:49,2,1,0
BRDA:75,3,0,0
BRDA:75,3,1,0
BRF:8
BRH:0
end_of_record
TN:
SF:app\(tabs)\radio.tsx
FN:9,RadioScreen
FN:10,(anonymous_1)
FN:11,(anonymous_2)
FN:12,(anonymous_3)
FN:14,(anonymous_4)
FN:18,(anonymous_5)
FN:27,(anonymous_6)
FN:36,(anonymous_7)
FN:38,(anonymous_8)
FN:74,(anonymous_9)
FNF:10
FNH:0
FNDA:0,RadioScreen
FNDA:0,(anonymous_1)
FNDA:0,(anonymous_2)
FNDA:0,(anonymous_3)
FNDA:0,(anonymous_4)
FNDA:0,(anonymous_5)
FNDA:0,(anonymous_6)
FNDA:0,(anonymous_7)
FNDA:0,(anonymous_8)
FNDA:0,(anonymous_9)
DA:10,0
DA:11,0
DA:12,0
DA:14,0
DA:15,0
DA:18,0
DA:19,0
DA:28,0
DA:29,0
DA:36,0
DA:37,0
DA:38,0
DA:57,0
DA:74,0
DA:82,0
LF:15
LH:0
BRDA:39,0,0,0
BRDA:39,0,1,0
BRDA:48,1,0,0
BRDA:48,1,1,0
BRDA:66,2,0,0
BRDA:66,2,1,0
BRF:6
BRH:0
end_of_record
TN:
SF:services\TrackPlayerService.ts
FN:4,PlaybackService
FN:5,(anonymous_1)
FN:9,(anonymous_2)
FN:13,(anonymous_3)
FN:17,(anonymous_4)
FN:21,(anonymous_5)
FN:25,(anonymous_6)
FN:30,(anonymous_7)
FN:35,(anonymous_8)
FNF:9
FNH:9
FNDA:9,PlaybackService
FNDA:1,(anonymous_1)
FNDA:1,(anonymous_2)
FNDA:1,(anonymous_3)
FNDA:1,(anonymous_4)
FNDA:1,(anonymous_5)
FNDA:1,(anonymous_6)
FNDA:1,(anonymous_7)
FNDA:1,(anonymous_8)
DA:5,9
DA:6,1
DA:9,9
DA:10,1
DA:13,9
DA:14,1
DA:17,9
DA:18,1
DA:21,9
DA:22,1
DA:25,9
DA:26,1
DA:27,1
DA:30,9
DA:31,1
DA:32,1
DA:35,9
DA:36,1
LF:18
LH:18
BRF:0
BRH:0
end_of_record
TN:
SF:services\WebSocketService.ts
FN:11,(anonymous_0)
FN:17,(anonymous_1)
FN:26,(anonymous_2)
FN:32,(anonymous_3)
FN:41,(anonymous_4)
FN:49,(anonymous_5)
FN:54,(anonymous_6)
FN:62,(anonymous_7)
FN:67,(anonymous_8)
FN:70,(anonymous_9)
FN:72,(anonymous_10)
FN:75,(anonymous_11)
FN:77,(anonymous_12)
FN:81,(anonymous_13)
FN:84,(anonymous_14)
FN:90,(anonymous_15)
FN:97,(anonymous_16)
FNF:17
FNH:16
FNDA:5,(anonymous_0)
FNDA:6,(anonymous_1)
FNDA:5,(anonymous_2)
FNDA:1,(anonymous_3)
FNDA:2,(anonymous_4)
FNDA:0,(anonymous_5)
FNDA:1,(anonymous_6)
FNDA:3,(anonymous_7)
FNDA:1,(anonymous_8)
FNDA:1,(anonymous_9)
FNDA:1,(anonymous_10)
FNDA:10,(anonymous_11)
FNDA:9,(anonymous_12)
FNDA:2,(anonymous_13)
FNDA:1,(anonymous_14)
FNDA:12,(anonymous_15)
FNDA:7,(anonymous_16)
DA:5,1
DA:6,1
DA:7,1
DA:8,1
DA:9,1
DA:12,5
DA:13,5
DA:14,5
DA:18,6
DA:19,6
DA:20,1
DA:23,6
DA:24,6
DA:26,6
DA:27,5
DA:28,5
DA:29,5
DA:32,6
DA:33,1
DA:34,1
DA:35,1
DA:37,0
DA:41,6
DA:42,2
DA:43,2
DA:44,2
DA:45,2
DA:49,6
DA:50,0
DA:55,1
DA:56,1
DA:58,0
DA:63,3
DA:64,3
DA:66,3
DA:67,3
DA:71,1
DA:72,1
DA:76,10
DA:77,10
DA:82,2
DA:83,2
DA:84,2
DA:85,1
DA:86,1
DA:91,12
DA:92,2
DA:93,2
DA:98,7
DA:99,7
DA:100,7
DA:101,5
DA:102,5
DA:107,1
LF:54
LH:51
BRDA:11,0,0,4
BRDA:18,1,0,0
BRDA:18,1,1,6
BRDA:19,2,0,1
BRDA:19,2,1,5
BRDA:44,3,0,2
BRDA:44,3,1,0
BRDA:55,4,0,1
BRDA:55,4,1,0
BRDA:55,5,0,1
BRDA:55,5,1,1
BRDA:63,6,0,3
BRDA:63,6,1,0
BRDA:71,7,0,0
BRDA:71,7,1,1
BRDA:76,8,0,10
BRDA:76,8,1,0
BRDA:82,9,0,0
BRDA:82,9,1,2
BRDA:91,10,0,2
BRDA:91,10,1,10
BRDA:100,11,0,5
BRDA:100,11,1,2
BRF:23
BRH:16
end_of_record
TN:
SF:services\discovery.service.ts
FN:7,(anonymous_0)
FN:16,(anonymous_1)
FN:38,(anonymous_2)
FN:50,(anonymous_3)
FN:51,(anonymous_4)
FN:53,(anonymous_5)
FN:59,(anonymous_6)
FN:69,(anonymous_7)
FNF:8
FNH:7
FNDA:4,(anonymous_0)
FNDA:3,(anonymous_1)
FNDA:608,(anonymous_2)
FNDA:608,(anonymous_3)
FNDA:608,(anonymous_4)
FNDA:0,(anonymous_5)
FNDA:1,(anonymous_6)
FNDA:607,(anonymous_7)
DA:4,1
DA:5,1
DA:8,4
DA:9,4
DA:11,0
DA:12,0
DA:17,3
DA:18,3
DA:20,3
DA:21,3
DA:24,3
DA:25,3
DA:27,3
DA:28,31
DA:29,31
DA:30,608
DA:34,608
DA:37,31
DA:38,608
DA:40,31
DA:42,30
DA:43,13
DA:47,2
DA:51,608
DA:52,608
DA:53,608
DA:55,608
DA:60,1
DA:63,1
DA:64,1
DA:66,0
DA:70,607
LF:32
LH:29
BRDA:18,0,0,0
BRDA:18,0,1,3
BRDA:29,1,0,639
BRDA:29,1,1,610
BRDA:40,2,0,1
BRDA:40,2,1,30
BRDA:42,3,0,13
BRDA:42,3,1,17
BRDA:63,4,0,1
BRDA:63,4,1,0
BRDA:63,5,0,1
BRDA:63,5,1,0
BRF:12
BRH:9
end_of_record
TN:
SF:services\player.ts
FN:6,setupPlayer
FN:37,addTrack
FNF:2
FNH:2
FNDA:3,setupPlayer
FNDA:4,addTrack
DA:7,3
DA:8,3
DA:9,3
DA:10,1
DA:11,1
DA:15,3
DA:16,2
DA:17,2
DA:32,2
DA:34,3
DA:42,4
DA:45,4
DA:46,2
DA:49,4
DA:50,4
DA:60,4
LF:16
LH:16
BRDA:10,0,0,1
BRDA:10,0,1,0
BRDA:15,1,0,2
BRDA:15,1,1,1
BRDA:45,2,0,2
BRDA:45,2,1,2
BRDA:45,3,0,4
BRDA:45,3,1,2
BRDA:45,3,2,1
BRF:9
BRH:8
end_of_record
TN:
SF:store\index.ts
FN:60,(anonymous_0)
FN:71,(anonymous_1)
FN:75,(anonymous_2)
FN:81,(anonymous_3)
FN:90,(anonymous_4)
FN:96,(anonymous_5)
FN:112,(anonymous_6)
FN:117,(anonymous_7)
FN:131,(anonymous_8)
FN:133,(anonymous_9)
FN:138,(anonymous_10)
FN:139,(anonymous_11)
FN:140,(anonymous_12)
FN:141,(anonymous_13)
FN:142,(anonymous_14)
FN:143,(anonymous_15)
FN:144,(anonymous_16)
FN:145,(anonymous_17)
FN:147,(anonymous_18)
FN:148,(anonymous_19)
FN:149,(anonymous_20)
FN:150,(anonymous_21)
FN:158,(anonymous_22)
FN:168,(anonymous_23)
FN:192,(anonymous_24)
FN:196,(anonymous_25)
FN:200,(anonymous_26)
FN:204,(anonymous_27)
FNF:28
FNH:5
FNDA:1,(anonymous_0)
FNDA:0,(anonymous_1)
FNDA:1,(anonymous_2)
FNDA:0,(anonymous_3)
FNDA:1,(anonymous_4)
FNDA:0,(anonymous_5)
FNDA:0,(anonymous_6)
FNDA:0,(anonymous_7)
FNDA:0,(anonymous_8)
FNDA:0,(anonymous_9)
FNDA:1,(anonymous_10)
FNDA:1,(anonymous_11)
FNDA:0,(anonymous_12)
FNDA:0,(anonymous_13)
FNDA:0,(anonymous_14)
FNDA:0,(anonymous_15)
FNDA:0,(anonymous_16)
FNDA:0,(anonymous_17)
FNDA:0,(anonymous_18)
FNDA:0,(anonymous_19)
FNDA:0,(anonymous_20)
FNDA:0,(anonymous_21)
FNDA:0,(anonymous_22)
FNDA:0,(anonymous_23)
FNDA:0,(anonymous_24)
FNDA:0,(anonymous_25)
FNDA:0,(anonymous_26)
FNDA:0,(anonymous_27)
DA:49,1
DA:60,1
DA:72,0
DA:76,1
DA:77,1
DA:80,1
DA:81,1
DA:83,1
DA:84,1
DA:86,1
DA:87,1
DA:91,1
DA:92,1
DA:93,1
DA:97,0
DA:98,0
DA:99,0
DA:101,0
DA:103,0
DA:104,0
DA:105,0
DA:113,0
DA:114,0
DA:116,0
DA:117,0
DA:119,0
DA:122,0
DA:123,0
DA:124,0
DA:127,0
DA:132,0
DA:133,0
DA:134,0
DA:135,0
DA:138,1
DA:139,1
DA:140,0
DA:141,0
DA:142,0
DA:143,0
DA:144,0
DA:145,0
DA:147,0
DA:148,0
DA:149,0
DA:150,0
DA:158,1
DA:159,0
DA:160,0
DA:162,0
DA:163,0
DA:164,0
DA:168,1
DA:169,0
DA:170,0
DA:172,0
DA:175,0
DA:176,0
DA:177,0
DA:180,0
DA:181,0
DA:182,0
DA:184,0
DA:188,0
DA:192,1
DA:193,0
DA:196,1
DA:197,0
DA:200,1
DA:201,0
DA:204,1
DA:205,0
DA:209,0
DA:210,0
DA:211,0
DA:212,0
DA:213,0
DA:215,0
DA:217,0
LF:79
LH:21
BRDA:76,0,0,1
BRDA:76,0,1,0
BRDA:77,1,0,0
BRDA:77,1,1,1
BRDA:99,2,0,0
BRDA:99,2,1,0
BRDA:103,3,0,0
BRDA:103,3,1,0
BRDA:113,4,0,0
BRDA:113,4,1,0
BRDA:122,5,0,0
BRDA:122,5,1,0
BRDA:160,6,0,0
BRDA:160,6,1,0
BRDA:176,7,0,0
BRDA:176,7,1,0
BRDA:176,8,0,0
BRDA:176,8,1,0
BRDA:180,9,0,0
BRDA:180,9,1,0
BRDA:181,10,0,0
BRDA:181,10,1,0
BRDA:209,11,0,0
BRDA:209,11,1,0
BRDA:215,12,0,0
BRDA:215,12,1,0
BRF:26
BRH:2
end_of_record
TN:
SF:types\safe-area-context.d.ts
FNF:0
FNH:0
LF:0
LH:0
BRF:0
BRH:0
end_of_record
